12/04/2021 11:54:05: [Método: Void HandleErrorHelper(Int32, Oracle.DataAccess.Client.OracleConnection, IntPtr, Oracle.DataAccess.Client.OpoSqlValCtx*, System.Object, System.String, Boolean, Int32, Oracle.DataAccess.Client.OracleLogicalTransaction), Línea: 0] - ORA-00904: "MINEM"."MIGI"."ENTIDAD"."ANIOBE": identificador no válido
ORA-06512: en "MIGI.PKG_MIGI_FILTRO", línea 31
ORA-06512: en línea 1
12/04/2021 11:54:05: [Método: Void HandleError(Int32, Oracle.DataAccess.Client.OracleConnection, System.String, IntPtr, Oracle.DataAccess.Client.OpoSqlValCtx*, System.Object, Boolean, Oracle.DataAccess.Client.OracleLogicalTransaction), Línea: 0] - ORA-00904: "MINEM"."MIGI"."ENTIDAD"."ANIOBE": identificador no válido
ORA-06512: en "MIGI.PKG_MIGI_FILTRO", línea 31
ORA-06512: en línea 1
12/04/2021 11:54:05: [Método: Oracle.DataAccess.Client.OracleDataReader ExecuteReader(Boolean, Boolean, System.Data.CommandBehavior), Línea: 0] - ORA-00904: "MINEM"."MIGI"."ENTIDAD"."ANIOBE": identificador no válido
ORA-06512: en "MIGI.PKG_MIGI_FILTRO", línea 31
ORA-06512: en línea 1
12/04/2021 11:54:05: [Método: System.Data.Common.DbDataReader ExecuteDbDataReader(System.Data.CommandBehavior), Línea: 0] - ORA-00904: "MINEM"."MIGI"."ENTIDAD"."ANIOBE": identificador no válido
ORA-06512: en "MIGI.PKG_MIGI_FILTRO", línea 31
ORA-06512: en línea 1
12/04/2021 11:54:05: [Método: System.Data.IDataReader System.Data.IDbCommand.ExecuteReader(System.Data.CommandBehavior), Línea: 0] - ORA-00904: "MINEM"."MIGI"."ENTIDAD"."ANIOBE": identificador no válido
ORA-06512: en "MIGI.PKG_MIGI_FILTRO", línea 31
ORA-06512: en línea 1
12/04/2021 11:54:05: [Método: System.Data.IDataReader ExecuteReaderWithFlagsFallback(System.Data.IDbCommand, Boolean, System.Data.CommandBehavior), Línea: 0] - ORA-00904: "MINEM"."MIGI"."ENTIDAD"."ANIOBE": identificador no válido
ORA-06512: en "MIGI.PKG_MIGI_FILTRO", línea 31
ORA-06512: en línea 1
12/04/2021 11:54:05: [Método: Boolean MoveNext(), Línea: 0] - ORA-00904: "MINEM"."MIGI"."ENTIDAD"."ANIOBE": identificador no válido
ORA-06512: en "MIGI.PKG_MIGI_FILTRO", línea 31
ORA-06512: en línea 1
12/04/2021 11:54:05: [Método: Void .ctor(System.Collections.Generic.IEnumerable`1[T]), Línea: 0] - ORA-00904: "MINEM"."MIGI"."ENTIDAD"."ANIOBE": identificador no válido
ORA-06512: en "MIGI.PKG_MIGI_FILTRO", línea 31
ORA-06512: en línea 1
12/04/2021 11:54:05: [Método: System.Collections.Generic.List`1[TSource] ToList[TSource](System.Collections.Generic.IEnumerable`1[TSource]), Línea: 0] - ORA-00904: "MINEM"."MIGI"."ENTIDAD"."ANIOBE": identificador no válido
ORA-06512: en "MIGI.PKG_MIGI_FILTRO", línea 31
ORA-06512: en línea 1
12/04/2021 11:54:05: [Método: System.Collections.Generic.IEnumerable`1[T] Query[T](System.Data.IDbConnection, System.String, System.Object, System.Data.IDbTransaction, Boolean, System.Nullable`1[System.Int32], System.Nullable`1[System.Data.CommandType]), Línea: 0] - ORA-00904: "MINEM"."MIGI"."ENTIDAD"."ANIOBE": identificador no válido
ORA-06512: en "MIGI.PKG_MIGI_FILTRO", línea 31
ORA-06512: en línea 1
12/04/2021 11:54:05: [Método: System.Collections.Generic.List`1[MINEM.MIGI.Entidad.OrdenCompraBE] FiltrarPalabraBusqueda(System.String, Oracle.DataAccess.Client.OracleConnection), Línea: 67] - ORA-00904: "MINEM"."MIGI"."ENTIDAD"."ANIOBE": identificador no válido
ORA-06512: en "MIGI.PKG_MIGI_FILTRO", línea 31
ORA-06512: en línea 1
