16/04/2021 16:33:31: [Método: Void HandleErrorHelper(Int32, Oracle.DataAccess.Client.OracleConnection, IntPtr, Oracle.DataAccess.Client.OpoSqlValCtx*, System.Object, System.String, Boolean, Int32, Oracle.DataAccess.Client.OracleLogicalTransaction), Línea: 0] - ORA-00904: "ANIO": identificador no válido
ORA-06512: en "MIGI.PKG_MIGI_FILTRO", línea 32
ORA-06512: en línea 1
16/04/2021 16:33:31: [Método: Void HandleError(Int32, Oracle.DataAccess.Client.OracleConnection, System.String, IntPtr, Oracle.DataAccess.Client.OpoSqlValCtx*, System.Object, Boolean, Oracle.DataAccess.Client.OracleLogicalTransaction), Línea: 0] - ORA-00904: "ANIO": identificador no válido
ORA-06512: en "MIGI.PKG_MIGI_FILTRO", línea 32
ORA-06512: en línea 1
16/04/2021 16:33:31: [Método: Oracle.DataAccess.Client.OracleDataReader ExecuteReader(Boolean, Boolean, System.Data.CommandBehavior), Línea: 0] - ORA-00904: "ANIO": identificador no válido
ORA-06512: en "MIGI.PKG_MIGI_FILTRO", línea 32
ORA-06512: en línea 1
16/04/2021 16:33:31: [Método: System.Data.Common.DbDataReader ExecuteDbDataReader(System.Data.CommandBehavior), Línea: 0] - ORA-00904: "ANIO": identificador no válido
ORA-06512: en "MIGI.PKG_MIGI_FILTRO", línea 32
ORA-06512: en línea 1
16/04/2021 16:33:31: [Método: System.Data.IDataReader System.Data.IDbCommand.ExecuteReader(System.Data.CommandBehavior), Línea: 0] - ORA-00904: "ANIO": identificador no válido
ORA-06512: en "MIGI.PKG_MIGI_FILTRO", línea 32
ORA-06512: en línea 1
16/04/2021 16:33:31: [Método: System.Data.IDataReader ExecuteReaderWithFlagsFallback(System.Data.IDbCommand, Boolean, System.Data.CommandBehavior), Línea: 0] - ORA-00904: "ANIO": identificador no válido
ORA-06512: en "MIGI.PKG_MIGI_FILTRO", línea 32
ORA-06512: en línea 1
16/04/2021 16:33:31: [Método: Boolean MoveNext(), Línea: 0] - ORA-00904: "ANIO": identificador no válido
ORA-06512: en "MIGI.PKG_MIGI_FILTRO", línea 32
ORA-06512: en línea 1
16/04/2021 16:33:31: [Método: Void .ctor(System.Collections.Generic.IEnumerable`1[T]), Línea: 0] - ORA-00904: "ANIO": identificador no válido
ORA-06512: en "MIGI.PKG_MIGI_FILTRO", línea 32
ORA-06512: en línea 1
16/04/2021 16:33:31: [Método: System.Collections.Generic.List`1[TSource] ToList[TSource](System.Collections.Generic.IEnumerable`1[TSource]), Línea: 0] - ORA-00904: "ANIO": identificador no válido
ORA-06512: en "MIGI.PKG_MIGI_FILTRO", línea 32
ORA-06512: en línea 1
16/04/2021 16:33:31: [Método: System.Collections.Generic.IEnumerable`1[T] Query[T](System.Data.IDbConnection, System.String, System.Object, System.Data.IDbTransaction, Boolean, System.Nullable`1[System.Int32], System.Nullable`1[System.Data.CommandType]), Línea: 0] - ORA-00904: "ANIO": identificador no válido
ORA-06512: en "MIGI.PKG_MIGI_FILTRO", línea 32
ORA-06512: en línea 1
16/04/2021 16:33:31: [Método: System.Collections.Generic.List`1[MINEM.MIGI.Entidad.GraficoN1M8UBE] FiltrarPalabraBusquedaM8U(System.String, Oracle.DataAccess.Client.OracleConnection), Línea: 88] - ORA-00904: "ANIO": identificador no válido
ORA-06512: en "MIGI.PKG_MIGI_FILTRO", línea 32
ORA-06512: en línea 1
16/04/2021 16:49:04: [Método: Void HandleErrorHelper(Int32, Oracle.DataAccess.Client.OracleConnection, IntPtr, Oracle.DataAccess.Client.OpoSqlValCtx*, System.Object, System.String, Boolean, Int32, Oracle.DataAccess.Client.OracleLogicalTransaction), Línea: 0] - ORA-00904: "DESCRIPCION_ORDEN": identificador no válido
ORA-06512: en "MIGI.PKG_MIGI_FILTRO", línea 32
ORA-06512: en línea 1
16/04/2021 16:49:04: [Método: Void HandleError(Int32, Oracle.DataAccess.Client.OracleConnection, System.String, IntPtr, Oracle.DataAccess.Client.OpoSqlValCtx*, System.Object, Boolean, Oracle.DataAccess.Client.OracleLogicalTransaction), Línea: 0] - ORA-00904: "DESCRIPCION_ORDEN": identificador no válido
ORA-06512: en "MIGI.PKG_MIGI_FILTRO", línea 32
ORA-06512: en línea 1
16/04/2021 16:49:04: [Método: Oracle.DataAccess.Client.OracleDataReader ExecuteReader(Boolean, Boolean, System.Data.CommandBehavior), Línea: 0] - ORA-00904: "DESCRIPCION_ORDEN": identificador no válido
ORA-06512: en "MIGI.PKG_MIGI_FILTRO", línea 32
ORA-06512: en línea 1
16/04/2021 16:49:04: [Método: System.Data.Common.DbDataReader ExecuteDbDataReader(System.Data.CommandBehavior), Línea: 0] - ORA-00904: "DESCRIPCION_ORDEN": identificador no válido
ORA-06512: en "MIGI.PKG_MIGI_FILTRO", línea 32
ORA-06512: en línea 1
16/04/2021 16:49:04: [Método: System.Data.IDataReader System.Data.IDbCommand.ExecuteReader(System.Data.CommandBehavior), Línea: 0] - ORA-00904: "DESCRIPCION_ORDEN": identificador no válido
ORA-06512: en "MIGI.PKG_MIGI_FILTRO", línea 32
ORA-06512: en línea 1
16/04/2021 16:49:04: [Método: System.Data.IDataReader ExecuteReaderWithFlagsFallback(System.Data.IDbCommand, Boolean, System.Data.CommandBehavior), Línea: 0] - ORA-00904: "DESCRIPCION_ORDEN": identificador no válido
ORA-06512: en "MIGI.PKG_MIGI_FILTRO", línea 32
ORA-06512: en línea 1
16/04/2021 16:49:04: [Método: Boolean MoveNext(), Línea: 0] - ORA-00904: "DESCRIPCION_ORDEN": identificador no válido
ORA-06512: en "MIGI.PKG_MIGI_FILTRO", línea 32
ORA-06512: en línea 1
16/04/2021 16:49:04: [Método: Void .ctor(System.Collections.Generic.IEnumerable`1[T]), Línea: 0] - ORA-00904: "DESCRIPCION_ORDEN": identificador no válido
ORA-06512: en "MIGI.PKG_MIGI_FILTRO", línea 32
ORA-06512: en línea 1
16/04/2021 16:49:04: [Método: System.Collections.Generic.List`1[TSource] ToList[TSource](System.Collections.Generic.IEnumerable`1[TSource]), Línea: 0] - ORA-00904: "DESCRIPCION_ORDEN": identificador no válido
ORA-06512: en "MIGI.PKG_MIGI_FILTRO", línea 32
ORA-06512: en línea 1
16/04/2021 16:49:04: [Método: System.Collections.Generic.IEnumerable`1[T] Query[T](System.Data.IDbConnection, System.String, System.Object, System.Data.IDbTransaction, Boolean, System.Nullable`1[System.Int32], System.Nullable`1[System.Data.CommandType]), Línea: 0] - ORA-00904: "DESCRIPCION_ORDEN": identificador no válido
ORA-06512: en "MIGI.PKG_MIGI_FILTRO", línea 32
ORA-06512: en línea 1
16/04/2021 16:49:04: [Método: System.Collections.Generic.List`1[MINEM.MIGI.Entidad.GraficoN1M8UBE] FiltrarPalabraBusquedaM8U(System.String, Oracle.DataAccess.Client.OracleConnection), Línea: 88] - ORA-00904: "DESCRIPCION_ORDEN": identificador no válido
ORA-06512: en "MIGI.PKG_MIGI_FILTRO", línea 32
ORA-06512: en línea 1
16/04/2021 16:49:04: [Método: Void HandleErrorHelper(Int32, Oracle.DataAccess.Client.OracleConnection, IntPtr, Oracle.DataAccess.Client.OpoSqlValCtx*, System.Object, System.String, Boolean, Int32, Oracle.DataAccess.Client.OracleLogicalTransaction), Línea: 0] - ORA-00904: "DESCRIPCION_ORDEN": identificador no válido
ORA-06512: en "MIGI.PKG_MIGI_FILTRO", línea 32
ORA-06512: en línea 1
16/04/2021 16:49:04: [Método: Void HandleError(Int32, Oracle.DataAccess.Client.OracleConnection, System.String, IntPtr, Oracle.DataAccess.Client.OpoSqlValCtx*, System.Object, Boolean, Oracle.DataAccess.Client.OracleLogicalTransaction), Línea: 0] - ORA-00904: "DESCRIPCION_ORDEN": identificador no válido
ORA-06512: en "MIGI.PKG_MIGI_FILTRO", línea 32
ORA-06512: en línea 1
16/04/2021 16:49:04: [Método: Oracle.DataAccess.Client.OracleDataReader ExecuteReader(Boolean, Boolean, System.Data.CommandBehavior), Línea: 0] - ORA-00904: "DESCRIPCION_ORDEN": identificador no válido
ORA-06512: en "MIGI.PKG_MIGI_FILTRO", línea 32
ORA-06512: en línea 1
16/04/2021 16:49:04: [Método: System.Data.Common.DbDataReader ExecuteDbDataReader(System.Data.CommandBehavior), Línea: 0] - ORA-00904: "DESCRIPCION_ORDEN": identificador no válido
ORA-06512: en "MIGI.PKG_MIGI_FILTRO", línea 32
ORA-06512: en línea 1
16/04/2021 16:49:04: [Método: System.Data.IDataReader System.Data.IDbCommand.ExecuteReader(System.Data.CommandBehavior), Línea: 0] - ORA-00904: "DESCRIPCION_ORDEN": identificador no válido
ORA-06512: en "MIGI.PKG_MIGI_FILTRO", línea 32
ORA-06512: en línea 1
16/04/2021 16:49:04: [Método: System.Data.IDataReader ExecuteReaderWithFlagsFallback(System.Data.IDbCommand, Boolean, System.Data.CommandBehavior), Línea: 0] - ORA-00904: "DESCRIPCION_ORDEN": identificador no válido
ORA-06512: en "MIGI.PKG_MIGI_FILTRO", línea 32
ORA-06512: en línea 1
16/04/2021 16:49:04: [Método: Boolean MoveNext(), Línea: 0] - ORA-00904: "DESCRIPCION_ORDEN": identificador no válido
ORA-06512: en "MIGI.PKG_MIGI_FILTRO", línea 32
ORA-06512: en línea 1
16/04/2021 16:49:04: [Método: Void .ctor(System.Collections.Generic.IEnumerable`1[T]), Línea: 0] - ORA-00904: "DESCRIPCION_ORDEN": identificador no válido
ORA-06512: en "MIGI.PKG_MIGI_FILTRO", línea 32
ORA-06512: en línea 1
16/04/2021 16:49:04: [Método: System.Collections.Generic.List`1[TSource] ToList[TSource](System.Collections.Generic.IEnumerable`1[TSource]), Línea: 0] - ORA-00904: "DESCRIPCION_ORDEN": identificador no válido
ORA-06512: en "MIGI.PKG_MIGI_FILTRO", línea 32
ORA-06512: en línea 1
16/04/2021 16:49:04: [Método: System.Collections.Generic.IEnumerable`1[T] Query[T](System.Data.IDbConnection, System.String, System.Object, System.Data.IDbTransaction, Boolean, System.Nullable`1[System.Int32], System.Nullable`1[System.Data.CommandType]), Línea: 0] - ORA-00904: "DESCRIPCION_ORDEN": identificador no válido
ORA-06512: en "MIGI.PKG_MIGI_FILTRO", línea 32
ORA-06512: en línea 1
16/04/2021 16:49:04: [Método: System.Collections.Generic.List`1[MINEM.MIGI.Entidad.GraficoN1M8UBE] FiltrarPalabraBusquedaM8U(System.String, Oracle.DataAccess.Client.OracleConnection), Línea: 88] - ORA-00904: "DESCRIPCION_ORDEN": identificador no válido
ORA-06512: en "MIGI.PKG_MIGI_FILTRO", línea 32
ORA-06512: en línea 1
16/04/2021 16:59:21: [Método: Void HandleErrorHelper(Int32, Oracle.DataAccess.Client.OracleConnection, IntPtr, Oracle.DataAccess.Client.OpoSqlValCtx*, System.Object, System.String, Boolean, Int32, Oracle.DataAccess.Client.OracleLogicalTransaction), Línea: 0] - ORA-00904: "DESCRIPCION_ORDEN": identificador no válido
ORA-06512: en "MIGI.PKG_MIGI_FILTRO", línea 32
ORA-06512: en línea 1
16/04/2021 16:59:21: [Método: Void HandleError(Int32, Oracle.DataAccess.Client.OracleConnection, System.String, IntPtr, Oracle.DataAccess.Client.OpoSqlValCtx*, System.Object, Boolean, Oracle.DataAccess.Client.OracleLogicalTransaction), Línea: 0] - ORA-00904: "DESCRIPCION_ORDEN": identificador no válido
ORA-06512: en "MIGI.PKG_MIGI_FILTRO", línea 32
ORA-06512: en línea 1
16/04/2021 16:59:21: [Método: Oracle.DataAccess.Client.OracleDataReader ExecuteReader(Boolean, Boolean, System.Data.CommandBehavior), Línea: 0] - ORA-00904: "DESCRIPCION_ORDEN": identificador no válido
ORA-06512: en "MIGI.PKG_MIGI_FILTRO", línea 32
ORA-06512: en línea 1
16/04/2021 16:59:21: [Método: System.Data.Common.DbDataReader ExecuteDbDataReader(System.Data.CommandBehavior), Línea: 0] - ORA-00904: "DESCRIPCION_ORDEN": identificador no válido
ORA-06512: en "MIGI.PKG_MIGI_FILTRO", línea 32
ORA-06512: en línea 1
16/04/2021 16:59:21: [Método: System.Data.IDataReader System.Data.IDbCommand.ExecuteReader(System.Data.CommandBehavior), Línea: 0] - ORA-00904: "DESCRIPCION_ORDEN": identificador no válido
ORA-06512: en "MIGI.PKG_MIGI_FILTRO", línea 32
ORA-06512: en línea 1
16/04/2021 16:59:21: [Método: System.Data.IDataReader ExecuteReaderWithFlagsFallback(System.Data.IDbCommand, Boolean, System.Data.CommandBehavior), Línea: 0] - ORA-00904: "DESCRIPCION_ORDEN": identificador no válido
ORA-06512: en "MIGI.PKG_MIGI_FILTRO", línea 32
ORA-06512: en línea 1
16/04/2021 16:59:21: [Método: Boolean MoveNext(), Línea: 0] - ORA-00904: "DESCRIPCION_ORDEN": identificador no válido
ORA-06512: en "MIGI.PKG_MIGI_FILTRO", línea 32
ORA-06512: en línea 1
16/04/2021 16:59:21: [Método: Void .ctor(System.Collections.Generic.IEnumerable`1[T]), Línea: 0] - ORA-00904: "DESCRIPCION_ORDEN": identificador no válido
ORA-06512: en "MIGI.PKG_MIGI_FILTRO", línea 32
ORA-06512: en línea 1
16/04/2021 16:59:21: [Método: System.Collections.Generic.List`1[TSource] ToList[TSource](System.Collections.Generic.IEnumerable`1[TSource]), Línea: 0] - ORA-00904: "DESCRIPCION_ORDEN": identificador no válido
ORA-06512: en "MIGI.PKG_MIGI_FILTRO", línea 32
ORA-06512: en línea 1
16/04/2021 16:59:21: [Método: System.Collections.Generic.IEnumerable`1[T] Query[T](System.Data.IDbConnection, System.String, System.Object, System.Data.IDbTransaction, Boolean, System.Nullable`1[System.Int32], System.Nullable`1[System.Data.CommandType]), Línea: 0] - ORA-00904: "DESCRIPCION_ORDEN": identificador no válido
ORA-06512: en "MIGI.PKG_MIGI_FILTRO", línea 32
ORA-06512: en línea 1
16/04/2021 16:59:21: [Método: System.Collections.Generic.List`1[MINEM.MIGI.Entidad.GraficoN1M8UBE] FiltrarPalabraBusquedaM8U(System.String, Oracle.DataAccess.Client.OracleConnection), Línea: 88] - ORA-00904: "DESCRIPCION_ORDEN": identificador no válido
ORA-06512: en "MIGI.PKG_MIGI_FILTRO", línea 32
ORA-06512: en línea 1
16/04/2021 16:59:21: [Método: Void HandleErrorHelper(Int32, Oracle.DataAccess.Client.OracleConnection, IntPtr, Oracle.DataAccess.Client.OpoSqlValCtx*, System.Object, System.String, Boolean, Int32, Oracle.DataAccess.Client.OracleLogicalTransaction), Línea: 0] - ORA-00904: "DESCRIPCION_ORDEN": identificador no válido
ORA-06512: en "MIGI.PKG_MIGI_FILTRO", línea 32
ORA-06512: en línea 1
16/04/2021 16:59:21: [Método: Void HandleError(Int32, Oracle.DataAccess.Client.OracleConnection, System.String, IntPtr, Oracle.DataAccess.Client.OpoSqlValCtx*, System.Object, Boolean, Oracle.DataAccess.Client.OracleLogicalTransaction), Línea: 0] - ORA-00904: "DESCRIPCION_ORDEN": identificador no válido
ORA-06512: en "MIGI.PKG_MIGI_FILTRO", línea 32
ORA-06512: en línea 1
16/04/2021 16:59:21: [Método: Oracle.DataAccess.Client.OracleDataReader ExecuteReader(Boolean, Boolean, System.Data.CommandBehavior), Línea: 0] - ORA-00904: "DESCRIPCION_ORDEN": identificador no válido
ORA-06512: en "MIGI.PKG_MIGI_FILTRO", línea 32
ORA-06512: en línea 1
16/04/2021 16:59:21: [Método: System.Data.Common.DbDataReader ExecuteDbDataReader(System.Data.CommandBehavior), Línea: 0] - ORA-00904: "DESCRIPCION_ORDEN": identificador no válido
ORA-06512: en "MIGI.PKG_MIGI_FILTRO", línea 32
ORA-06512: en línea 1
16/04/2021 16:59:21: [Método: System.Data.IDataReader System.Data.IDbCommand.ExecuteReader(System.Data.CommandBehavior), Línea: 0] - ORA-00904: "DESCRIPCION_ORDEN": identificador no válido
ORA-06512: en "MIGI.PKG_MIGI_FILTRO", línea 32
ORA-06512: en línea 1
16/04/2021 16:59:21: [Método: System.Data.IDataReader ExecuteReaderWithFlagsFallback(System.Data.IDbCommand, Boolean, System.Data.CommandBehavior), Línea: 0] - ORA-00904: "DESCRIPCION_ORDEN": identificador no válido
ORA-06512: en "MIGI.PKG_MIGI_FILTRO", línea 32
ORA-06512: en línea 1
16/04/2021 16:59:21: [Método: Boolean MoveNext(), Línea: 0] - ORA-00904: "DESCRIPCION_ORDEN": identificador no válido
ORA-06512: en "MIGI.PKG_MIGI_FILTRO", línea 32
ORA-06512: en línea 1
16/04/2021 16:59:21: [Método: Void .ctor(System.Collections.Generic.IEnumerable`1[T]), Línea: 0] - ORA-00904: "DESCRIPCION_ORDEN": identificador no válido
ORA-06512: en "MIGI.PKG_MIGI_FILTRO", línea 32
ORA-06512: en línea 1
16/04/2021 16:59:21: [Método: System.Collections.Generic.List`1[TSource] ToList[TSource](System.Collections.Generic.IEnumerable`1[TSource]), Línea: 0] - ORA-00904: "DESCRIPCION_ORDEN": identificador no válido
ORA-06512: en "MIGI.PKG_MIGI_FILTRO", línea 32
ORA-06512: en línea 1
16/04/2021 16:59:21: [Método: System.Collections.Generic.IEnumerable`1[T] Query[T](System.Data.IDbConnection, System.String, System.Object, System.Data.IDbTransaction, Boolean, System.Nullable`1[System.Int32], System.Nullable`1[System.Data.CommandType]), Línea: 0] - ORA-00904: "DESCRIPCION_ORDEN": identificador no válido
ORA-06512: en "MIGI.PKG_MIGI_FILTRO", línea 32
ORA-06512: en línea 1
16/04/2021 16:59:21: [Método: System.Collections.Generic.List`1[MINEM.MIGI.Entidad.GraficoN1M8UBE] FiltrarPalabraBusquedaM8U(System.String, Oracle.DataAccess.Client.OracleConnection), Línea: 88] - ORA-00904: "DESCRIPCION_ORDEN": identificador no válido
ORA-06512: en "MIGI.PKG_MIGI_FILTRO", línea 32
ORA-06512: en línea 1
16/04/2021 16:59:45: [Método: Void HandleErrorHelper(Int32, Oracle.DataAccess.Client.OracleConnection, IntPtr, Oracle.DataAccess.Client.OpoSqlValCtx*, System.Object, System.String, Boolean, Int32, Oracle.DataAccess.Client.OracleLogicalTransaction), Línea: 0] - ORA-00904: "DESCRIPCION_ORDEN": identificador no válido
ORA-06512: en "MIGI.PKG_MIGI_FILTRO", línea 32
ORA-06512: en línea 1
16/04/2021 16:59:45: [Método: Void HandleError(Int32, Oracle.DataAccess.Client.OracleConnection, System.String, IntPtr, Oracle.DataAccess.Client.OpoSqlValCtx*, System.Object, Boolean, Oracle.DataAccess.Client.OracleLogicalTransaction), Línea: 0] - ORA-00904: "DESCRIPCION_ORDEN": identificador no válido
ORA-06512: en "MIGI.PKG_MIGI_FILTRO", línea 32
ORA-06512: en línea 1
16/04/2021 16:59:45: [Método: Oracle.DataAccess.Client.OracleDataReader ExecuteReader(Boolean, Boolean, System.Data.CommandBehavior), Línea: 0] - ORA-00904: "DESCRIPCION_ORDEN": identificador no válido
ORA-06512: en "MIGI.PKG_MIGI_FILTRO", línea 32
ORA-06512: en línea 1
16/04/2021 16:59:45: [Método: System.Data.Common.DbDataReader ExecuteDbDataReader(System.Data.CommandBehavior), Línea: 0] - ORA-00904: "DESCRIPCION_ORDEN": identificador no válido
ORA-06512: en "MIGI.PKG_MIGI_FILTRO", línea 32
ORA-06512: en línea 1
16/04/2021 16:59:45: [Método: System.Data.IDataReader System.Data.IDbCommand.ExecuteReader(System.Data.CommandBehavior), Línea: 0] - ORA-00904: "DESCRIPCION_ORDEN": identificador no válido
ORA-06512: en "MIGI.PKG_MIGI_FILTRO", línea 32
ORA-06512: en línea 1
16/04/2021 16:59:45: [Método: System.Data.IDataReader ExecuteReaderWithFlagsFallback(System.Data.IDbCommand, Boolean, System.Data.CommandBehavior), Línea: 0] - ORA-00904: "DESCRIPCION_ORDEN": identificador no válido
ORA-06512: en "MIGI.PKG_MIGI_FILTRO", línea 32
ORA-06512: en línea 1
16/04/2021 16:59:45: [Método: Boolean MoveNext(), Línea: 0] - ORA-00904: "DESCRIPCION_ORDEN": identificador no válido
ORA-06512: en "MIGI.PKG_MIGI_FILTRO", línea 32
ORA-06512: en línea 1
16/04/2021 16:59:45: [Método: Void .ctor(System.Collections.Generic.IEnumerable`1[T]), Línea: 0] - ORA-00904: "DESCRIPCION_ORDEN": identificador no válido
ORA-06512: en "MIGI.PKG_MIGI_FILTRO", línea 32
ORA-06512: en línea 1
16/04/2021 16:59:45: [Método: System.Collections.Generic.List`1[TSource] ToList[TSource](System.Collections.Generic.IEnumerable`1[TSource]), Línea: 0] - ORA-00904: "DESCRIPCION_ORDEN": identificador no válido
ORA-06512: en "MIGI.PKG_MIGI_FILTRO", línea 32
ORA-06512: en línea 1
16/04/2021 16:59:45: [Método: System.Collections.Generic.IEnumerable`1[T] Query[T](System.Data.IDbConnection, System.String, System.Object, System.Data.IDbTransaction, Boolean, System.Nullable`1[System.Int32], System.Nullable`1[System.Data.CommandType]), Línea: 0] - ORA-00904: "DESCRIPCION_ORDEN": identificador no válido
ORA-06512: en "MIGI.PKG_MIGI_FILTRO", línea 32
ORA-06512: en línea 1
16/04/2021 16:59:45: [Método: System.Collections.Generic.List`1[MINEM.MIGI.Entidad.GraficoN1M8UBE] FiltrarPalabraBusquedaM8U(System.String, Oracle.DataAccess.Client.OracleConnection), Línea: 88] - ORA-00904: "DESCRIPCION_ORDEN": identificador no válido
ORA-06512: en "MIGI.PKG_MIGI_FILTRO", línea 32
ORA-06512: en línea 1
16/04/2021 16:59:56: [Método: Void HandleErrorHelper(Int32, Oracle.DataAccess.Client.OracleConnection, IntPtr, Oracle.DataAccess.Client.OpoSqlValCtx*, System.Object, System.String, Boolean, Int32, Oracle.DataAccess.Client.OracleLogicalTransaction), Línea: 0] - ORA-00904: "DESCRIPCION_ORDEN": identificador no válido
ORA-06512: en "MIGI.PKG_MIGI_FILTRO", línea 32
ORA-06512: en línea 1
16/04/2021 16:59:56: [Método: Void HandleError(Int32, Oracle.DataAccess.Client.OracleConnection, System.String, IntPtr, Oracle.DataAccess.Client.OpoSqlValCtx*, System.Object, Boolean, Oracle.DataAccess.Client.OracleLogicalTransaction), Línea: 0] - ORA-00904: "DESCRIPCION_ORDEN": identificador no válido
ORA-06512: en "MIGI.PKG_MIGI_FILTRO", línea 32
ORA-06512: en línea 1
16/04/2021 16:59:56: [Método: Oracle.DataAccess.Client.OracleDataReader ExecuteReader(Boolean, Boolean, System.Data.CommandBehavior), Línea: 0] - ORA-00904: "DESCRIPCION_ORDEN": identificador no válido
ORA-06512: en "MIGI.PKG_MIGI_FILTRO", línea 32
ORA-06512: en línea 1
16/04/2021 16:59:56: [Método: System.Data.Common.DbDataReader ExecuteDbDataReader(System.Data.CommandBehavior), Línea: 0] - ORA-00904: "DESCRIPCION_ORDEN": identificador no válido
ORA-06512: en "MIGI.PKG_MIGI_FILTRO", línea 32
ORA-06512: en línea 1
16/04/2021 16:59:56: [Método: System.Data.IDataReader System.Data.IDbCommand.ExecuteReader(System.Data.CommandBehavior), Línea: 0] - ORA-00904: "DESCRIPCION_ORDEN": identificador no válido
ORA-06512: en "MIGI.PKG_MIGI_FILTRO", línea 32
ORA-06512: en línea 1
16/04/2021 16:59:56: [Método: System.Data.IDataReader ExecuteReaderWithFlagsFallback(System.Data.IDbCommand, Boolean, System.Data.CommandBehavior), Línea: 0] - ORA-00904: "DESCRIPCION_ORDEN": identificador no válido
ORA-06512: en "MIGI.PKG_MIGI_FILTRO", línea 32
ORA-06512: en línea 1
16/04/2021 16:59:56: [Método: Boolean MoveNext(), Línea: 0] - ORA-00904: "DESCRIPCION_ORDEN": identificador no válido
ORA-06512: en "MIGI.PKG_MIGI_FILTRO", línea 32
ORA-06512: en línea 1
16/04/2021 16:59:56: [Método: Void .ctor(System.Collections.Generic.IEnumerable`1[T]), Línea: 0] - ORA-00904: "DESCRIPCION_ORDEN": identificador no válido
ORA-06512: en "MIGI.PKG_MIGI_FILTRO", línea 32
ORA-06512: en línea 1
16/04/2021 16:59:56: [Método: System.Collections.Generic.List`1[TSource] ToList[TSource](System.Collections.Generic.IEnumerable`1[TSource]), Línea: 0] - ORA-00904: "DESCRIPCION_ORDEN": identificador no válido
ORA-06512: en "MIGI.PKG_MIGI_FILTRO", línea 32
ORA-06512: en línea 1
16/04/2021 16:59:56: [Método: System.Collections.Generic.IEnumerable`1[T] Query[T](System.Data.IDbConnection, System.String, System.Object, System.Data.IDbTransaction, Boolean, System.Nullable`1[System.Int32], System.Nullable`1[System.Data.CommandType]), Línea: 0] - ORA-00904: "DESCRIPCION_ORDEN": identificador no válido
ORA-06512: en "MIGI.PKG_MIGI_FILTRO", línea 32
ORA-06512: en línea 1
16/04/2021 16:59:56: [Método: System.Collections.Generic.List`1[MINEM.MIGI.Entidad.GraficoN1M8UBE] FiltrarPalabraBusquedaM8U(System.String, Oracle.DataAccess.Client.OracleConnection), Línea: 88] - ORA-00904: "DESCRIPCION_ORDEN": identificador no válido
ORA-06512: en "MIGI.PKG_MIGI_FILTRO", línea 32
ORA-06512: en línea 1
16/04/2021 16:59:56: [Método: Void HandleErrorHelper(Int32, Oracle.DataAccess.Client.OracleConnection, IntPtr, Oracle.DataAccess.Client.OpoSqlValCtx*, System.Object, System.String, Boolean, Int32, Oracle.DataAccess.Client.OracleLogicalTransaction), Línea: 0] - ORA-00904: "DESCRIPCION_ORDEN": identificador no válido
ORA-06512: en "MIGI.PKG_MIGI_FILTRO", línea 32
ORA-06512: en línea 1
16/04/2021 16:59:56: [Método: Void HandleError(Int32, Oracle.DataAccess.Client.OracleConnection, System.String, IntPtr, Oracle.DataAccess.Client.OpoSqlValCtx*, System.Object, Boolean, Oracle.DataAccess.Client.OracleLogicalTransaction), Línea: 0] - ORA-00904: "DESCRIPCION_ORDEN": identificador no válido
ORA-06512: en "MIGI.PKG_MIGI_FILTRO", línea 32
ORA-06512: en línea 1
16/04/2021 16:59:56: [Método: Oracle.DataAccess.Client.OracleDataReader ExecuteReader(Boolean, Boolean, System.Data.CommandBehavior), Línea: 0] - ORA-00904: "DESCRIPCION_ORDEN": identificador no válido
ORA-06512: en "MIGI.PKG_MIGI_FILTRO", línea 32
ORA-06512: en línea 1
16/04/2021 16:59:56: [Método: System.Data.Common.DbDataReader ExecuteDbDataReader(System.Data.CommandBehavior), Línea: 0] - ORA-00904: "DESCRIPCION_ORDEN": identificador no válido
ORA-06512: en "MIGI.PKG_MIGI_FILTRO", línea 32
ORA-06512: en línea 1
16/04/2021 16:59:56: [Método: System.Data.IDataReader System.Data.IDbCommand.ExecuteReader(System.Data.CommandBehavior), Línea: 0] - ORA-00904: "DESCRIPCION_ORDEN": identificador no válido
ORA-06512: en "MIGI.PKG_MIGI_FILTRO", línea 32
ORA-06512: en línea 1
16/04/2021 16:59:56: [Método: System.Data.IDataReader ExecuteReaderWithFlagsFallback(System.Data.IDbCommand, Boolean, System.Data.CommandBehavior), Línea: 0] - ORA-00904: "DESCRIPCION_ORDEN": identificador no válido
ORA-06512: en "MIGI.PKG_MIGI_FILTRO", línea 32
ORA-06512: en línea 1
16/04/2021 16:59:56: [Método: Boolean MoveNext(), Línea: 0] - ORA-00904: "DESCRIPCION_ORDEN": identificador no válido
ORA-06512: en "MIGI.PKG_MIGI_FILTRO", línea 32
ORA-06512: en línea 1
16/04/2021 16:59:56: [Método: Void .ctor(System.Collections.Generic.IEnumerable`1[T]), Línea: 0] - ORA-00904: "DESCRIPCION_ORDEN": identificador no válido
ORA-06512: en "MIGI.PKG_MIGI_FILTRO", línea 32
ORA-06512: en línea 1
16/04/2021 16:59:56: [Método: System.Collections.Generic.List`1[TSource] ToList[TSource](System.Collections.Generic.IEnumerable`1[TSource]), Línea: 0] - ORA-00904: "DESCRIPCION_ORDEN": identificador no válido
ORA-06512: en "MIGI.PKG_MIGI_FILTRO", línea 32
ORA-06512: en línea 1
16/04/2021 16:59:56: [Método: System.Collections.Generic.IEnumerable`1[T] Query[T](System.Data.IDbConnection, System.String, System.Object, System.Data.IDbTransaction, Boolean, System.Nullable`1[System.Int32], System.Nullable`1[System.Data.CommandType]), Línea: 0] - ORA-00904: "DESCRIPCION_ORDEN": identificador no válido
ORA-06512: en "MIGI.PKG_MIGI_FILTRO", línea 32
ORA-06512: en línea 1
16/04/2021 16:59:56: [Método: System.Collections.Generic.List`1[MINEM.MIGI.Entidad.GraficoN1M8UBE] FiltrarPalabraBusquedaM8U(System.String, Oracle.DataAccess.Client.OracleConnection), Línea: 88] - ORA-00904: "DESCRIPCION_ORDEN": identificador no válido
ORA-06512: en "MIGI.PKG_MIGI_FILTRO", línea 32
ORA-06512: en línea 1
16/04/2021 17:00:03: [Método: Void HandleErrorHelper(Int32, Oracle.DataAccess.Client.OracleConnection, IntPtr, Oracle.DataAccess.Client.OpoSqlValCtx*, System.Object, System.String, Boolean, Int32, Oracle.DataAccess.Client.OracleLogicalTransaction), Línea: 0] - ORA-00904: "DESCRIPCION_ORDEN": identificador no válido
ORA-06512: en "MIGI.PKG_MIGI_FILTRO", línea 32
ORA-06512: en línea 1
16/04/2021 17:00:03: [Método: Void HandleError(Int32, Oracle.DataAccess.Client.OracleConnection, System.String, IntPtr, Oracle.DataAccess.Client.OpoSqlValCtx*, System.Object, Boolean, Oracle.DataAccess.Client.OracleLogicalTransaction), Línea: 0] - ORA-00904: "DESCRIPCION_ORDEN": identificador no válido
ORA-06512: en "MIGI.PKG_MIGI_FILTRO", línea 32
ORA-06512: en línea 1
16/04/2021 17:00:03: [Método: Oracle.DataAccess.Client.OracleDataReader ExecuteReader(Boolean, Boolean, System.Data.CommandBehavior), Línea: 0] - ORA-00904: "DESCRIPCION_ORDEN": identificador no válido
ORA-06512: en "MIGI.PKG_MIGI_FILTRO", línea 32
ORA-06512: en línea 1
16/04/2021 17:00:03: [Método: System.Data.Common.DbDataReader ExecuteDbDataReader(System.Data.CommandBehavior), Línea: 0] - ORA-00904: "DESCRIPCION_ORDEN": identificador no válido
ORA-06512: en "MIGI.PKG_MIGI_FILTRO", línea 32
ORA-06512: en línea 1
16/04/2021 17:00:03: [Método: System.Data.IDataReader System.Data.IDbCommand.ExecuteReader(System.Data.CommandBehavior), Línea: 0] - ORA-00904: "DESCRIPCION_ORDEN": identificador no válido
ORA-06512: en "MIGI.PKG_MIGI_FILTRO", línea 32
ORA-06512: en línea 1
16/04/2021 17:00:03: [Método: System.Data.IDataReader ExecuteReaderWithFlagsFallback(System.Data.IDbCommand, Boolean, System.Data.CommandBehavior), Línea: 0] - ORA-00904: "DESCRIPCION_ORDEN": identificador no válido
ORA-06512: en "MIGI.PKG_MIGI_FILTRO", línea 32
ORA-06512: en línea 1
16/04/2021 17:00:03: [Método: Boolean MoveNext(), Línea: 0] - ORA-00904: "DESCRIPCION_ORDEN": identificador no válido
ORA-06512: en "MIGI.PKG_MIGI_FILTRO", línea 32
ORA-06512: en línea 1
16/04/2021 17:00:03: [Método: Void .ctor(System.Collections.Generic.IEnumerable`1[T]), Línea: 0] - ORA-00904: "DESCRIPCION_ORDEN": identificador no válido
ORA-06512: en "MIGI.PKG_MIGI_FILTRO", línea 32
ORA-06512: en línea 1
16/04/2021 17:00:03: [Método: System.Collections.Generic.List`1[TSource] ToList[TSource](System.Collections.Generic.IEnumerable`1[TSource]), Línea: 0] - ORA-00904: "DESCRIPCION_ORDEN": identificador no válido
ORA-06512: en "MIGI.PKG_MIGI_FILTRO", línea 32
ORA-06512: en línea 1
16/04/2021 17:00:03: [Método: System.Collections.Generic.IEnumerable`1[T] Query[T](System.Data.IDbConnection, System.String, System.Object, System.Data.IDbTransaction, Boolean, System.Nullable`1[System.Int32], System.Nullable`1[System.Data.CommandType]), Línea: 0] - ORA-00904: "DESCRIPCION_ORDEN": identificador no válido
ORA-06512: en "MIGI.PKG_MIGI_FILTRO", línea 32
ORA-06512: en línea 1
16/04/2021 17:00:03: [Método: System.Collections.Generic.List`1[MINEM.MIGI.Entidad.GraficoN1M8UBE] FiltrarPalabraBusquedaM8U(System.String, Oracle.DataAccess.Client.OracleConnection), Línea: 88] - ORA-00904: "DESCRIPCION_ORDEN": identificador no válido
ORA-06512: en "MIGI.PKG_MIGI_FILTRO", línea 32
ORA-06512: en línea 1
16/04/2021 17:00:03: [Método: Void HandleErrorHelper(Int32, Oracle.DataAccess.Client.OracleConnection, IntPtr, Oracle.DataAccess.Client.OpoSqlValCtx*, System.Object, System.String, Boolean, Int32, Oracle.DataAccess.Client.OracleLogicalTransaction), Línea: 0] - ORA-00904: "DESCRIPCION_ORDEN": identificador no válido
ORA-06512: en "MIGI.PKG_MIGI_FILTRO", línea 32
ORA-06512: en línea 1
16/04/2021 17:00:03: [Método: Void HandleError(Int32, Oracle.DataAccess.Client.OracleConnection, System.String, IntPtr, Oracle.DataAccess.Client.OpoSqlValCtx*, System.Object, Boolean, Oracle.DataAccess.Client.OracleLogicalTransaction), Línea: 0] - ORA-00904: "DESCRIPCION_ORDEN": identificador no válido
ORA-06512: en "MIGI.PKG_MIGI_FILTRO", línea 32
ORA-06512: en línea 1
16/04/2021 17:00:03: [Método: Oracle.DataAccess.Client.OracleDataReader ExecuteReader(Boolean, Boolean, System.Data.CommandBehavior), Línea: 0] - ORA-00904: "DESCRIPCION_ORDEN": identificador no válido
ORA-06512: en "MIGI.PKG_MIGI_FILTRO", línea 32
ORA-06512: en línea 1
16/04/2021 17:00:03: [Método: System.Data.Common.DbDataReader ExecuteDbDataReader(System.Data.CommandBehavior), Línea: 0] - ORA-00904: "DESCRIPCION_ORDEN": identificador no válido
ORA-06512: en "MIGI.PKG_MIGI_FILTRO", línea 32
ORA-06512: en línea 1
16/04/2021 17:00:03: [Método: System.Data.IDataReader System.Data.IDbCommand.ExecuteReader(System.Data.CommandBehavior), Línea: 0] - ORA-00904: "DESCRIPCION_ORDEN": identificador no válido
ORA-06512: en "MIGI.PKG_MIGI_FILTRO", línea 32
ORA-06512: en línea 1
16/04/2021 17:00:03: [Método: System.Data.IDataReader ExecuteReaderWithFlagsFallback(System.Data.IDbCommand, Boolean, System.Data.CommandBehavior), Línea: 0] - ORA-00904: "DESCRIPCION_ORDEN": identificador no válido
ORA-06512: en "MIGI.PKG_MIGI_FILTRO", línea 32
ORA-06512: en línea 1
16/04/2021 17:00:03: [Método: Boolean MoveNext(), Línea: 0] - ORA-00904: "DESCRIPCION_ORDEN": identificador no válido
ORA-06512: en "MIGI.PKG_MIGI_FILTRO", línea 32
ORA-06512: en línea 1
16/04/2021 17:00:03: [Método: Void .ctor(System.Collections.Generic.IEnumerable`1[T]), Línea: 0] - ORA-00904: "DESCRIPCION_ORDEN": identificador no válido
ORA-06512: en "MIGI.PKG_MIGI_FILTRO", línea 32
ORA-06512: en línea 1
16/04/2021 17:00:03: [Método: System.Collections.Generic.List`1[TSource] ToList[TSource](System.Collections.Generic.IEnumerable`1[TSource]), Línea: 0] - ORA-00904: "DESCRIPCION_ORDEN": identificador no válido
ORA-06512: en "MIGI.PKG_MIGI_FILTRO", línea 32
ORA-06512: en línea 1
16/04/2021 17:00:03: [Método: System.Collections.Generic.IEnumerable`1[T] Query[T](System.Data.IDbConnection, System.String, System.Object, System.Data.IDbTransaction, Boolean, System.Nullable`1[System.Int32], System.Nullable`1[System.Data.CommandType]), Línea: 0] - ORA-00904: "DESCRIPCION_ORDEN": identificador no válido
ORA-06512: en "MIGI.PKG_MIGI_FILTRO", línea 32
ORA-06512: en línea 1
16/04/2021 17:00:03: [Método: System.Collections.Generic.List`1[MINEM.MIGI.Entidad.GraficoN1M8UBE] FiltrarPalabraBusquedaM8U(System.String, Oracle.DataAccess.Client.OracleConnection), Línea: 88] - ORA-00904: "DESCRIPCION_ORDEN": identificador no válido
ORA-06512: en "MIGI.PKG_MIGI_FILTRO", línea 32
ORA-06512: en línea 1
16/04/2021 17:00:03: [Método: Void HandleErrorHelper(Int32, Oracle.DataAccess.Client.OracleConnection, IntPtr, Oracle.DataAccess.Client.OpoSqlValCtx*, System.Object, System.String, Boolean, Int32, Oracle.DataAccess.Client.OracleLogicalTransaction), Línea: 0] - ORA-00904: "DESCRIPCION_ORDEN": identificador no válido
ORA-06512: en "MIGI.PKG_MIGI_FILTRO", línea 32
ORA-06512: en línea 1
16/04/2021 17:00:03: [Método: Void HandleError(Int32, Oracle.DataAccess.Client.OracleConnection, System.String, IntPtr, Oracle.DataAccess.Client.OpoSqlValCtx*, System.Object, Boolean, Oracle.DataAccess.Client.OracleLogicalTransaction), Línea: 0] - ORA-00904: "DESCRIPCION_ORDEN": identificador no válido
ORA-06512: en "MIGI.PKG_MIGI_FILTRO", línea 32
ORA-06512: en línea 1
16/04/2021 17:00:03: [Método: Oracle.DataAccess.Client.OracleDataReader ExecuteReader(Boolean, Boolean, System.Data.CommandBehavior), Línea: 0] - ORA-00904: "DESCRIPCION_ORDEN": identificador no válido
ORA-06512: en "MIGI.PKG_MIGI_FILTRO", línea 32
ORA-06512: en línea 1
16/04/2021 17:00:03: [Método: System.Data.Common.DbDataReader ExecuteDbDataReader(System.Data.CommandBehavior), Línea: 0] - ORA-00904: "DESCRIPCION_ORDEN": identificador no válido
ORA-06512: en "MIGI.PKG_MIGI_FILTRO", línea 32
ORA-06512: en línea 1
16/04/2021 17:00:03: [Método: System.Data.IDataReader System.Data.IDbCommand.ExecuteReader(System.Data.CommandBehavior), Línea: 0] - ORA-00904: "DESCRIPCION_ORDEN": identificador no válido
ORA-06512: en "MIGI.PKG_MIGI_FILTRO", línea 32
ORA-06512: en línea 1
16/04/2021 17:00:03: [Método: System.Data.IDataReader ExecuteReaderWithFlagsFallback(System.Data.IDbCommand, Boolean, System.Data.CommandBehavior), Línea: 0] - ORA-00904: "DESCRIPCION_ORDEN": identificador no válido
ORA-06512: en "MIGI.PKG_MIGI_FILTRO", línea 32
ORA-06512: en línea 1
16/04/2021 17:00:03: [Método: Boolean MoveNext(), Línea: 0] - ORA-00904: "DESCRIPCION_ORDEN": identificador no válido
ORA-06512: en "MIGI.PKG_MIGI_FILTRO", línea 32
ORA-06512: en línea 1
16/04/2021 17:00:03: [Método: Void .ctor(System.Collections.Generic.IEnumerable`1[T]), Línea: 0] - ORA-00904: "DESCRIPCION_ORDEN": identificador no válido
ORA-06512: en "MIGI.PKG_MIGI_FILTRO", línea 32
ORA-06512: en línea 1
16/04/2021 17:00:03: [Método: System.Collections.Generic.List`1[TSource] ToList[TSource](System.Collections.Generic.IEnumerable`1[TSource]), Línea: 0] - ORA-00904: "DESCRIPCION_ORDEN": identificador no válido
ORA-06512: en "MIGI.PKG_MIGI_FILTRO", línea 32
ORA-06512: en línea 1
16/04/2021 17:00:03: [Método: System.Collections.Generic.IEnumerable`1[T] Query[T](System.Data.IDbConnection, System.String, System.Object, System.Data.IDbTransaction, Boolean, System.Nullable`1[System.Int32], System.Nullable`1[System.Data.CommandType]), Línea: 0] - ORA-00904: "DESCRIPCION_ORDEN": identificador no válido
ORA-06512: en "MIGI.PKG_MIGI_FILTRO", línea 32
ORA-06512: en línea 1
16/04/2021 17:00:03: [Método: System.Collections.Generic.List`1[MINEM.MIGI.Entidad.GraficoN1M8UBE] FiltrarPalabraBusquedaM8U(System.String, Oracle.DataAccess.Client.OracleConnection), Línea: 88] - ORA-00904: "DESCRIPCION_ORDEN": identificador no válido
ORA-06512: en "MIGI.PKG_MIGI_FILTRO", línea 32
ORA-06512: en línea 1
16/04/2021 17:00:03: [Método: Void HandleErrorHelper(Int32, Oracle.DataAccess.Client.OracleConnection, IntPtr, Oracle.DataAccess.Client.OpoSqlValCtx*, System.Object, System.String, Boolean, Int32, Oracle.DataAccess.Client.OracleLogicalTransaction), Línea: 0] - ORA-00904: "DESCRIPCION_ORDEN": identificador no válido
ORA-06512: en "MIGI.PKG_MIGI_FILTRO", línea 32
ORA-06512: en línea 1
16/04/2021 17:00:03: [Método: Void HandleError(Int32, Oracle.DataAccess.Client.OracleConnection, System.String, IntPtr, Oracle.DataAccess.Client.OpoSqlValCtx*, System.Object, Boolean, Oracle.DataAccess.Client.OracleLogicalTransaction), Línea: 0] - ORA-00904: "DESCRIPCION_ORDEN": identificador no válido
ORA-06512: en "MIGI.PKG_MIGI_FILTRO", línea 32
ORA-06512: en línea 1
16/04/2021 17:00:03: [Método: Oracle.DataAccess.Client.OracleDataReader ExecuteReader(Boolean, Boolean, System.Data.CommandBehavior), Línea: 0] - ORA-00904: "DESCRIPCION_ORDEN": identificador no válido
ORA-06512: en "MIGI.PKG_MIGI_FILTRO", línea 32
ORA-06512: en línea 1
16/04/2021 17:00:03: [Método: System.Data.Common.DbDataReader ExecuteDbDataReader(System.Data.CommandBehavior), Línea: 0] - ORA-00904: "DESCRIPCION_ORDEN": identificador no válido
ORA-06512: en "MIGI.PKG_MIGI_FILTRO", línea 32
ORA-06512: en línea 1
16/04/2021 17:00:03: [Método: System.Data.IDataReader System.Data.IDbCommand.ExecuteReader(System.Data.CommandBehavior), Línea: 0] - ORA-00904: "DESCRIPCION_ORDEN": identificador no válido
ORA-06512: en "MIGI.PKG_MIGI_FILTRO", línea 32
ORA-06512: en línea 1
16/04/2021 17:00:03: [Método: System.Data.IDataReader ExecuteReaderWithFlagsFallback(System.Data.IDbCommand, Boolean, System.Data.CommandBehavior), Línea: 0] - ORA-00904: "DESCRIPCION_ORDEN": identificador no válido
ORA-06512: en "MIGI.PKG_MIGI_FILTRO", línea 32
ORA-06512: en línea 1
16/04/2021 17:00:03: [Método: Boolean MoveNext(), Línea: 0] - ORA-00904: "DESCRIPCION_ORDEN": identificador no válido
ORA-06512: en "MIGI.PKG_MIGI_FILTRO", línea 32
ORA-06512: en línea 1
16/04/2021 17:00:03: [Método: Void .ctor(System.Collections.Generic.IEnumerable`1[T]), Línea: 0] - ORA-00904: "DESCRIPCION_ORDEN": identificador no válido
ORA-06512: en "MIGI.PKG_MIGI_FILTRO", línea 32
ORA-06512: en línea 1
16/04/2021 17:00:03: [Método: System.Collections.Generic.List`1[TSource] ToList[TSource](System.Collections.Generic.IEnumerable`1[TSource]), Línea: 0] - ORA-00904: "DESCRIPCION_ORDEN": identificador no válido
ORA-06512: en "MIGI.PKG_MIGI_FILTRO", línea 32
ORA-06512: en línea 1
16/04/2021 17:00:03: [Método: System.Collections.Generic.IEnumerable`1[T] Query[T](System.Data.IDbConnection, System.String, System.Object, System.Data.IDbTransaction, Boolean, System.Nullable`1[System.Int32], System.Nullable`1[System.Data.CommandType]), Línea: 0] - ORA-00904: "DESCRIPCION_ORDEN": identificador no válido
ORA-06512: en "MIGI.PKG_MIGI_FILTRO", línea 32
ORA-06512: en línea 1
16/04/2021 17:00:03: [Método: System.Collections.Generic.List`1[MINEM.MIGI.Entidad.GraficoN1M8UBE] FiltrarPalabraBusquedaM8U(System.String, Oracle.DataAccess.Client.OracleConnection), Línea: 88] - ORA-00904: "DESCRIPCION_ORDEN": identificador no válido
ORA-06512: en "MIGI.PKG_MIGI_FILTRO", línea 32
ORA-06512: en línea 1
16/04/2021 17:00:19: [Método: Void HandleErrorHelper(Int32, Oracle.DataAccess.Client.OracleConnection, IntPtr, Oracle.DataAccess.Client.OpoSqlValCtx*, System.Object, System.String, Boolean, Int32, Oracle.DataAccess.Client.OracleLogicalTransaction), Línea: 0] - ORA-00904: "DESCRIPCION_ORDEN": identificador no válido
ORA-06512: en "MIGI.PKG_MIGI_FILTRO", línea 32
ORA-06512: en línea 1
16/04/2021 17:00:19: [Método: Void HandleError(Int32, Oracle.DataAccess.Client.OracleConnection, System.String, IntPtr, Oracle.DataAccess.Client.OpoSqlValCtx*, System.Object, Boolean, Oracle.DataAccess.Client.OracleLogicalTransaction), Línea: 0] - ORA-00904: "DESCRIPCION_ORDEN": identificador no válido
ORA-06512: en "MIGI.PKG_MIGI_FILTRO", línea 32
ORA-06512: en línea 1
16/04/2021 17:00:19: [Método: Oracle.DataAccess.Client.OracleDataReader ExecuteReader(Boolean, Boolean, System.Data.CommandBehavior), Línea: 0] - ORA-00904: "DESCRIPCION_ORDEN": identificador no válido
ORA-06512: en "MIGI.PKG_MIGI_FILTRO", línea 32
ORA-06512: en línea 1
16/04/2021 17:00:19: [Método: System.Data.Common.DbDataReader ExecuteDbDataReader(System.Data.CommandBehavior), Línea: 0] - ORA-00904: "DESCRIPCION_ORDEN": identificador no válido
ORA-06512: en "MIGI.PKG_MIGI_FILTRO", línea 32
ORA-06512: en línea 1
16/04/2021 17:00:19: [Método: System.Data.IDataReader System.Data.IDbCommand.ExecuteReader(System.Data.CommandBehavior), Línea: 0] - ORA-00904: "DESCRIPCION_ORDEN": identificador no válido
ORA-06512: en "MIGI.PKG_MIGI_FILTRO", línea 32
ORA-06512: en línea 1
16/04/2021 17:00:19: [Método: System.Data.IDataReader ExecuteReaderWithFlagsFallback(System.Data.IDbCommand, Boolean, System.Data.CommandBehavior), Línea: 0] - ORA-00904: "DESCRIPCION_ORDEN": identificador no válido
ORA-06512: en "MIGI.PKG_MIGI_FILTRO", línea 32
ORA-06512: en línea 1
16/04/2021 17:00:19: [Método: Boolean MoveNext(), Línea: 0] - ORA-00904: "DESCRIPCION_ORDEN": identificador no válido
ORA-06512: en "MIGI.PKG_MIGI_FILTRO", línea 32
ORA-06512: en línea 1
16/04/2021 17:00:19: [Método: Void .ctor(System.Collections.Generic.IEnumerable`1[T]), Línea: 0] - ORA-00904: "DESCRIPCION_ORDEN": identificador no válido
ORA-06512: en "MIGI.PKG_MIGI_FILTRO", línea 32
ORA-06512: en línea 1
16/04/2021 17:00:19: [Método: System.Collections.Generic.List`1[TSource] ToList[TSource](System.Collections.Generic.IEnumerable`1[TSource]), Línea: 0] - ORA-00904: "DESCRIPCION_ORDEN": identificador no válido
ORA-06512: en "MIGI.PKG_MIGI_FILTRO", línea 32
ORA-06512: en línea 1
16/04/2021 17:00:19: [Método: System.Collections.Generic.IEnumerable`1[T] Query[T](System.Data.IDbConnection, System.String, System.Object, System.Data.IDbTransaction, Boolean, System.Nullable`1[System.Int32], System.Nullable`1[System.Data.CommandType]), Línea: 0] - ORA-00904: "DESCRIPCION_ORDEN": identificador no válido
ORA-06512: en "MIGI.PKG_MIGI_FILTRO", línea 32
ORA-06512: en línea 1
16/04/2021 17:00:19: [Método: System.Collections.Generic.List`1[MINEM.MIGI.Entidad.GraficoN1M8UBE] FiltrarPalabraBusquedaM8U(System.String, Oracle.DataAccess.Client.OracleConnection), Línea: 88] - ORA-00904: "DESCRIPCION_ORDEN": identificador no válido
ORA-06512: en "MIGI.PKG_MIGI_FILTRO", línea 32
ORA-06512: en línea 1
16/04/2021 17:00:19: [Método: Void HandleErrorHelper(Int32, Oracle.DataAccess.Client.OracleConnection, IntPtr, Oracle.DataAccess.Client.OpoSqlValCtx*, System.Object, System.String, Boolean, Int32, Oracle.DataAccess.Client.OracleLogicalTransaction), Línea: 0] - ORA-00904: "DESCRIPCION_ORDEN": identificador no válido
ORA-06512: en "MIGI.PKG_MIGI_FILTRO", línea 32
ORA-06512: en línea 1
16/04/2021 17:00:19: [Método: Void HandleError(Int32, Oracle.DataAccess.Client.OracleConnection, System.String, IntPtr, Oracle.DataAccess.Client.OpoSqlValCtx*, System.Object, Boolean, Oracle.DataAccess.Client.OracleLogicalTransaction), Línea: 0] - ORA-00904: "DESCRIPCION_ORDEN": identificador no válido
ORA-06512: en "MIGI.PKG_MIGI_FILTRO", línea 32
ORA-06512: en línea 1
16/04/2021 17:00:19: [Método: Oracle.DataAccess.Client.OracleDataReader ExecuteReader(Boolean, Boolean, System.Data.CommandBehavior), Línea: 0] - ORA-00904: "DESCRIPCION_ORDEN": identificador no válido
ORA-06512: en "MIGI.PKG_MIGI_FILTRO", línea 32
ORA-06512: en línea 1
16/04/2021 17:00:19: [Método: System.Data.Common.DbDataReader ExecuteDbDataReader(System.Data.CommandBehavior), Línea: 0] - ORA-00904: "DESCRIPCION_ORDEN": identificador no válido
ORA-06512: en "MIGI.PKG_MIGI_FILTRO", línea 32
ORA-06512: en línea 1
16/04/2021 17:00:19: [Método: System.Data.IDataReader System.Data.IDbCommand.ExecuteReader(System.Data.CommandBehavior), Línea: 0] - ORA-00904: "DESCRIPCION_ORDEN": identificador no válido
ORA-06512: en "MIGI.PKG_MIGI_FILTRO", línea 32
ORA-06512: en línea 1
16/04/2021 17:00:19: [Método: System.Data.IDataReader ExecuteReaderWithFlagsFallback(System.Data.IDbCommand, Boolean, System.Data.CommandBehavior), Línea: 0] - ORA-00904: "DESCRIPCION_ORDEN": identificador no válido
ORA-06512: en "MIGI.PKG_MIGI_FILTRO", línea 32
ORA-06512: en línea 1
16/04/2021 17:00:19: [Método: Boolean MoveNext(), Línea: 0] - ORA-00904: "DESCRIPCION_ORDEN": identificador no válido
ORA-06512: en "MIGI.PKG_MIGI_FILTRO", línea 32
ORA-06512: en línea 1
16/04/2021 17:00:19: [Método: Void .ctor(System.Collections.Generic.IEnumerable`1[T]), Línea: 0] - ORA-00904: "DESCRIPCION_ORDEN": identificador no válido
ORA-06512: en "MIGI.PKG_MIGI_FILTRO", línea 32
ORA-06512: en línea 1
16/04/2021 17:00:19: [Método: System.Collections.Generic.List`1[TSource] ToList[TSource](System.Collections.Generic.IEnumerable`1[TSource]), Línea: 0] - ORA-00904: "DESCRIPCION_ORDEN": identificador no válido
ORA-06512: en "MIGI.PKG_MIGI_FILTRO", línea 32
ORA-06512: en línea 1
16/04/2021 17:00:19: [Método: System.Collections.Generic.IEnumerable`1[T] Query[T](System.Data.IDbConnection, System.String, System.Object, System.Data.IDbTransaction, Boolean, System.Nullable`1[System.Int32], System.Nullable`1[System.Data.CommandType]), Línea: 0] - ORA-00904: "DESCRIPCION_ORDEN": identificador no válido
ORA-06512: en "MIGI.PKG_MIGI_FILTRO", línea 32
ORA-06512: en línea 1
16/04/2021 17:00:19: [Método: System.Collections.Generic.List`1[MINEM.MIGI.Entidad.GraficoN1M8UBE] FiltrarPalabraBusquedaM8U(System.String, Oracle.DataAccess.Client.OracleConnection), Línea: 88] - ORA-00904: "DESCRIPCION_ORDEN": identificador no válido
ORA-06512: en "MIGI.PKG_MIGI_FILTRO", línea 32
ORA-06512: en línea 1
16/04/2021 17:00:19: [Método: Void HandleErrorHelper(Int32, Oracle.DataAccess.Client.OracleConnection, IntPtr, Oracle.DataAccess.Client.OpoSqlValCtx*, System.Object, System.String, Boolean, Int32, Oracle.DataAccess.Client.OracleLogicalTransaction), Línea: 0] - ORA-00904: "DESCRIPCION_ORDEN": identificador no válido
ORA-06512: en "MIGI.PKG_MIGI_FILTRO", línea 32
ORA-06512: en línea 1
16/04/2021 17:00:19: [Método: Void HandleError(Int32, Oracle.DataAccess.Client.OracleConnection, System.String, IntPtr, Oracle.DataAccess.Client.OpoSqlValCtx*, System.Object, Boolean, Oracle.DataAccess.Client.OracleLogicalTransaction), Línea: 0] - ORA-00904: "DESCRIPCION_ORDEN": identificador no válido
ORA-06512: en "MIGI.PKG_MIGI_FILTRO", línea 32
ORA-06512: en línea 1
16/04/2021 17:00:19: [Método: Oracle.DataAccess.Client.OracleDataReader ExecuteReader(Boolean, Boolean, System.Data.CommandBehavior), Línea: 0] - ORA-00904: "DESCRIPCION_ORDEN": identificador no válido
ORA-06512: en "MIGI.PKG_MIGI_FILTRO", línea 32
ORA-06512: en línea 1
16/04/2021 17:00:19: [Método: System.Data.Common.DbDataReader ExecuteDbDataReader(System.Data.CommandBehavior), Línea: 0] - ORA-00904: "DESCRIPCION_ORDEN": identificador no válido
ORA-06512: en "MIGI.PKG_MIGI_FILTRO", línea 32
ORA-06512: en línea 1
16/04/2021 17:00:19: [Método: System.Data.IDataReader System.Data.IDbCommand.ExecuteReader(System.Data.CommandBehavior), Línea: 0] - ORA-00904: "DESCRIPCION_ORDEN": identificador no válido
ORA-06512: en "MIGI.PKG_MIGI_FILTRO", línea 32
ORA-06512: en línea 1
16/04/2021 17:00:19: [Método: System.Data.IDataReader ExecuteReaderWithFlagsFallback(System.Data.IDbCommand, Boolean, System.Data.CommandBehavior), Línea: 0] - ORA-00904: "DESCRIPCION_ORDEN": identificador no válido
ORA-06512: en "MIGI.PKG_MIGI_FILTRO", línea 32
ORA-06512: en línea 1
16/04/2021 17:00:19: [Método: Boolean MoveNext(), Línea: 0] - ORA-00904: "DESCRIPCION_ORDEN": identificador no válido
ORA-06512: en "MIGI.PKG_MIGI_FILTRO", línea 32
ORA-06512: en línea 1
16/04/2021 17:00:19: [Método: Void .ctor(System.Collections.Generic.IEnumerable`1[T]), Línea: 0] - ORA-00904: "DESCRIPCION_ORDEN": identificador no válido
ORA-06512: en "MIGI.PKG_MIGI_FILTRO", línea 32
ORA-06512: en línea 1
16/04/2021 17:00:19: [Método: System.Collections.Generic.List`1[TSource] ToList[TSource](System.Collections.Generic.IEnumerable`1[TSource]), Línea: 0] - ORA-00904: "DESCRIPCION_ORDEN": identificador no válido
ORA-06512: en "MIGI.PKG_MIGI_FILTRO", línea 32
ORA-06512: en línea 1
16/04/2021 17:00:19: [Método: System.Collections.Generic.IEnumerable`1[T] Query[T](System.Data.IDbConnection, System.String, System.Object, System.Data.IDbTransaction, Boolean, System.Nullable`1[System.Int32], System.Nullable`1[System.Data.CommandType]), Línea: 0] - ORA-00904: "DESCRIPCION_ORDEN": identificador no válido
ORA-06512: en "MIGI.PKG_MIGI_FILTRO", línea 32
ORA-06512: en línea 1
16/04/2021 17:00:19: [Método: System.Collections.Generic.List`1[MINEM.MIGI.Entidad.GraficoN1M8UBE] FiltrarPalabraBusquedaM8U(System.String, Oracle.DataAccess.Client.OracleConnection), Línea: 88] - ORA-00904: "DESCRIPCION_ORDEN": identificador no válido
ORA-06512: en "MIGI.PKG_MIGI_FILTRO", línea 32
ORA-06512: en línea 1
16/04/2021 17:00:19: [Método: Void HandleErrorHelper(Int32, Oracle.DataAccess.Client.OracleConnection, IntPtr, Oracle.DataAccess.Client.OpoSqlValCtx*, System.Object, System.String, Boolean, Int32, Oracle.DataAccess.Client.OracleLogicalTransaction), Línea: 0] - ORA-00904: "DESCRIPCION_ORDEN": identificador no válido
ORA-06512: en "MIGI.PKG_MIGI_FILTRO", línea 32
ORA-06512: en línea 1
16/04/2021 17:00:19: [Método: Void HandleError(Int32, Oracle.DataAccess.Client.OracleConnection, System.String, IntPtr, Oracle.DataAccess.Client.OpoSqlValCtx*, System.Object, Boolean, Oracle.DataAccess.Client.OracleLogicalTransaction), Línea: 0] - ORA-00904: "DESCRIPCION_ORDEN": identificador no válido
ORA-06512: en "MIGI.PKG_MIGI_FILTRO", línea 32
ORA-06512: en línea 1
16/04/2021 17:00:19: [Método: Oracle.DataAccess.Client.OracleDataReader ExecuteReader(Boolean, Boolean, System.Data.CommandBehavior), Línea: 0] - ORA-00904: "DESCRIPCION_ORDEN": identificador no válido
ORA-06512: en "MIGI.PKG_MIGI_FILTRO", línea 32
ORA-06512: en línea 1
16/04/2021 17:00:19: [Método: System.Data.Common.DbDataReader ExecuteDbDataReader(System.Data.CommandBehavior), Línea: 0] - ORA-00904: "DESCRIPCION_ORDEN": identificador no válido
ORA-06512: en "MIGI.PKG_MIGI_FILTRO", línea 32
ORA-06512: en línea 1
16/04/2021 17:00:19: [Método: System.Data.IDataReader System.Data.IDbCommand.ExecuteReader(System.Data.CommandBehavior), Línea: 0] - ORA-00904: "DESCRIPCION_ORDEN": identificador no válido
ORA-06512: en "MIGI.PKG_MIGI_FILTRO", línea 32
ORA-06512: en línea 1
16/04/2021 17:00:19: [Método: System.Data.IDataReader ExecuteReaderWithFlagsFallback(System.Data.IDbCommand, Boolean, System.Data.CommandBehavior), Línea: 0] - ORA-00904: "DESCRIPCION_ORDEN": identificador no válido
ORA-06512: en "MIGI.PKG_MIGI_FILTRO", línea 32
ORA-06512: en línea 1
16/04/2021 17:00:19: [Método: Boolean MoveNext(), Línea: 0] - ORA-00904: "DESCRIPCION_ORDEN": identificador no válido
ORA-06512: en "MIGI.PKG_MIGI_FILTRO", línea 32
ORA-06512: en línea 1
16/04/2021 17:00:19: [Método: Void .ctor(System.Collections.Generic.IEnumerable`1[T]), Línea: 0] - ORA-00904: "DESCRIPCION_ORDEN": identificador no válido
ORA-06512: en "MIGI.PKG_MIGI_FILTRO", línea 32
ORA-06512: en línea 1
16/04/2021 17:00:19: [Método: System.Collections.Generic.List`1[TSource] ToList[TSource](System.Collections.Generic.IEnumerable`1[TSource]), Línea: 0] - ORA-00904: "DESCRIPCION_ORDEN": identificador no válido
ORA-06512: en "MIGI.PKG_MIGI_FILTRO", línea 32
ORA-06512: en línea 1
16/04/2021 17:00:19: [Método: System.Collections.Generic.IEnumerable`1[T] Query[T](System.Data.IDbConnection, System.String, System.Object, System.Data.IDbTransaction, Boolean, System.Nullable`1[System.Int32], System.Nullable`1[System.Data.CommandType]), Línea: 0] - ORA-00904: "DESCRIPCION_ORDEN": identificador no válido
ORA-06512: en "MIGI.PKG_MIGI_FILTRO", línea 32
ORA-06512: en línea 1
16/04/2021 17:00:19: [Método: System.Collections.Generic.List`1[MINEM.MIGI.Entidad.GraficoN1M8UBE] FiltrarPalabraBusquedaM8U(System.String, Oracle.DataAccess.Client.OracleConnection), Línea: 88] - ORA-00904: "DESCRIPCION_ORDEN": identificador no válido
ORA-06512: en "MIGI.PKG_MIGI_FILTRO", línea 32
ORA-06512: en línea 1
16/04/2021 17:00:35: [Método: Void HandleErrorHelper(Int32, Oracle.DataAccess.Client.OracleConnection, IntPtr, Oracle.DataAccess.Client.OpoSqlValCtx*, System.Object, System.String, Boolean, Int32, Oracle.DataAccess.Client.OracleLogicalTransaction), Línea: 0] - ORA-00904: "DESCRIPCION_ORDEN": identificador no válido
ORA-06512: en "MIGI.PKG_MIGI_FILTRO", línea 32
ORA-06512: en línea 1
16/04/2021 17:00:35: [Método: Void HandleError(Int32, Oracle.DataAccess.Client.OracleConnection, System.String, IntPtr, Oracle.DataAccess.Client.OpoSqlValCtx*, System.Object, Boolean, Oracle.DataAccess.Client.OracleLogicalTransaction), Línea: 0] - ORA-00904: "DESCRIPCION_ORDEN": identificador no válido
ORA-06512: en "MIGI.PKG_MIGI_FILTRO", línea 32
ORA-06512: en línea 1
16/04/2021 17:00:35: [Método: Oracle.DataAccess.Client.OracleDataReader ExecuteReader(Boolean, Boolean, System.Data.CommandBehavior), Línea: 0] - ORA-00904: "DESCRIPCION_ORDEN": identificador no válido
ORA-06512: en "MIGI.PKG_MIGI_FILTRO", línea 32
ORA-06512: en línea 1
16/04/2021 17:00:35: [Método: System.Data.Common.DbDataReader ExecuteDbDataReader(System.Data.CommandBehavior), Línea: 0] - ORA-00904: "DESCRIPCION_ORDEN": identificador no válido
ORA-06512: en "MIGI.PKG_MIGI_FILTRO", línea 32
ORA-06512: en línea 1
16/04/2021 17:00:35: [Método: System.Data.IDataReader System.Data.IDbCommand.ExecuteReader(System.Data.CommandBehavior), Línea: 0] - ORA-00904: "DESCRIPCION_ORDEN": identificador no válido
ORA-06512: en "MIGI.PKG_MIGI_FILTRO", línea 32
ORA-06512: en línea 1
16/04/2021 17:00:35: [Método: System.Data.IDataReader ExecuteReaderWithFlagsFallback(System.Data.IDbCommand, Boolean, System.Data.CommandBehavior), Línea: 0] - ORA-00904: "DESCRIPCION_ORDEN": identificador no válido
ORA-06512: en "MIGI.PKG_MIGI_FILTRO", línea 32
ORA-06512: en línea 1
16/04/2021 17:00:35: [Método: Boolean MoveNext(), Línea: 0] - ORA-00904: "DESCRIPCION_ORDEN": identificador no válido
ORA-06512: en "MIGI.PKG_MIGI_FILTRO", línea 32
ORA-06512: en línea 1
16/04/2021 17:00:35: [Método: Void .ctor(System.Collections.Generic.IEnumerable`1[T]), Línea: 0] - ORA-00904: "DESCRIPCION_ORDEN": identificador no válido
ORA-06512: en "MIGI.PKG_MIGI_FILTRO", línea 32
ORA-06512: en línea 1
16/04/2021 17:00:35: [Método: System.Collections.Generic.List`1[TSource] ToList[TSource](System.Collections.Generic.IEnumerable`1[TSource]), Línea: 0] - ORA-00904: "DESCRIPCION_ORDEN": identificador no válido
ORA-06512: en "MIGI.PKG_MIGI_FILTRO", línea 32
ORA-06512: en línea 1
16/04/2021 17:00:35: [Método: System.Collections.Generic.IEnumerable`1[T] Query[T](System.Data.IDbConnection, System.String, System.Object, System.Data.IDbTransaction, Boolean, System.Nullable`1[System.Int32], System.Nullable`1[System.Data.CommandType]), Línea: 0] - ORA-00904: "DESCRIPCION_ORDEN": identificador no válido
ORA-06512: en "MIGI.PKG_MIGI_FILTRO", línea 32
ORA-06512: en línea 1
16/04/2021 17:00:35: [Método: System.Collections.Generic.List`1[MINEM.MIGI.Entidad.GraficoN1M8UBE] FiltrarPalabraBusquedaM8U(System.String, Oracle.DataAccess.Client.OracleConnection), Línea: 88] - ORA-00904: "DESCRIPCION_ORDEN": identificador no válido
ORA-06512: en "MIGI.PKG_MIGI_FILTRO", línea 32
ORA-06512: en línea 1
16/04/2021 17:00:35: [Método: Void HandleErrorHelper(Int32, Oracle.DataAccess.Client.OracleConnection, IntPtr, Oracle.DataAccess.Client.OpoSqlValCtx*, System.Object, System.String, Boolean, Int32, Oracle.DataAccess.Client.OracleLogicalTransaction), Línea: 0] - ORA-00904: "DESCRIPCION_ORDEN": identificador no válido
ORA-06512: en "MIGI.PKG_MIGI_FILTRO", línea 32
ORA-06512: en línea 1
16/04/2021 17:00:35: [Método: Void HandleError(Int32, Oracle.DataAccess.Client.OracleConnection, System.String, IntPtr, Oracle.DataAccess.Client.OpoSqlValCtx*, System.Object, Boolean, Oracle.DataAccess.Client.OracleLogicalTransaction), Línea: 0] - ORA-00904: "DESCRIPCION_ORDEN": identificador no válido
ORA-06512: en "MIGI.PKG_MIGI_FILTRO", línea 32
ORA-06512: en línea 1
16/04/2021 17:00:35: [Método: Oracle.DataAccess.Client.OracleDataReader ExecuteReader(Boolean, Boolean, System.Data.CommandBehavior), Línea: 0] - ORA-00904: "DESCRIPCION_ORDEN": identificador no válido
ORA-06512: en "MIGI.PKG_MIGI_FILTRO", línea 32
ORA-06512: en línea 1
16/04/2021 17:00:35: [Método: System.Data.Common.DbDataReader ExecuteDbDataReader(System.Data.CommandBehavior), Línea: 0] - ORA-00904: "DESCRIPCION_ORDEN": identificador no válido
ORA-06512: en "MIGI.PKG_MIGI_FILTRO", línea 32
ORA-06512: en línea 1
16/04/2021 17:00:35: [Método: System.Data.IDataReader System.Data.IDbCommand.ExecuteReader(System.Data.CommandBehavior), Línea: 0] - ORA-00904: "DESCRIPCION_ORDEN": identificador no válido
ORA-06512: en "MIGI.PKG_MIGI_FILTRO", línea 32
ORA-06512: en línea 1
16/04/2021 17:00:35: [Método: System.Data.IDataReader ExecuteReaderWithFlagsFallback(System.Data.IDbCommand, Boolean, System.Data.CommandBehavior), Línea: 0] - ORA-00904: "DESCRIPCION_ORDEN": identificador no válido
ORA-06512: en "MIGI.PKG_MIGI_FILTRO", línea 32
ORA-06512: en línea 1
16/04/2021 17:00:35: [Método: Boolean MoveNext(), Línea: 0] - ORA-00904: "DESCRIPCION_ORDEN": identificador no válido
ORA-06512: en "MIGI.PKG_MIGI_FILTRO", línea 32
ORA-06512: en línea 1
16/04/2021 17:00:35: [Método: Void .ctor(System.Collections.Generic.IEnumerable`1[T]), Línea: 0] - ORA-00904: "DESCRIPCION_ORDEN": identificador no válido
ORA-06512: en "MIGI.PKG_MIGI_FILTRO", línea 32
ORA-06512: en línea 1
16/04/2021 17:00:35: [Método: System.Collections.Generic.List`1[TSource] ToList[TSource](System.Collections.Generic.IEnumerable`1[TSource]), Línea: 0] - ORA-00904: "DESCRIPCION_ORDEN": identificador no válido
ORA-06512: en "MIGI.PKG_MIGI_FILTRO", línea 32
ORA-06512: en línea 1
16/04/2021 17:00:35: [Método: System.Collections.Generic.IEnumerable`1[T] Query[T](System.Data.IDbConnection, System.String, System.Object, System.Data.IDbTransaction, Boolean, System.Nullable`1[System.Int32], System.Nullable`1[System.Data.CommandType]), Línea: 0] - ORA-00904: "DESCRIPCION_ORDEN": identificador no válido
ORA-06512: en "MIGI.PKG_MIGI_FILTRO", línea 32
ORA-06512: en línea 1
16/04/2021 17:00:35: [Método: System.Collections.Generic.List`1[MINEM.MIGI.Entidad.GraficoN1M8UBE] FiltrarPalabraBusquedaM8U(System.String, Oracle.DataAccess.Client.OracleConnection), Línea: 88] - ORA-00904: "DESCRIPCION_ORDEN": identificador no válido
ORA-06512: en "MIGI.PKG_MIGI_FILTRO", línea 32
ORA-06512: en línea 1
16/04/2021 17:01:13: [Método: Void HandleErrorHelper(Int32, Oracle.DataAccess.Client.OracleConnection, IntPtr, Oracle.DataAccess.Client.OpoSqlValCtx*, System.Object, System.String, Boolean, Int32, Oracle.DataAccess.Client.OracleLogicalTransaction), Línea: 0] - ORA-00904: "DESCRIPCION_ORDEN": identificador no válido
ORA-06512: en "MIGI.PKG_MIGI_FILTRO", línea 32
ORA-06512: en línea 1
16/04/2021 17:01:13: [Método: Void HandleError(Int32, Oracle.DataAccess.Client.OracleConnection, System.String, IntPtr, Oracle.DataAccess.Client.OpoSqlValCtx*, System.Object, Boolean, Oracle.DataAccess.Client.OracleLogicalTransaction), Línea: 0] - ORA-00904: "DESCRIPCION_ORDEN": identificador no válido
ORA-06512: en "MIGI.PKG_MIGI_FILTRO", línea 32
ORA-06512: en línea 1
16/04/2021 17:01:13: [Método: Oracle.DataAccess.Client.OracleDataReader ExecuteReader(Boolean, Boolean, System.Data.CommandBehavior), Línea: 0] - ORA-00904: "DESCRIPCION_ORDEN": identificador no válido
ORA-06512: en "MIGI.PKG_MIGI_FILTRO", línea 32
ORA-06512: en línea 1
16/04/2021 17:01:13: [Método: System.Data.Common.DbDataReader ExecuteDbDataReader(System.Data.CommandBehavior), Línea: 0] - ORA-00904: "DESCRIPCION_ORDEN": identificador no válido
ORA-06512: en "MIGI.PKG_MIGI_FILTRO", línea 32
ORA-06512: en línea 1
16/04/2021 17:01:13: [Método: System.Data.IDataReader System.Data.IDbCommand.ExecuteReader(System.Data.CommandBehavior), Línea: 0] - ORA-00904: "DESCRIPCION_ORDEN": identificador no válido
ORA-06512: en "MIGI.PKG_MIGI_FILTRO", línea 32
ORA-06512: en línea 1
16/04/2021 17:01:13: [Método: System.Data.IDataReader ExecuteReaderWithFlagsFallback(System.Data.IDbCommand, Boolean, System.Data.CommandBehavior), Línea: 0] - ORA-00904: "DESCRIPCION_ORDEN": identificador no válido
ORA-06512: en "MIGI.PKG_MIGI_FILTRO", línea 32
ORA-06512: en línea 1
16/04/2021 17:01:13: [Método: Boolean MoveNext(), Línea: 0] - ORA-00904: "DESCRIPCION_ORDEN": identificador no válido
ORA-06512: en "MIGI.PKG_MIGI_FILTRO", línea 32
ORA-06512: en línea 1
16/04/2021 17:01:13: [Método: Void .ctor(System.Collections.Generic.IEnumerable`1[T]), Línea: 0] - ORA-00904: "DESCRIPCION_ORDEN": identificador no válido
ORA-06512: en "MIGI.PKG_MIGI_FILTRO", línea 32
ORA-06512: en línea 1
16/04/2021 17:01:13: [Método: System.Collections.Generic.List`1[TSource] ToList[TSource](System.Collections.Generic.IEnumerable`1[TSource]), Línea: 0] - ORA-00904: "DESCRIPCION_ORDEN": identificador no válido
ORA-06512: en "MIGI.PKG_MIGI_FILTRO", línea 32
ORA-06512: en línea 1
16/04/2021 17:01:13: [Método: System.Collections.Generic.IEnumerable`1[T] Query[T](System.Data.IDbConnection, System.String, System.Object, System.Data.IDbTransaction, Boolean, System.Nullable`1[System.Int32], System.Nullable`1[System.Data.CommandType]), Línea: 0] - ORA-00904: "DESCRIPCION_ORDEN": identificador no válido
ORA-06512: en "MIGI.PKG_MIGI_FILTRO", línea 32
ORA-06512: en línea 1
16/04/2021 17:01:13: [Método: System.Collections.Generic.List`1[MINEM.MIGI.Entidad.GraficoN1M8UBE] FiltrarPalabraBusquedaM8U(System.String, Oracle.DataAccess.Client.OracleConnection), Línea: 88] - ORA-00904: "DESCRIPCION_ORDEN": identificador no válido
ORA-06512: en "MIGI.PKG_MIGI_FILTRO", línea 32
ORA-06512: en línea 1
16/04/2021 17:01:14: [Método: Void HandleErrorHelper(Int32, Oracle.DataAccess.Client.OracleConnection, IntPtr, Oracle.DataAccess.Client.OpoSqlValCtx*, System.Object, System.String, Boolean, Int32, Oracle.DataAccess.Client.OracleLogicalTransaction), Línea: 0] - ORA-00904: "DESCRIPCION_ORDEN": identificador no válido
ORA-06512: en "MIGI.PKG_MIGI_FILTRO", línea 32
ORA-06512: en línea 1
16/04/2021 17:01:14: [Método: Void HandleError(Int32, Oracle.DataAccess.Client.OracleConnection, System.String, IntPtr, Oracle.DataAccess.Client.OpoSqlValCtx*, System.Object, Boolean, Oracle.DataAccess.Client.OracleLogicalTransaction), Línea: 0] - ORA-00904: "DESCRIPCION_ORDEN": identificador no válido
ORA-06512: en "MIGI.PKG_MIGI_FILTRO", línea 32
ORA-06512: en línea 1
16/04/2021 17:01:14: [Método: Oracle.DataAccess.Client.OracleDataReader ExecuteReader(Boolean, Boolean, System.Data.CommandBehavior), Línea: 0] - ORA-00904: "DESCRIPCION_ORDEN": identificador no válido
ORA-06512: en "MIGI.PKG_MIGI_FILTRO", línea 32
ORA-06512: en línea 1
16/04/2021 17:01:14: [Método: System.Data.Common.DbDataReader ExecuteDbDataReader(System.Data.CommandBehavior), Línea: 0] - ORA-00904: "DESCRIPCION_ORDEN": identificador no válido
ORA-06512: en "MIGI.PKG_MIGI_FILTRO", línea 32
ORA-06512: en línea 1
16/04/2021 17:01:14: [Método: System.Data.IDataReader System.Data.IDbCommand.ExecuteReader(System.Data.CommandBehavior), Línea: 0] - ORA-00904: "DESCRIPCION_ORDEN": identificador no válido
ORA-06512: en "MIGI.PKG_MIGI_FILTRO", línea 32
ORA-06512: en línea 1
16/04/2021 17:01:14: [Método: System.Data.IDataReader ExecuteReaderWithFlagsFallback(System.Data.IDbCommand, Boolean, System.Data.CommandBehavior), Línea: 0] - ORA-00904: "DESCRIPCION_ORDEN": identificador no válido
ORA-06512: en "MIGI.PKG_MIGI_FILTRO", línea 32
ORA-06512: en línea 1
16/04/2021 17:01:14: [Método: Boolean MoveNext(), Línea: 0] - ORA-00904: "DESCRIPCION_ORDEN": identificador no válido
ORA-06512: en "MIGI.PKG_MIGI_FILTRO", línea 32
ORA-06512: en línea 1
16/04/2021 17:01:14: [Método: Void .ctor(System.Collections.Generic.IEnumerable`1[T]), Línea: 0] - ORA-00904: "DESCRIPCION_ORDEN": identificador no válido
ORA-06512: en "MIGI.PKG_MIGI_FILTRO", línea 32
ORA-06512: en línea 1
16/04/2021 17:01:14: [Método: System.Collections.Generic.List`1[TSource] ToList[TSource](System.Collections.Generic.IEnumerable`1[TSource]), Línea: 0] - ORA-00904: "DESCRIPCION_ORDEN": identificador no válido
ORA-06512: en "MIGI.PKG_MIGI_FILTRO", línea 32
ORA-06512: en línea 1
16/04/2021 17:01:14: [Método: System.Collections.Generic.IEnumerable`1[T] Query[T](System.Data.IDbConnection, System.String, System.Object, System.Data.IDbTransaction, Boolean, System.Nullable`1[System.Int32], System.Nullable`1[System.Data.CommandType]), Línea: 0] - ORA-00904: "DESCRIPCION_ORDEN": identificador no válido
ORA-06512: en "MIGI.PKG_MIGI_FILTRO", línea 32
ORA-06512: en línea 1
16/04/2021 17:01:14: [Método: System.Collections.Generic.List`1[MINEM.MIGI.Entidad.GraficoN1M8UBE] FiltrarPalabraBusquedaM8U(System.String, Oracle.DataAccess.Client.OracleConnection), Línea: 88] - ORA-00904: "DESCRIPCION_ORDEN": identificador no válido
ORA-06512: en "MIGI.PKG_MIGI_FILTRO", línea 32
ORA-06512: en línea 1
16/04/2021 17:01:14: [Método: Void HandleErrorHelper(Int32, Oracle.DataAccess.Client.OracleConnection, IntPtr, Oracle.DataAccess.Client.OpoSqlValCtx*, System.Object, System.String, Boolean, Int32, Oracle.DataAccess.Client.OracleLogicalTransaction), Línea: 0] - ORA-00904: "DESCRIPCION_ORDEN": identificador no válido
ORA-06512: en "MIGI.PKG_MIGI_FILTRO", línea 32
ORA-06512: en línea 1
16/04/2021 17:01:14: [Método: Void HandleError(Int32, Oracle.DataAccess.Client.OracleConnection, System.String, IntPtr, Oracle.DataAccess.Client.OpoSqlValCtx*, System.Object, Boolean, Oracle.DataAccess.Client.OracleLogicalTransaction), Línea: 0] - ORA-00904: "DESCRIPCION_ORDEN": identificador no válido
ORA-06512: en "MIGI.PKG_MIGI_FILTRO", línea 32
ORA-06512: en línea 1
16/04/2021 17:01:14: [Método: Oracle.DataAccess.Client.OracleDataReader ExecuteReader(Boolean, Boolean, System.Data.CommandBehavior), Línea: 0] - ORA-00904: "DESCRIPCION_ORDEN": identificador no válido
ORA-06512: en "MIGI.PKG_MIGI_FILTRO", línea 32
ORA-06512: en línea 1
16/04/2021 17:01:14: [Método: System.Data.Common.DbDataReader ExecuteDbDataReader(System.Data.CommandBehavior), Línea: 0] - ORA-00904: "DESCRIPCION_ORDEN": identificador no válido
ORA-06512: en "MIGI.PKG_MIGI_FILTRO", línea 32
ORA-06512: en línea 1
16/04/2021 17:01:14: [Método: System.Data.IDataReader System.Data.IDbCommand.ExecuteReader(System.Data.CommandBehavior), Línea: 0] - ORA-00904: "DESCRIPCION_ORDEN": identificador no válido
ORA-06512: en "MIGI.PKG_MIGI_FILTRO", línea 32
ORA-06512: en línea 1
16/04/2021 17:01:14: [Método: System.Data.IDataReader ExecuteReaderWithFlagsFallback(System.Data.IDbCommand, Boolean, System.Data.CommandBehavior), Línea: 0] - ORA-00904: "DESCRIPCION_ORDEN": identificador no válido
ORA-06512: en "MIGI.PKG_MIGI_FILTRO", línea 32
ORA-06512: en línea 1
16/04/2021 17:01:14: [Método: Boolean MoveNext(), Línea: 0] - ORA-00904: "DESCRIPCION_ORDEN": identificador no válido
ORA-06512: en "MIGI.PKG_MIGI_FILTRO", línea 32
ORA-06512: en línea 1
16/04/2021 17:01:14: [Método: Void .ctor(System.Collections.Generic.IEnumerable`1[T]), Línea: 0] - ORA-00904: "DESCRIPCION_ORDEN": identificador no válido
ORA-06512: en "MIGI.PKG_MIGI_FILTRO", línea 32
ORA-06512: en línea 1
16/04/2021 17:01:14: [Método: System.Collections.Generic.List`1[TSource] ToList[TSource](System.Collections.Generic.IEnumerable`1[TSource]), Línea: 0] - ORA-00904: "DESCRIPCION_ORDEN": identificador no válido
ORA-06512: en "MIGI.PKG_MIGI_FILTRO", línea 32
ORA-06512: en línea 1
16/04/2021 17:01:14: [Método: System.Collections.Generic.IEnumerable`1[T] Query[T](System.Data.IDbConnection, System.String, System.Object, System.Data.IDbTransaction, Boolean, System.Nullable`1[System.Int32], System.Nullable`1[System.Data.CommandType]), Línea: 0] - ORA-00904: "DESCRIPCION_ORDEN": identificador no válido
ORA-06512: en "MIGI.PKG_MIGI_FILTRO", línea 32
ORA-06512: en línea 1
16/04/2021 17:01:14: [Método: System.Collections.Generic.List`1[MINEM.MIGI.Entidad.GraficoN1M8UBE] FiltrarPalabraBusquedaM8U(System.String, Oracle.DataAccess.Client.OracleConnection), Línea: 88] - ORA-00904: "DESCRIPCION_ORDEN": identificador no válido
ORA-06512: en "MIGI.PKG_MIGI_FILTRO", línea 32
ORA-06512: en línea 1
16/04/2021 17:01:14: [Método: Void HandleErrorHelper(Int32, Oracle.DataAccess.Client.OracleConnection, IntPtr, Oracle.DataAccess.Client.OpoSqlValCtx*, System.Object, System.String, Boolean, Int32, Oracle.DataAccess.Client.OracleLogicalTransaction), Línea: 0] - ORA-00904: "DESCRIPCION_ORDEN": identificador no válido
ORA-06512: en "MIGI.PKG_MIGI_FILTRO", línea 32
ORA-06512: en línea 1
16/04/2021 17:01:14: [Método: Void HandleError(Int32, Oracle.DataAccess.Client.OracleConnection, System.String, IntPtr, Oracle.DataAccess.Client.OpoSqlValCtx*, System.Object, Boolean, Oracle.DataAccess.Client.OracleLogicalTransaction), Línea: 0] - ORA-00904: "DESCRIPCION_ORDEN": identificador no válido
ORA-06512: en "MIGI.PKG_MIGI_FILTRO", línea 32
ORA-06512: en línea 1
16/04/2021 17:01:14: [Método: Oracle.DataAccess.Client.OracleDataReader ExecuteReader(Boolean, Boolean, System.Data.CommandBehavior), Línea: 0] - ORA-00904: "DESCRIPCION_ORDEN": identificador no válido
ORA-06512: en "MIGI.PKG_MIGI_FILTRO", línea 32
ORA-06512: en línea 1
16/04/2021 17:01:14: [Método: System.Data.Common.DbDataReader ExecuteDbDataReader(System.Data.CommandBehavior), Línea: 0] - ORA-00904: "DESCRIPCION_ORDEN": identificador no válido
ORA-06512: en "MIGI.PKG_MIGI_FILTRO", línea 32
ORA-06512: en línea 1
16/04/2021 17:01:14: [Método: System.Data.IDataReader System.Data.IDbCommand.ExecuteReader(System.Data.CommandBehavior), Línea: 0] - ORA-00904: "DESCRIPCION_ORDEN": identificador no válido
ORA-06512: en "MIGI.PKG_MIGI_FILTRO", línea 32
ORA-06512: en línea 1
16/04/2021 17:01:14: [Método: System.Data.IDataReader ExecuteReaderWithFlagsFallback(System.Data.IDbCommand, Boolean, System.Data.CommandBehavior), Línea: 0] - ORA-00904: "DESCRIPCION_ORDEN": identificador no válido
ORA-06512: en "MIGI.PKG_MIGI_FILTRO", línea 32
ORA-06512: en línea 1
16/04/2021 17:01:14: [Método: Boolean MoveNext(), Línea: 0] - ORA-00904: "DESCRIPCION_ORDEN": identificador no válido
ORA-06512: en "MIGI.PKG_MIGI_FILTRO", línea 32
ORA-06512: en línea 1
16/04/2021 17:01:14: [Método: Void .ctor(System.Collections.Generic.IEnumerable`1[T]), Línea: 0] - ORA-00904: "DESCRIPCION_ORDEN": identificador no válido
ORA-06512: en "MIGI.PKG_MIGI_FILTRO", línea 32
ORA-06512: en línea 1
16/04/2021 17:01:14: [Método: System.Collections.Generic.List`1[TSource] ToList[TSource](System.Collections.Generic.IEnumerable`1[TSource]), Línea: 0] - ORA-00904: "DESCRIPCION_ORDEN": identificador no válido
ORA-06512: en "MIGI.PKG_MIGI_FILTRO", línea 32
ORA-06512: en línea 1
16/04/2021 17:01:14: [Método: System.Collections.Generic.IEnumerable`1[T] Query[T](System.Data.IDbConnection, System.String, System.Object, System.Data.IDbTransaction, Boolean, System.Nullable`1[System.Int32], System.Nullable`1[System.Data.CommandType]), Línea: 0] - ORA-00904: "DESCRIPCION_ORDEN": identificador no válido
ORA-06512: en "MIGI.PKG_MIGI_FILTRO", línea 32
ORA-06512: en línea 1
16/04/2021 17:01:14: [Método: System.Collections.Generic.List`1[MINEM.MIGI.Entidad.GraficoN1M8UBE] FiltrarPalabraBusquedaM8U(System.String, Oracle.DataAccess.Client.OracleConnection), Línea: 88] - ORA-00904: "DESCRIPCION_ORDEN": identificador no válido
ORA-06512: en "MIGI.PKG_MIGI_FILTRO", línea 32
ORA-06512: en línea 1
16/04/2021 17:01:18: [Método: Void HandleErrorHelper(Int32, Oracle.DataAccess.Client.OracleConnection, IntPtr, Oracle.DataAccess.Client.OpoSqlValCtx*, System.Object, System.String, Boolean, Int32, Oracle.DataAccess.Client.OracleLogicalTransaction), Línea: 0] - ORA-00904: "DESCRIPCION_ORDEN": identificador no válido
ORA-06512: en "MIGI.PKG_MIGI_FILTRO", línea 32
ORA-06512: en línea 1
16/04/2021 17:01:18: [Método: Void HandleError(Int32, Oracle.DataAccess.Client.OracleConnection, System.String, IntPtr, Oracle.DataAccess.Client.OpoSqlValCtx*, System.Object, Boolean, Oracle.DataAccess.Client.OracleLogicalTransaction), Línea: 0] - ORA-00904: "DESCRIPCION_ORDEN": identificador no válido
ORA-06512: en "MIGI.PKG_MIGI_FILTRO", línea 32
ORA-06512: en línea 1
16/04/2021 17:01:18: [Método: Oracle.DataAccess.Client.OracleDataReader ExecuteReader(Boolean, Boolean, System.Data.CommandBehavior), Línea: 0] - ORA-00904: "DESCRIPCION_ORDEN": identificador no válido
ORA-06512: en "MIGI.PKG_MIGI_FILTRO", línea 32
ORA-06512: en línea 1
16/04/2021 17:01:18: [Método: System.Data.Common.DbDataReader ExecuteDbDataReader(System.Data.CommandBehavior), Línea: 0] - ORA-00904: "DESCRIPCION_ORDEN": identificador no válido
ORA-06512: en "MIGI.PKG_MIGI_FILTRO", línea 32
ORA-06512: en línea 1
16/04/2021 17:01:18: [Método: System.Data.IDataReader System.Data.IDbCommand.ExecuteReader(System.Data.CommandBehavior), Línea: 0] - ORA-00904: "DESCRIPCION_ORDEN": identificador no válido
ORA-06512: en "MIGI.PKG_MIGI_FILTRO", línea 32
ORA-06512: en línea 1
16/04/2021 17:01:18: [Método: System.Data.IDataReader ExecuteReaderWithFlagsFallback(System.Data.IDbCommand, Boolean, System.Data.CommandBehavior), Línea: 0] - ORA-00904: "DESCRIPCION_ORDEN": identificador no válido
ORA-06512: en "MIGI.PKG_MIGI_FILTRO", línea 32
ORA-06512: en línea 1
16/04/2021 17:01:18: [Método: Boolean MoveNext(), Línea: 0] - ORA-00904: "DESCRIPCION_ORDEN": identificador no válido
ORA-06512: en "MIGI.PKG_MIGI_FILTRO", línea 32
ORA-06512: en línea 1
16/04/2021 17:01:18: [Método: Void .ctor(System.Collections.Generic.IEnumerable`1[T]), Línea: 0] - ORA-00904: "DESCRIPCION_ORDEN": identificador no válido
ORA-06512: en "MIGI.PKG_MIGI_FILTRO", línea 32
ORA-06512: en línea 1
16/04/2021 17:01:18: [Método: System.Collections.Generic.List`1[TSource] ToList[TSource](System.Collections.Generic.IEnumerable`1[TSource]), Línea: 0] - ORA-00904: "DESCRIPCION_ORDEN": identificador no válido
ORA-06512: en "MIGI.PKG_MIGI_FILTRO", línea 32
ORA-06512: en línea 1
16/04/2021 17:01:18: [Método: System.Collections.Generic.IEnumerable`1[T] Query[T](System.Data.IDbConnection, System.String, System.Object, System.Data.IDbTransaction, Boolean, System.Nullable`1[System.Int32], System.Nullable`1[System.Data.CommandType]), Línea: 0] - ORA-00904: "DESCRIPCION_ORDEN": identificador no válido
ORA-06512: en "MIGI.PKG_MIGI_FILTRO", línea 32
ORA-06512: en línea 1
16/04/2021 17:01:18: [Método: System.Collections.Generic.List`1[MINEM.MIGI.Entidad.GraficoN1M8UBE] FiltrarPalabraBusquedaM8U(System.String, Oracle.DataAccess.Client.OracleConnection), Línea: 88] - ORA-00904: "DESCRIPCION_ORDEN": identificador no válido
ORA-06512: en "MIGI.PKG_MIGI_FILTRO", línea 32
ORA-06512: en línea 1
16/04/2021 17:01:18: [Método: Void HandleErrorHelper(Int32, Oracle.DataAccess.Client.OracleConnection, IntPtr, Oracle.DataAccess.Client.OpoSqlValCtx*, System.Object, System.String, Boolean, Int32, Oracle.DataAccess.Client.OracleLogicalTransaction), Línea: 0] - ORA-00904: "DESCRIPCION_ORDEN": identificador no válido
ORA-06512: en "MIGI.PKG_MIGI_FILTRO", línea 32
ORA-06512: en línea 1
16/04/2021 17:01:18: [Método: Void HandleError(Int32, Oracle.DataAccess.Client.OracleConnection, System.String, IntPtr, Oracle.DataAccess.Client.OpoSqlValCtx*, System.Object, Boolean, Oracle.DataAccess.Client.OracleLogicalTransaction), Línea: 0] - ORA-00904: "DESCRIPCION_ORDEN": identificador no válido
ORA-06512: en "MIGI.PKG_MIGI_FILTRO", línea 32
ORA-06512: en línea 1
16/04/2021 17:01:18: [Método: Oracle.DataAccess.Client.OracleDataReader ExecuteReader(Boolean, Boolean, System.Data.CommandBehavior), Línea: 0] - ORA-00904: "DESCRIPCION_ORDEN": identificador no válido
ORA-06512: en "MIGI.PKG_MIGI_FILTRO", línea 32
ORA-06512: en línea 1
16/04/2021 17:01:18: [Método: System.Data.Common.DbDataReader ExecuteDbDataReader(System.Data.CommandBehavior), Línea: 0] - ORA-00904: "DESCRIPCION_ORDEN": identificador no válido
ORA-06512: en "MIGI.PKG_MIGI_FILTRO", línea 32
ORA-06512: en línea 1
16/04/2021 17:01:18: [Método: System.Data.IDataReader System.Data.IDbCommand.ExecuteReader(System.Data.CommandBehavior), Línea: 0] - ORA-00904: "DESCRIPCION_ORDEN": identificador no válido
ORA-06512: en "MIGI.PKG_MIGI_FILTRO", línea 32
ORA-06512: en línea 1
16/04/2021 17:01:18: [Método: System.Data.IDataReader ExecuteReaderWithFlagsFallback(System.Data.IDbCommand, Boolean, System.Data.CommandBehavior), Línea: 0] - ORA-00904: "DESCRIPCION_ORDEN": identificador no válido
ORA-06512: en "MIGI.PKG_MIGI_FILTRO", línea 32
ORA-06512: en línea 1
16/04/2021 17:01:18: [Método: Boolean MoveNext(), Línea: 0] - ORA-00904: "DESCRIPCION_ORDEN": identificador no válido
ORA-06512: en "MIGI.PKG_MIGI_FILTRO", línea 32
ORA-06512: en línea 1
16/04/2021 17:01:18: [Método: Void .ctor(System.Collections.Generic.IEnumerable`1[T]), Línea: 0] - ORA-00904: "DESCRIPCION_ORDEN": identificador no válido
ORA-06512: en "MIGI.PKG_MIGI_FILTRO", línea 32
ORA-06512: en línea 1
16/04/2021 17:01:18: [Método: System.Collections.Generic.List`1[TSource] ToList[TSource](System.Collections.Generic.IEnumerable`1[TSource]), Línea: 0] - ORA-00904: "DESCRIPCION_ORDEN": identificador no válido
ORA-06512: en "MIGI.PKG_MIGI_FILTRO", línea 32
ORA-06512: en línea 1
16/04/2021 17:01:18: [Método: System.Collections.Generic.IEnumerable`1[T] Query[T](System.Data.IDbConnection, System.String, System.Object, System.Data.IDbTransaction, Boolean, System.Nullable`1[System.Int32], System.Nullable`1[System.Data.CommandType]), Línea: 0] - ORA-00904: "DESCRIPCION_ORDEN": identificador no válido
ORA-06512: en "MIGI.PKG_MIGI_FILTRO", línea 32
ORA-06512: en línea 1
16/04/2021 17:01:18: [Método: System.Collections.Generic.List`1[MINEM.MIGI.Entidad.GraficoN1M8UBE] FiltrarPalabraBusquedaM8U(System.String, Oracle.DataAccess.Client.OracleConnection), Línea: 88] - ORA-00904: "DESCRIPCION_ORDEN": identificador no válido
ORA-06512: en "MIGI.PKG_MIGI_FILTRO", línea 32
ORA-06512: en línea 1
16/04/2021 17:01:21: [Método: Void HandleErrorHelper(Int32, Oracle.DataAccess.Client.OracleConnection, IntPtr, Oracle.DataAccess.Client.OpoSqlValCtx*, System.Object, System.String, Boolean, Int32, Oracle.DataAccess.Client.OracleLogicalTransaction), Línea: 0] - ORA-00904: "DESCRIPCION_ORDEN": identificador no válido
ORA-06512: en "MIGI.PKG_MIGI_FILTRO", línea 32
ORA-06512: en línea 1
16/04/2021 17:01:21: [Método: Void HandleError(Int32, Oracle.DataAccess.Client.OracleConnection, System.String, IntPtr, Oracle.DataAccess.Client.OpoSqlValCtx*, System.Object, Boolean, Oracle.DataAccess.Client.OracleLogicalTransaction), Línea: 0] - ORA-00904: "DESCRIPCION_ORDEN": identificador no válido
ORA-06512: en "MIGI.PKG_MIGI_FILTRO", línea 32
ORA-06512: en línea 1
16/04/2021 17:01:21: [Método: Oracle.DataAccess.Client.OracleDataReader ExecuteReader(Boolean, Boolean, System.Data.CommandBehavior), Línea: 0] - ORA-00904: "DESCRIPCION_ORDEN": identificador no válido
ORA-06512: en "MIGI.PKG_MIGI_FILTRO", línea 32
ORA-06512: en línea 1
16/04/2021 17:01:21: [Método: System.Data.Common.DbDataReader ExecuteDbDataReader(System.Data.CommandBehavior), Línea: 0] - ORA-00904: "DESCRIPCION_ORDEN": identificador no válido
ORA-06512: en "MIGI.PKG_MIGI_FILTRO", línea 32
ORA-06512: en línea 1
16/04/2021 17:01:21: [Método: System.Data.IDataReader System.Data.IDbCommand.ExecuteReader(System.Data.CommandBehavior), Línea: 0] - ORA-00904: "DESCRIPCION_ORDEN": identificador no válido
ORA-06512: en "MIGI.PKG_MIGI_FILTRO", línea 32
ORA-06512: en línea 1
16/04/2021 17:01:21: [Método: System.Data.IDataReader ExecuteReaderWithFlagsFallback(System.Data.IDbCommand, Boolean, System.Data.CommandBehavior), Línea: 0] - ORA-00904: "DESCRIPCION_ORDEN": identificador no válido
ORA-06512: en "MIGI.PKG_MIGI_FILTRO", línea 32
ORA-06512: en línea 1
16/04/2021 17:01:21: [Método: Boolean MoveNext(), Línea: 0] - ORA-00904: "DESCRIPCION_ORDEN": identificador no válido
ORA-06512: en "MIGI.PKG_MIGI_FILTRO", línea 32
ORA-06512: en línea 1
16/04/2021 17:01:21: [Método: Void .ctor(System.Collections.Generic.IEnumerable`1[T]), Línea: 0] - ORA-00904: "DESCRIPCION_ORDEN": identificador no válido
ORA-06512: en "MIGI.PKG_MIGI_FILTRO", línea 32
ORA-06512: en línea 1
16/04/2021 17:01:21: [Método: System.Collections.Generic.List`1[TSource] ToList[TSource](System.Collections.Generic.IEnumerable`1[TSource]), Línea: 0] - ORA-00904: "DESCRIPCION_ORDEN": identificador no válido
ORA-06512: en "MIGI.PKG_MIGI_FILTRO", línea 32
ORA-06512: en línea 1
16/04/2021 17:01:21: [Método: System.Collections.Generic.IEnumerable`1[T] Query[T](System.Data.IDbConnection, System.String, System.Object, System.Data.IDbTransaction, Boolean, System.Nullable`1[System.Int32], System.Nullable`1[System.Data.CommandType]), Línea: 0] - ORA-00904: "DESCRIPCION_ORDEN": identificador no válido
ORA-06512: en "MIGI.PKG_MIGI_FILTRO", línea 32
ORA-06512: en línea 1
16/04/2021 17:01:21: [Método: System.Collections.Generic.List`1[MINEM.MIGI.Entidad.GraficoN1M8UBE] FiltrarPalabraBusquedaM8U(System.String, Oracle.DataAccess.Client.OracleConnection), Línea: 88] - ORA-00904: "DESCRIPCION_ORDEN": identificador no válido
ORA-06512: en "MIGI.PKG_MIGI_FILTRO", línea 32
ORA-06512: en línea 1
16/04/2021 17:01:21: [Método: Void HandleErrorHelper(Int32, Oracle.DataAccess.Client.OracleConnection, IntPtr, Oracle.DataAccess.Client.OpoSqlValCtx*, System.Object, System.String, Boolean, Int32, Oracle.DataAccess.Client.OracleLogicalTransaction), Línea: 0] - ORA-00904: "DESCRIPCION_ORDEN": identificador no válido
ORA-06512: en "MIGI.PKG_MIGI_FILTRO", línea 32
ORA-06512: en línea 1
16/04/2021 17:01:21: [Método: Void HandleError(Int32, Oracle.DataAccess.Client.OracleConnection, System.String, IntPtr, Oracle.DataAccess.Client.OpoSqlValCtx*, System.Object, Boolean, Oracle.DataAccess.Client.OracleLogicalTransaction), Línea: 0] - ORA-00904: "DESCRIPCION_ORDEN": identificador no válido
ORA-06512: en "MIGI.PKG_MIGI_FILTRO", línea 32
ORA-06512: en línea 1
16/04/2021 17:01:21: [Método: Oracle.DataAccess.Client.OracleDataReader ExecuteReader(Boolean, Boolean, System.Data.CommandBehavior), Línea: 0] - ORA-00904: "DESCRIPCION_ORDEN": identificador no válido
ORA-06512: en "MIGI.PKG_MIGI_FILTRO", línea 32
ORA-06512: en línea 1
16/04/2021 17:01:21: [Método: System.Data.Common.DbDataReader ExecuteDbDataReader(System.Data.CommandBehavior), Línea: 0] - ORA-00904: "DESCRIPCION_ORDEN": identificador no válido
ORA-06512: en "MIGI.PKG_MIGI_FILTRO", línea 32
ORA-06512: en línea 1
16/04/2021 17:01:21: [Método: System.Data.IDataReader System.Data.IDbCommand.ExecuteReader(System.Data.CommandBehavior), Línea: 0] - ORA-00904: "DESCRIPCION_ORDEN": identificador no válido
ORA-06512: en "MIGI.PKG_MIGI_FILTRO", línea 32
ORA-06512: en línea 1
16/04/2021 17:01:21: [Método: System.Data.IDataReader ExecuteReaderWithFlagsFallback(System.Data.IDbCommand, Boolean, System.Data.CommandBehavior), Línea: 0] - ORA-00904: "DESCRIPCION_ORDEN": identificador no válido
ORA-06512: en "MIGI.PKG_MIGI_FILTRO", línea 32
ORA-06512: en línea 1
16/04/2021 17:01:21: [Método: Boolean MoveNext(), Línea: 0] - ORA-00904: "DESCRIPCION_ORDEN": identificador no válido
ORA-06512: en "MIGI.PKG_MIGI_FILTRO", línea 32
ORA-06512: en línea 1
16/04/2021 17:01:21: [Método: Void .ctor(System.Collections.Generic.IEnumerable`1[T]), Línea: 0] - ORA-00904: "DESCRIPCION_ORDEN": identificador no válido
ORA-06512: en "MIGI.PKG_MIGI_FILTRO", línea 32
ORA-06512: en línea 1
16/04/2021 17:01:21: [Método: System.Collections.Generic.List`1[TSource] ToList[TSource](System.Collections.Generic.IEnumerable`1[TSource]), Línea: 0] - ORA-00904: "DESCRIPCION_ORDEN": identificador no válido
ORA-06512: en "MIGI.PKG_MIGI_FILTRO", línea 32
ORA-06512: en línea 1
16/04/2021 17:01:21: [Método: System.Collections.Generic.IEnumerable`1[T] Query[T](System.Data.IDbConnection, System.String, System.Object, System.Data.IDbTransaction, Boolean, System.Nullable`1[System.Int32], System.Nullable`1[System.Data.CommandType]), Línea: 0] - ORA-00904: "DESCRIPCION_ORDEN": identificador no válido
ORA-06512: en "MIGI.PKG_MIGI_FILTRO", línea 32
ORA-06512: en línea 1
16/04/2021 17:01:21: [Método: System.Collections.Generic.List`1[MINEM.MIGI.Entidad.GraficoN1M8UBE] FiltrarPalabraBusquedaM8U(System.String, Oracle.DataAccess.Client.OracleConnection), Línea: 88] - ORA-00904: "DESCRIPCION_ORDEN": identificador no válido
ORA-06512: en "MIGI.PKG_MIGI_FILTRO", línea 32
ORA-06512: en línea 1
16/04/2021 17:01:25: [Método: Void HandleErrorHelper(Int32, Oracle.DataAccess.Client.OracleConnection, IntPtr, Oracle.DataAccess.Client.OpoSqlValCtx*, System.Object, System.String, Boolean, Int32, Oracle.DataAccess.Client.OracleLogicalTransaction), Línea: 0] - ORA-00904: "DESCRIPCION_ORDEN": identificador no válido
ORA-06512: en "MIGI.PKG_MIGI_FILTRO", línea 32
ORA-06512: en línea 1
16/04/2021 17:01:25: [Método: Void HandleError(Int32, Oracle.DataAccess.Client.OracleConnection, System.String, IntPtr, Oracle.DataAccess.Client.OpoSqlValCtx*, System.Object, Boolean, Oracle.DataAccess.Client.OracleLogicalTransaction), Línea: 0] - ORA-00904: "DESCRIPCION_ORDEN": identificador no válido
ORA-06512: en "MIGI.PKG_MIGI_FILTRO", línea 32
ORA-06512: en línea 1
16/04/2021 17:01:25: [Método: Oracle.DataAccess.Client.OracleDataReader ExecuteReader(Boolean, Boolean, System.Data.CommandBehavior), Línea: 0] - ORA-00904: "DESCRIPCION_ORDEN": identificador no válido
ORA-06512: en "MIGI.PKG_MIGI_FILTRO", línea 32
ORA-06512: en línea 1
16/04/2021 17:01:25: [Método: System.Data.Common.DbDataReader ExecuteDbDataReader(System.Data.CommandBehavior), Línea: 0] - ORA-00904: "DESCRIPCION_ORDEN": identificador no válido
ORA-06512: en "MIGI.PKG_MIGI_FILTRO", línea 32
ORA-06512: en línea 1
16/04/2021 17:01:25: [Método: System.Data.IDataReader System.Data.IDbCommand.ExecuteReader(System.Data.CommandBehavior), Línea: 0] - ORA-00904: "DESCRIPCION_ORDEN": identificador no válido
ORA-06512: en "MIGI.PKG_MIGI_FILTRO", línea 32
ORA-06512: en línea 1
16/04/2021 17:01:25: [Método: System.Data.IDataReader ExecuteReaderWithFlagsFallback(System.Data.IDbCommand, Boolean, System.Data.CommandBehavior), Línea: 0] - ORA-00904: "DESCRIPCION_ORDEN": identificador no válido
ORA-06512: en "MIGI.PKG_MIGI_FILTRO", línea 32
ORA-06512: en línea 1
16/04/2021 17:01:25: [Método: Boolean MoveNext(), Línea: 0] - ORA-00904: "DESCRIPCION_ORDEN": identificador no válido
ORA-06512: en "MIGI.PKG_MIGI_FILTRO", línea 32
ORA-06512: en línea 1
16/04/2021 17:01:25: [Método: Void .ctor(System.Collections.Generic.IEnumerable`1[T]), Línea: 0] - ORA-00904: "DESCRIPCION_ORDEN": identificador no válido
ORA-06512: en "MIGI.PKG_MIGI_FILTRO", línea 32
ORA-06512: en línea 1
16/04/2021 17:01:25: [Método: System.Collections.Generic.List`1[TSource] ToList[TSource](System.Collections.Generic.IEnumerable`1[TSource]), Línea: 0] - ORA-00904: "DESCRIPCION_ORDEN": identificador no válido
ORA-06512: en "MIGI.PKG_MIGI_FILTRO", línea 32
ORA-06512: en línea 1
16/04/2021 17:01:25: [Método: System.Collections.Generic.IEnumerable`1[T] Query[T](System.Data.IDbConnection, System.String, System.Object, System.Data.IDbTransaction, Boolean, System.Nullable`1[System.Int32], System.Nullable`1[System.Data.CommandType]), Línea: 0] - ORA-00904: "DESCRIPCION_ORDEN": identificador no válido
ORA-06512: en "MIGI.PKG_MIGI_FILTRO", línea 32
ORA-06512: en línea 1
16/04/2021 17:01:25: [Método: System.Collections.Generic.List`1[MINEM.MIGI.Entidad.GraficoN1M8UBE] FiltrarPalabraBusquedaM8U(System.String, Oracle.DataAccess.Client.OracleConnection), Línea: 88] - ORA-00904: "DESCRIPCION_ORDEN": identificador no válido
ORA-06512: en "MIGI.PKG_MIGI_FILTRO", línea 32
ORA-06512: en línea 1
16/04/2021 17:01:25: [Método: Void HandleErrorHelper(Int32, Oracle.DataAccess.Client.OracleConnection, IntPtr, Oracle.DataAccess.Client.OpoSqlValCtx*, System.Object, System.String, Boolean, Int32, Oracle.DataAccess.Client.OracleLogicalTransaction), Línea: 0] - ORA-00904: "DESCRIPCION_ORDEN": identificador no válido
ORA-06512: en "MIGI.PKG_MIGI_FILTRO", línea 32
ORA-06512: en línea 1
16/04/2021 17:01:25: [Método: Void HandleError(Int32, Oracle.DataAccess.Client.OracleConnection, System.String, IntPtr, Oracle.DataAccess.Client.OpoSqlValCtx*, System.Object, Boolean, Oracle.DataAccess.Client.OracleLogicalTransaction), Línea: 0] - ORA-00904: "DESCRIPCION_ORDEN": identificador no válido
ORA-06512: en "MIGI.PKG_MIGI_FILTRO", línea 32
ORA-06512: en línea 1
16/04/2021 17:01:25: [Método: Oracle.DataAccess.Client.OracleDataReader ExecuteReader(Boolean, Boolean, System.Data.CommandBehavior), Línea: 0] - ORA-00904: "DESCRIPCION_ORDEN": identificador no válido
ORA-06512: en "MIGI.PKG_MIGI_FILTRO", línea 32
ORA-06512: en línea 1
16/04/2021 17:01:25: [Método: System.Data.Common.DbDataReader ExecuteDbDataReader(System.Data.CommandBehavior), Línea: 0] - ORA-00904: "DESCRIPCION_ORDEN": identificador no válido
ORA-06512: en "MIGI.PKG_MIGI_FILTRO", línea 32
ORA-06512: en línea 1
16/04/2021 17:01:25: [Método: System.Data.IDataReader System.Data.IDbCommand.ExecuteReader(System.Data.CommandBehavior), Línea: 0] - ORA-00904: "DESCRIPCION_ORDEN": identificador no válido
ORA-06512: en "MIGI.PKG_MIGI_FILTRO", línea 32
ORA-06512: en línea 1
16/04/2021 17:01:25: [Método: System.Data.IDataReader ExecuteReaderWithFlagsFallback(System.Data.IDbCommand, Boolean, System.Data.CommandBehavior), Línea: 0] - ORA-00904: "DESCRIPCION_ORDEN": identificador no válido
ORA-06512: en "MIGI.PKG_MIGI_FILTRO", línea 32
ORA-06512: en línea 1
16/04/2021 17:01:25: [Método: Boolean MoveNext(), Línea: 0] - ORA-00904: "DESCRIPCION_ORDEN": identificador no válido
ORA-06512: en "MIGI.PKG_MIGI_FILTRO", línea 32
ORA-06512: en línea 1
16/04/2021 17:01:25: [Método: Void .ctor(System.Collections.Generic.IEnumerable`1[T]), Línea: 0] - ORA-00904: "DESCRIPCION_ORDEN": identificador no válido
ORA-06512: en "MIGI.PKG_MIGI_FILTRO", línea 32
ORA-06512: en línea 1
16/04/2021 17:01:25: [Método: System.Collections.Generic.List`1[TSource] ToList[TSource](System.Collections.Generic.IEnumerable`1[TSource]), Línea: 0] - ORA-00904: "DESCRIPCION_ORDEN": identificador no válido
ORA-06512: en "MIGI.PKG_MIGI_FILTRO", línea 32
ORA-06512: en línea 1
16/04/2021 17:01:25: [Método: System.Collections.Generic.IEnumerable`1[T] Query[T](System.Data.IDbConnection, System.String, System.Object, System.Data.IDbTransaction, Boolean, System.Nullable`1[System.Int32], System.Nullable`1[System.Data.CommandType]), Línea: 0] - ORA-00904: "DESCRIPCION_ORDEN": identificador no válido
ORA-06512: en "MIGI.PKG_MIGI_FILTRO", línea 32
ORA-06512: en línea 1
16/04/2021 17:01:25: [Método: System.Collections.Generic.List`1[MINEM.MIGI.Entidad.GraficoN1M8UBE] FiltrarPalabraBusquedaM8U(System.String, Oracle.DataAccess.Client.OracleConnection), Línea: 88] - ORA-00904: "DESCRIPCION_ORDEN": identificador no válido
ORA-06512: en "MIGI.PKG_MIGI_FILTRO", línea 32
ORA-06512: en línea 1
