8/04/2021 15:54:13: [Método: Void HandleErrorHelper(Int32, Oracle.DataAccess.Client.OracleConnection, IntPtr, Oracle.DataAccess.Client.OpoSqlValCtx*, System.Object, System.String, Boolean, Int32, Oracle.DataAccess.Client.OracleLogicalTransaction), Línea: 0] - ORA-06550: línea 1, columna 7:
PLS-00306: número o tipos de argumentos erróneos al llamar a 'USP_SEL_USUARIO_CORREO'
ORA-06550: línea 1, columna 7:
PL/SQL: Statement ignored
8/04/2021 15:54:13: [Método: Void HandleError(Int32, Oracle.DataAccess.Client.OracleConnection, System.String, IntPtr, Oracle.DataAccess.Client.OpoSqlValCtx*, System.Object, Boolean, Oracle.DataAccess.Client.OracleLogicalTransaction), Línea: 0] - ORA-06550: línea 1, columna 7:
PLS-00306: número o tipos de argumentos erróneos al llamar a 'USP_SEL_USUARIO_CORREO'
ORA-06550: línea 1, columna 7:
PL/SQL: Statement ignored
8/04/2021 15:54:13: [Método: Oracle.DataAccess.Client.OracleDataReader ExecuteReader(Boolean, Boolean, System.Data.CommandBehavior), Línea: 0] - ORA-06550: línea 1, columna 7:
PLS-00306: número o tipos de argumentos erróneos al llamar a 'USP_SEL_USUARIO_CORREO'
ORA-06550: línea 1, columna 7:
PL/SQL: Statement ignored
8/04/2021 15:54:13: [Método: System.Data.Common.DbDataReader ExecuteDbDataReader(System.Data.CommandBehavior), Línea: 0] - ORA-06550: línea 1, columna 7:
PLS-00306: número o tipos de argumentos erróneos al llamar a 'USP_SEL_USUARIO_CORREO'
ORA-06550: línea 1, columna 7:
PL/SQL: Statement ignored
8/04/2021 15:54:13: [Método: System.Data.IDataReader System.Data.IDbCommand.ExecuteReader(System.Data.CommandBehavior), Línea: 0] - ORA-06550: línea 1, columna 7:
PLS-00306: número o tipos de argumentos erróneos al llamar a 'USP_SEL_USUARIO_CORREO'
ORA-06550: línea 1, columna 7:
PL/SQL: Statement ignored
8/04/2021 15:54:13: [Método: System.Data.IDataReader ExecuteReaderWithFlagsFallback(System.Data.IDbCommand, Boolean, System.Data.CommandBehavior), Línea: 0] - ORA-06550: línea 1, columna 7:
PLS-00306: número o tipos de argumentos erróneos al llamar a 'USP_SEL_USUARIO_CORREO'
ORA-06550: línea 1, columna 7:
PL/SQL: Statement ignored
8/04/2021 15:54:13: [Método: Boolean MoveNext(), Línea: 0] - ORA-06550: línea 1, columna 7:
PLS-00306: número o tipos de argumentos erróneos al llamar a 'USP_SEL_USUARIO_CORREO'
ORA-06550: línea 1, columna 7:
PL/SQL: Statement ignored
8/04/2021 15:54:13: [Método: Void .ctor(System.Collections.Generic.IEnumerable`1[T]), Línea: 0] - ORA-06550: línea 1, columna 7:
PLS-00306: número o tipos de argumentos erróneos al llamar a 'USP_SEL_USUARIO_CORREO'
ORA-06550: línea 1, columna 7:
PL/SQL: Statement ignored
8/04/2021 15:54:13: [Método: System.Collections.Generic.List`1[TSource] ToList[TSource](System.Collections.Generic.IEnumerable`1[TSource]), Línea: 0] - ORA-06550: línea 1, columna 7:
PLS-00306: número o tipos de argumentos erróneos al llamar a 'USP_SEL_USUARIO_CORREO'
ORA-06550: línea 1, columna 7:
PL/SQL: Statement ignored
8/04/2021 15:54:13: [Método: System.Collections.Generic.IEnumerable`1[T] Query[T](System.Data.IDbConnection, System.String, System.Object, System.Data.IDbTransaction, Boolean, System.Nullable`1[System.Int32], System.Nullable`1[System.Data.CommandType]), Línea: 0] - ORA-06550: línea 1, columna 7:
PLS-00306: número o tipos de argumentos erróneos al llamar a 'USP_SEL_USUARIO_CORREO'
ORA-06550: línea 1, columna 7:
PL/SQL: Statement ignored
8/04/2021 15:54:13: [Método: System.Collections.Generic.List`1[MINEM.MIGI.Entidad.PalabraClaveBE] ListarPalabraClave(Oracle.DataAccess.Client.OracleConnection), Línea: 25] - ORA-06550: línea 1, columna 7:
PLS-00306: número o tipos de argumentos erróneos al llamar a 'USP_SEL_USUARIO_CORREO'
ORA-06550: línea 1, columna 7:
PL/SQL: Statement ignored
8/04/2021 15:55:23: [Método: Void HandleErrorHelper(Int32, Oracle.DataAccess.Client.OracleConnection, IntPtr, Oracle.DataAccess.Client.OpoSqlValCtx*, System.Object, System.String, Boolean, Int32, Oracle.DataAccess.Client.OracleLogicalTransaction), Línea: 0] - ORA-06550: línea 1, columna 7:
PLS-00306: número o tipos de argumentos erróneos al llamar a 'USP_SEL_USUARIO_CORREO'
ORA-06550: línea 1, columna 7:
PL/SQL: Statement ignored
8/04/2021 15:55:23: [Método: Void HandleError(Int32, Oracle.DataAccess.Client.OracleConnection, System.String, IntPtr, Oracle.DataAccess.Client.OpoSqlValCtx*, System.Object, Boolean, Oracle.DataAccess.Client.OracleLogicalTransaction), Línea: 0] - ORA-06550: línea 1, columna 7:
PLS-00306: número o tipos de argumentos erróneos al llamar a 'USP_SEL_USUARIO_CORREO'
ORA-06550: línea 1, columna 7:
PL/SQL: Statement ignored
8/04/2021 15:55:23: [Método: Oracle.DataAccess.Client.OracleDataReader ExecuteReader(Boolean, Boolean, System.Data.CommandBehavior), Línea: 0] - ORA-06550: línea 1, columna 7:
PLS-00306: número o tipos de argumentos erróneos al llamar a 'USP_SEL_USUARIO_CORREO'
ORA-06550: línea 1, columna 7:
PL/SQL: Statement ignored
8/04/2021 15:55:23: [Método: System.Data.Common.DbDataReader ExecuteDbDataReader(System.Data.CommandBehavior), Línea: 0] - ORA-06550: línea 1, columna 7:
PLS-00306: número o tipos de argumentos erróneos al llamar a 'USP_SEL_USUARIO_CORREO'
ORA-06550: línea 1, columna 7:
PL/SQL: Statement ignored
8/04/2021 15:55:23: [Método: System.Data.IDataReader System.Data.IDbCommand.ExecuteReader(System.Data.CommandBehavior), Línea: 0] - ORA-06550: línea 1, columna 7:
PLS-00306: número o tipos de argumentos erróneos al llamar a 'USP_SEL_USUARIO_CORREO'
ORA-06550: línea 1, columna 7:
PL/SQL: Statement ignored
8/04/2021 15:55:23: [Método: System.Data.IDataReader ExecuteReaderWithFlagsFallback(System.Data.IDbCommand, Boolean, System.Data.CommandBehavior), Línea: 0] - ORA-06550: línea 1, columna 7:
PLS-00306: número o tipos de argumentos erróneos al llamar a 'USP_SEL_USUARIO_CORREO'
ORA-06550: línea 1, columna 7:
PL/SQL: Statement ignored
8/04/2021 15:55:23: [Método: Boolean MoveNext(), Línea: 0] - ORA-06550: línea 1, columna 7:
PLS-00306: número o tipos de argumentos erróneos al llamar a 'USP_SEL_USUARIO_CORREO'
ORA-06550: línea 1, columna 7:
PL/SQL: Statement ignored
8/04/2021 15:55:23: [Método: Void .ctor(System.Collections.Generic.IEnumerable`1[T]), Línea: 0] - ORA-06550: línea 1, columna 7:
PLS-00306: número o tipos de argumentos erróneos al llamar a 'USP_SEL_USUARIO_CORREO'
ORA-06550: línea 1, columna 7:
PL/SQL: Statement ignored
8/04/2021 15:55:23: [Método: System.Collections.Generic.List`1[TSource] ToList[TSource](System.Collections.Generic.IEnumerable`1[TSource]), Línea: 0] - ORA-06550: línea 1, columna 7:
PLS-00306: número o tipos de argumentos erróneos al llamar a 'USP_SEL_USUARIO_CORREO'
ORA-06550: línea 1, columna 7:
PL/SQL: Statement ignored
8/04/2021 15:55:23: [Método: System.Collections.Generic.IEnumerable`1[T] Query[T](System.Data.IDbConnection, System.String, System.Object, System.Data.IDbTransaction, Boolean, System.Nullable`1[System.Int32], System.Nullable`1[System.Data.CommandType]), Línea: 0] - ORA-06550: línea 1, columna 7:
PLS-00306: número o tipos de argumentos erróneos al llamar a 'USP_SEL_USUARIO_CORREO'
ORA-06550: línea 1, columna 7:
PL/SQL: Statement ignored
8/04/2021 15:55:23: [Método: System.Collections.Generic.List`1[MINEM.MIGI.Entidad.PalabraClaveBE] ListarPalabraClave(Oracle.DataAccess.Client.OracleConnection), Línea: 25] - ORA-06550: línea 1, columna 7:
PLS-00306: número o tipos de argumentos erróneos al llamar a 'USP_SEL_USUARIO_CORREO'
ORA-06550: línea 1, columna 7:
PL/SQL: Statement ignored
8/04/2021 15:56:27: [Método: Void HandleErrorHelper(Int32, Oracle.DataAccess.Client.OracleConnection, IntPtr, Oracle.DataAccess.Client.OpoSqlValCtx*, System.Object, System.String, Boolean, Int32, Oracle.DataAccess.Client.OracleLogicalTransaction), Línea: 0] - ORA-06550: línea 1, columna 7:
PLS-00306: número o tipos de argumentos erróneos al llamar a 'USP_SEL_USUARIO_CORREO'
ORA-06550: línea 1, columna 7:
PL/SQL: Statement ignored
8/04/2021 15:56:27: [Método: Void HandleError(Int32, Oracle.DataAccess.Client.OracleConnection, System.String, IntPtr, Oracle.DataAccess.Client.OpoSqlValCtx*, System.Object, Boolean, Oracle.DataAccess.Client.OracleLogicalTransaction), Línea: 0] - ORA-06550: línea 1, columna 7:
PLS-00306: número o tipos de argumentos erróneos al llamar a 'USP_SEL_USUARIO_CORREO'
ORA-06550: línea 1, columna 7:
PL/SQL: Statement ignored
8/04/2021 15:56:27: [Método: Oracle.DataAccess.Client.OracleDataReader ExecuteReader(Boolean, Boolean, System.Data.CommandBehavior), Línea: 0] - ORA-06550: línea 1, columna 7:
PLS-00306: número o tipos de argumentos erróneos al llamar a 'USP_SEL_USUARIO_CORREO'
ORA-06550: línea 1, columna 7:
PL/SQL: Statement ignored
8/04/2021 15:56:27: [Método: System.Data.Common.DbDataReader ExecuteDbDataReader(System.Data.CommandBehavior), Línea: 0] - ORA-06550: línea 1, columna 7:
PLS-00306: número o tipos de argumentos erróneos al llamar a 'USP_SEL_USUARIO_CORREO'
ORA-06550: línea 1, columna 7:
PL/SQL: Statement ignored
8/04/2021 15:56:27: [Método: System.Data.IDataReader System.Data.IDbCommand.ExecuteReader(System.Data.CommandBehavior), Línea: 0] - ORA-06550: línea 1, columna 7:
PLS-00306: número o tipos de argumentos erróneos al llamar a 'USP_SEL_USUARIO_CORREO'
ORA-06550: línea 1, columna 7:
PL/SQL: Statement ignored
8/04/2021 15:56:27: [Método: System.Data.IDataReader ExecuteReaderWithFlagsFallback(System.Data.IDbCommand, Boolean, System.Data.CommandBehavior), Línea: 0] - ORA-06550: línea 1, columna 7:
PLS-00306: número o tipos de argumentos erróneos al llamar a 'USP_SEL_USUARIO_CORREO'
ORA-06550: línea 1, columna 7:
PL/SQL: Statement ignored
8/04/2021 15:56:27: [Método: Boolean MoveNext(), Línea: 0] - ORA-06550: línea 1, columna 7:
PLS-00306: número o tipos de argumentos erróneos al llamar a 'USP_SEL_USUARIO_CORREO'
ORA-06550: línea 1, columna 7:
PL/SQL: Statement ignored
8/04/2021 15:56:27: [Método: Void .ctor(System.Collections.Generic.IEnumerable`1[T]), Línea: 0] - ORA-06550: línea 1, columna 7:
PLS-00306: número o tipos de argumentos erróneos al llamar a 'USP_SEL_USUARIO_CORREO'
ORA-06550: línea 1, columna 7:
PL/SQL: Statement ignored
8/04/2021 15:56:27: [Método: System.Collections.Generic.List`1[TSource] ToList[TSource](System.Collections.Generic.IEnumerable`1[TSource]), Línea: 0] - ORA-06550: línea 1, columna 7:
PLS-00306: número o tipos de argumentos erróneos al llamar a 'USP_SEL_USUARIO_CORREO'
ORA-06550: línea 1, columna 7:
PL/SQL: Statement ignored
8/04/2021 15:56:27: [Método: System.Collections.Generic.IEnumerable`1[T] Query[T](System.Data.IDbConnection, System.String, System.Object, System.Data.IDbTransaction, Boolean, System.Nullable`1[System.Int32], System.Nullable`1[System.Data.CommandType]), Línea: 0] - ORA-06550: línea 1, columna 7:
PLS-00306: número o tipos de argumentos erróneos al llamar a 'USP_SEL_USUARIO_CORREO'
ORA-06550: línea 1, columna 7:
PL/SQL: Statement ignored
8/04/2021 15:56:27: [Método: System.Collections.Generic.List`1[MINEM.MIGI.Entidad.PalabraClaveBE] ListarPalabraClave(Oracle.DataAccess.Client.OracleConnection), Línea: 25] - ORA-06550: línea 1, columna 7:
PLS-00306: número o tipos de argumentos erróneos al llamar a 'USP_SEL_USUARIO_CORREO'
ORA-06550: línea 1, columna 7:
PL/SQL: Statement ignored
8/04/2021 15:59:26: [Método: Void HandleErrorHelper(Int32, Oracle.DataAccess.Client.OracleConnection, IntPtr, Oracle.DataAccess.Client.OpoSqlValCtx*, System.Object, System.String, Boolean, Int32, Oracle.DataAccess.Client.OracleLogicalTransaction), Línea: 0] - ORA-06550: línea 1, columna 7:
PLS-00306: número o tipos de argumentos erróneos al llamar a 'USP_SEL_USUARIO_CORREO'
ORA-06550: línea 1, columna 7:
PL/SQL: Statement ignored
8/04/2021 15:59:26: [Método: Void HandleError(Int32, Oracle.DataAccess.Client.OracleConnection, System.String, IntPtr, Oracle.DataAccess.Client.OpoSqlValCtx*, System.Object, Boolean, Oracle.DataAccess.Client.OracleLogicalTransaction), Línea: 0] - ORA-06550: línea 1, columna 7:
PLS-00306: número o tipos de argumentos erróneos al llamar a 'USP_SEL_USUARIO_CORREO'
ORA-06550: línea 1, columna 7:
PL/SQL: Statement ignored
8/04/2021 15:59:26: [Método: Oracle.DataAccess.Client.OracleDataReader ExecuteReader(Boolean, Boolean, System.Data.CommandBehavior), Línea: 0] - ORA-06550: línea 1, columna 7:
PLS-00306: número o tipos de argumentos erróneos al llamar a 'USP_SEL_USUARIO_CORREO'
ORA-06550: línea 1, columna 7:
PL/SQL: Statement ignored
8/04/2021 15:59:26: [Método: System.Data.Common.DbDataReader ExecuteDbDataReader(System.Data.CommandBehavior), Línea: 0] - ORA-06550: línea 1, columna 7:
PLS-00306: número o tipos de argumentos erróneos al llamar a 'USP_SEL_USUARIO_CORREO'
ORA-06550: línea 1, columna 7:
PL/SQL: Statement ignored
8/04/2021 15:59:26: [Método: System.Data.IDataReader System.Data.IDbCommand.ExecuteReader(System.Data.CommandBehavior), Línea: 0] - ORA-06550: línea 1, columna 7:
PLS-00306: número o tipos de argumentos erróneos al llamar a 'USP_SEL_USUARIO_CORREO'
ORA-06550: línea 1, columna 7:
PL/SQL: Statement ignored
8/04/2021 15:59:26: [Método: System.Data.IDataReader ExecuteReaderWithFlagsFallback(System.Data.IDbCommand, Boolean, System.Data.CommandBehavior), Línea: 0] - ORA-06550: línea 1, columna 7:
PLS-00306: número o tipos de argumentos erróneos al llamar a 'USP_SEL_USUARIO_CORREO'
ORA-06550: línea 1, columna 7:
PL/SQL: Statement ignored
8/04/2021 15:59:26: [Método: Boolean MoveNext(), Línea: 0] - ORA-06550: línea 1, columna 7:
PLS-00306: número o tipos de argumentos erróneos al llamar a 'USP_SEL_USUARIO_CORREO'
ORA-06550: línea 1, columna 7:
PL/SQL: Statement ignored
8/04/2021 15:59:26: [Método: Void .ctor(System.Collections.Generic.IEnumerable`1[T]), Línea: 0] - ORA-06550: línea 1, columna 7:
PLS-00306: número o tipos de argumentos erróneos al llamar a 'USP_SEL_USUARIO_CORREO'
ORA-06550: línea 1, columna 7:
PL/SQL: Statement ignored
8/04/2021 15:59:26: [Método: System.Collections.Generic.List`1[TSource] ToList[TSource](System.Collections.Generic.IEnumerable`1[TSource]), Línea: 0] - ORA-06550: línea 1, columna 7:
PLS-00306: número o tipos de argumentos erróneos al llamar a 'USP_SEL_USUARIO_CORREO'
ORA-06550: línea 1, columna 7:
PL/SQL: Statement ignored
8/04/2021 15:59:26: [Método: System.Collections.Generic.IEnumerable`1[T] Query[T](System.Data.IDbConnection, System.String, System.Object, System.Data.IDbTransaction, Boolean, System.Nullable`1[System.Int32], System.Nullable`1[System.Data.CommandType]), Línea: 0] - ORA-06550: línea 1, columna 7:
PLS-00306: número o tipos de argumentos erróneos al llamar a 'USP_SEL_USUARIO_CORREO'
ORA-06550: línea 1, columna 7:
PL/SQL: Statement ignored
8/04/2021 15:59:26: [Método: System.Collections.Generic.List`1[MINEM.MIGI.Entidad.PalabraClaveBE] ListarPalabraClave(Oracle.DataAccess.Client.OracleConnection), Línea: 25] - ORA-06550: línea 1, columna 7:
PLS-00306: número o tipos de argumentos erróneos al llamar a 'USP_SEL_USUARIO_CORREO'
ORA-06550: línea 1, columna 7:
PL/SQL: Statement ignored
8/04/2021 16:02:14: [Método: Void HandleErrorHelper(Int32, Oracle.DataAccess.Client.OracleConnection, IntPtr, Oracle.DataAccess.Client.OpoSqlValCtx*, System.Object, System.String, Boolean, Int32, Oracle.DataAccess.Client.OracleLogicalTransaction), Línea: 0] - ORA-06550: línea 1, columna 7:
PLS-00306: número o tipos de argumentos erróneos al llamar a 'USP_SEL_USUARIO_CORREO'
ORA-06550: línea 1, columna 7:
PL/SQL: Statement ignored
8/04/2021 16:02:14: [Método: Void HandleError(Int32, Oracle.DataAccess.Client.OracleConnection, System.String, IntPtr, Oracle.DataAccess.Client.OpoSqlValCtx*, System.Object, Boolean, Oracle.DataAccess.Client.OracleLogicalTransaction), Línea: 0] - ORA-06550: línea 1, columna 7:
PLS-00306: número o tipos de argumentos erróneos al llamar a 'USP_SEL_USUARIO_CORREO'
ORA-06550: línea 1, columna 7:
PL/SQL: Statement ignored
8/04/2021 16:02:14: [Método: Oracle.DataAccess.Client.OracleDataReader ExecuteReader(Boolean, Boolean, System.Data.CommandBehavior), Línea: 0] - ORA-06550: línea 1, columna 7:
PLS-00306: número o tipos de argumentos erróneos al llamar a 'USP_SEL_USUARIO_CORREO'
ORA-06550: línea 1, columna 7:
PL/SQL: Statement ignored
8/04/2021 16:02:14: [Método: System.Data.Common.DbDataReader ExecuteDbDataReader(System.Data.CommandBehavior), Línea: 0] - ORA-06550: línea 1, columna 7:
PLS-00306: número o tipos de argumentos erróneos al llamar a 'USP_SEL_USUARIO_CORREO'
ORA-06550: línea 1, columna 7:
PL/SQL: Statement ignored
8/04/2021 16:02:14: [Método: System.Data.IDataReader System.Data.IDbCommand.ExecuteReader(System.Data.CommandBehavior), Línea: 0] - ORA-06550: línea 1, columna 7:
PLS-00306: número o tipos de argumentos erróneos al llamar a 'USP_SEL_USUARIO_CORREO'
ORA-06550: línea 1, columna 7:
PL/SQL: Statement ignored
8/04/2021 16:02:14: [Método: System.Data.IDataReader ExecuteReaderWithFlagsFallback(System.Data.IDbCommand, Boolean, System.Data.CommandBehavior), Línea: 0] - ORA-06550: línea 1, columna 7:
PLS-00306: número o tipos de argumentos erróneos al llamar a 'USP_SEL_USUARIO_CORREO'
ORA-06550: línea 1, columna 7:
PL/SQL: Statement ignored
8/04/2021 16:02:14: [Método: Boolean MoveNext(), Línea: 0] - ORA-06550: línea 1, columna 7:
PLS-00306: número o tipos de argumentos erróneos al llamar a 'USP_SEL_USUARIO_CORREO'
ORA-06550: línea 1, columna 7:
PL/SQL: Statement ignored
8/04/2021 16:02:14: [Método: Void .ctor(System.Collections.Generic.IEnumerable`1[T]), Línea: 0] - ORA-06550: línea 1, columna 7:
PLS-00306: número o tipos de argumentos erróneos al llamar a 'USP_SEL_USUARIO_CORREO'
ORA-06550: línea 1, columna 7:
PL/SQL: Statement ignored
8/04/2021 16:02:14: [Método: System.Collections.Generic.List`1[TSource] ToList[TSource](System.Collections.Generic.IEnumerable`1[TSource]), Línea: 0] - ORA-06550: línea 1, columna 7:
PLS-00306: número o tipos de argumentos erróneos al llamar a 'USP_SEL_USUARIO_CORREO'
ORA-06550: línea 1, columna 7:
PL/SQL: Statement ignored
8/04/2021 16:02:14: [Método: System.Collections.Generic.IEnumerable`1[T] Query[T](System.Data.IDbConnection, System.String, System.Object, System.Data.IDbTransaction, Boolean, System.Nullable`1[System.Int32], System.Nullable`1[System.Data.CommandType]), Línea: 0] - ORA-06550: línea 1, columna 7:
PLS-00306: número o tipos de argumentos erróneos al llamar a 'USP_SEL_USUARIO_CORREO'
ORA-06550: línea 1, columna 7:
PL/SQL: Statement ignored
8/04/2021 16:02:14: [Método: System.Collections.Generic.List`1[MINEM.MIGI.Entidad.PalabraClaveBE] ListarPalabraClave(Oracle.DataAccess.Client.OracleConnection), Línea: 25] - ORA-06550: línea 1, columna 7:
PLS-00306: número o tipos de argumentos erróneos al llamar a 'USP_SEL_USUARIO_CORREO'
ORA-06550: línea 1, columna 7:
PL/SQL: Statement ignored
8/04/2021 19:54:23: [Método: Void HandleErrorHelper(Int32, Oracle.DataAccess.Client.OracleConnection, IntPtr, Oracle.DataAccess.Client.OpoSqlValCtx*, System.Object, System.String, Boolean, Int32, Oracle.DataAccess.Client.OracleLogicalTransaction), Línea: 0] - ORA-06550: línea 1, columna 7:
PLS-00201: el identificador 'MIGI.PKG_MIGI_FILTROUSP_SEL_FILTRAR' se debe declarar
ORA-06550: línea 1, columna 7:
PL/SQL: Statement ignored
8/04/2021 19:54:23: [Método: Void HandleError(Int32, Oracle.DataAccess.Client.OracleConnection, System.String, IntPtr, Oracle.DataAccess.Client.OpoSqlValCtx*, System.Object, Boolean, Oracle.DataAccess.Client.OracleLogicalTransaction), Línea: 0] - ORA-06550: línea 1, columna 7:
PLS-00201: el identificador 'MIGI.PKG_MIGI_FILTROUSP_SEL_FILTRAR' se debe declarar
ORA-06550: línea 1, columna 7:
PL/SQL: Statement ignored
8/04/2021 19:54:23: [Método: Oracle.DataAccess.Client.OracleDataReader ExecuteReader(Boolean, Boolean, System.Data.CommandBehavior), Línea: 0] - ORA-06550: línea 1, columna 7:
PLS-00201: el identificador 'MIGI.PKG_MIGI_FILTROUSP_SEL_FILTRAR' se debe declarar
ORA-06550: línea 1, columna 7:
PL/SQL: Statement ignored
8/04/2021 19:54:23: [Método: System.Data.Common.DbDataReader ExecuteDbDataReader(System.Data.CommandBehavior), Línea: 0] - ORA-06550: línea 1, columna 7:
PLS-00201: el identificador 'MIGI.PKG_MIGI_FILTROUSP_SEL_FILTRAR' se debe declarar
ORA-06550: línea 1, columna 7:
PL/SQL: Statement ignored
8/04/2021 19:54:23: [Método: System.Data.IDataReader System.Data.IDbCommand.ExecuteReader(System.Data.CommandBehavior), Línea: 0] - ORA-06550: línea 1, columna 7:
PLS-00201: el identificador 'MIGI.PKG_MIGI_FILTROUSP_SEL_FILTRAR' se debe declarar
ORA-06550: línea 1, columna 7:
PL/SQL: Statement ignored
8/04/2021 19:54:23: [Método: System.Data.IDataReader ExecuteReaderWithFlagsFallback(System.Data.IDbCommand, Boolean, System.Data.CommandBehavior), Línea: 0] - ORA-06550: línea 1, columna 7:
PLS-00201: el identificador 'MIGI.PKG_MIGI_FILTROUSP_SEL_FILTRAR' se debe declarar
ORA-06550: línea 1, columna 7:
PL/SQL: Statement ignored
8/04/2021 19:54:23: [Método: Boolean MoveNext(), Línea: 0] - ORA-06550: línea 1, columna 7:
PLS-00201: el identificador 'MIGI.PKG_MIGI_FILTROUSP_SEL_FILTRAR' se debe declarar
ORA-06550: línea 1, columna 7:
PL/SQL: Statement ignored
8/04/2021 19:54:23: [Método: Void .ctor(System.Collections.Generic.IEnumerable`1[T]), Línea: 0] - ORA-06550: línea 1, columna 7:
PLS-00201: el identificador 'MIGI.PKG_MIGI_FILTROUSP_SEL_FILTRAR' se debe declarar
ORA-06550: línea 1, columna 7:
PL/SQL: Statement ignored
8/04/2021 19:54:23: [Método: System.Collections.Generic.List`1[TSource] ToList[TSource](System.Collections.Generic.IEnumerable`1[TSource]), Línea: 0] - ORA-06550: línea 1, columna 7:
PLS-00201: el identificador 'MIGI.PKG_MIGI_FILTROUSP_SEL_FILTRAR' se debe declarar
ORA-06550: línea 1, columna 7:
PL/SQL: Statement ignored
8/04/2021 19:54:23: [Método: System.Collections.Generic.IEnumerable`1[T] Query[T](System.Data.IDbConnection, System.String, System.Object, System.Data.IDbTransaction, Boolean, System.Nullable`1[System.Int32], System.Nullable`1[System.Data.CommandType]), Línea: 0] - ORA-06550: línea 1, columna 7:
PLS-00201: el identificador 'MIGI.PKG_MIGI_FILTROUSP_SEL_FILTRAR' se debe declarar
ORA-06550: línea 1, columna 7:
PL/SQL: Statement ignored
8/04/2021 19:54:23: [Método: MINEM.MIGI.Entidad.BusquedaBE FiltrarInformacion(System.String, Oracle.DataAccess.Client.OracleConnection), Línea: 0] - ORA-06550: línea 1, columna 7:
PLS-00201: el identificador 'MIGI.PKG_MIGI_FILTROUSP_SEL_FILTRAR' se debe declarar
ORA-06550: línea 1, columna 7:
PL/SQL: Statement ignored
8/04/2021 20:05:12: [Método: Void HandleErrorHelper(Int32, Oracle.DataAccess.Client.OracleConnection, IntPtr, Oracle.DataAccess.Client.OpoSqlValCtx*, System.Object, System.String, Boolean, Int32, Oracle.DataAccess.Client.OracleLogicalTransaction), Línea: 0] - ORA-00907: falta el paréntesis derecho
ORA-06512: en "MIGI.PKG_MIGI_FILTRO", línea 10
ORA-06512: en línea 1
8/04/2021 20:05:12: [Método: Void HandleError(Int32, Oracle.DataAccess.Client.OracleConnection, System.String, IntPtr, Oracle.DataAccess.Client.OpoSqlValCtx*, System.Object, Boolean, Oracle.DataAccess.Client.OracleLogicalTransaction), Línea: 0] - ORA-00907: falta el paréntesis derecho
ORA-06512: en "MIGI.PKG_MIGI_FILTRO", línea 10
ORA-06512: en línea 1
8/04/2021 20:05:12: [Método: Oracle.DataAccess.Client.OracleDataReader ExecuteReader(Boolean, Boolean, System.Data.CommandBehavior), Línea: 0] - ORA-00907: falta el paréntesis derecho
ORA-06512: en "MIGI.PKG_MIGI_FILTRO", línea 10
ORA-06512: en línea 1
8/04/2021 20:05:12: [Método: System.Data.Common.DbDataReader ExecuteDbDataReader(System.Data.CommandBehavior), Línea: 0] - ORA-00907: falta el paréntesis derecho
ORA-06512: en "MIGI.PKG_MIGI_FILTRO", línea 10
ORA-06512: en línea 1
8/04/2021 20:05:12: [Método: System.Data.IDataReader System.Data.IDbCommand.ExecuteReader(System.Data.CommandBehavior), Línea: 0] - ORA-00907: falta el paréntesis derecho
ORA-06512: en "MIGI.PKG_MIGI_FILTRO", línea 10
ORA-06512: en línea 1
8/04/2021 20:05:12: [Método: System.Data.IDataReader ExecuteReaderWithFlagsFallback(System.Data.IDbCommand, Boolean, System.Data.CommandBehavior), Línea: 0] - ORA-00907: falta el paréntesis derecho
ORA-06512: en "MIGI.PKG_MIGI_FILTRO", línea 10
ORA-06512: en línea 1
8/04/2021 20:05:12: [Método: Boolean MoveNext(), Línea: 0] - ORA-00907: falta el paréntesis derecho
ORA-06512: en "MIGI.PKG_MIGI_FILTRO", línea 10
ORA-06512: en línea 1
8/04/2021 20:05:12: [Método: Void .ctor(System.Collections.Generic.IEnumerable`1[T]), Línea: 0] - ORA-00907: falta el paréntesis derecho
ORA-06512: en "MIGI.PKG_MIGI_FILTRO", línea 10
ORA-06512: en línea 1
8/04/2021 20:05:12: [Método: System.Collections.Generic.List`1[TSource] ToList[TSource](System.Collections.Generic.IEnumerable`1[TSource]), Línea: 0] - ORA-00907: falta el paréntesis derecho
ORA-06512: en "MIGI.PKG_MIGI_FILTRO", línea 10
ORA-06512: en línea 1
8/04/2021 20:05:12: [Método: System.Collections.Generic.IEnumerable`1[T] Query[T](System.Data.IDbConnection, System.String, System.Object, System.Data.IDbTransaction, Boolean, System.Nullable`1[System.Int32], System.Nullable`1[System.Data.CommandType]), Línea: 0] - ORA-00907: falta el paréntesis derecho
ORA-06512: en "MIGI.PKG_MIGI_FILTRO", línea 10
ORA-06512: en línea 1
8/04/2021 20:05:12: [Método: MINEM.MIGI.Entidad.BusquedaBE FiltrarInformacion(System.String, Oracle.DataAccess.Client.OracleConnection), Línea: 0] - ORA-00907: falta el paréntesis derecho
ORA-06512: en "MIGI.PKG_MIGI_FILTRO", línea 10
ORA-06512: en línea 1
