18/04/2021 19:45:05: [Método: Void HandleErrorHelper(Int32, Oracle.DataAccess.Client.OracleConnection, IntPtr, Oracle.DataAccess.Client.OpoSqlValCtx*, System.Object, System.String, Boolean, Int32, Oracle.DataAccess.Client.OracleLogicalTransaction), Línea: 0] - ORA-02291: restricción de integridad (MIGI.SYS_C0029291) violada - clave principal no encontrada
ORA-06512: en "MIGI.PKG_MIGI_FILTRO", línea 72
ORA-06512: en línea 1
18/04/2021 19:45:05: [Método: Void HandleError(Int32, Oracle.DataAccess.Client.OracleConnection, System.String, IntPtr, Oracle.DataAccess.Client.OpoSqlValCtx*, System.Object, Boolean, Oracle.DataAccess.Client.OracleLogicalTransaction), Línea: 0] - ORA-02291: restricción de integridad (MIGI.SYS_C0029291) violada - clave principal no encontrada
ORA-06512: en "MIGI.PKG_MIGI_FILTRO", línea 72
ORA-06512: en línea 1
18/04/2021 19:45:05: [Método: Int32 ExecuteNonQuery(), Línea: 0] - ORA-02291: restricción de integridad (MIGI.SYS_C0029291) violada - clave principal no encontrada
ORA-06512: en "MIGI.PKG_MIGI_FILTRO", línea 72
ORA-06512: en línea 1
18/04/2021 19:45:05: [Método: Int32 ExecuteCommand(System.Data.IDbConnection, Dapper.CommandDefinition ByRef, System.Action`2[System.Data.IDbCommand,System.Object]), Línea: 0] - ORA-02291: restricción de integridad (MIGI.SYS_C0029291) violada - clave principal no encontrada
ORA-06512: en "MIGI.PKG_MIGI_FILTRO", línea 72
ORA-06512: en línea 1
18/04/2021 19:45:05: [Método: Int32 ExecuteImpl(System.Data.IDbConnection, Dapper.CommandDefinition ByRef), Línea: 0] - ORA-02291: restricción de integridad (MIGI.SYS_C0029291) violada - clave principal no encontrada
ORA-06512: en "MIGI.PKG_MIGI_FILTRO", línea 72
ORA-06512: en línea 1
18/04/2021 19:45:05: [Método: Int32 Execute(System.Data.IDbConnection, System.String, System.Object, System.Data.IDbTransaction, System.Nullable`1[System.Int32], System.Nullable`1[System.Data.CommandType]), Línea: 0] - ORA-02291: restricción de integridad (MIGI.SYS_C0029291) violada - clave principal no encontrada
ORA-06512: en "MIGI.PKG_MIGI_FILTRO", línea 72
ORA-06512: en línea 1
18/04/2021 19:45:05: [Método: Boolean GuardarResultadoPalabraClave(MINEM.MIGI.Entidad.PalabraClaveBE, Int32, Int32, Oracle.DataAccess.Client.OracleConnection), Línea: 156] - ORA-02291: restricción de integridad (MIGI.SYS_C0029291) violada - clave principal no encontrada
ORA-06512: en "MIGI.PKG_MIGI_FILTRO", línea 72
ORA-06512: en línea 1
18/04/2021 19:46:47: [Método: Void HandleErrorHelper(Int32, Oracle.DataAccess.Client.OracleConnection, IntPtr, Oracle.DataAccess.Client.OpoSqlValCtx*, System.Object, System.String, Boolean, Int32, Oracle.DataAccess.Client.OracleLogicalTransaction), Línea: 0] - ORA-02291: restricción de integridad (MIGI.SYS_C0029291) violada - clave principal no encontrada
ORA-06512: en "MIGI.PKG_MIGI_FILTRO", línea 72
ORA-06512: en línea 1
18/04/2021 19:46:47: [Método: Void HandleError(Int32, Oracle.DataAccess.Client.OracleConnection, System.String, IntPtr, Oracle.DataAccess.Client.OpoSqlValCtx*, System.Object, Boolean, Oracle.DataAccess.Client.OracleLogicalTransaction), Línea: 0] - ORA-02291: restricción de integridad (MIGI.SYS_C0029291) violada - clave principal no encontrada
ORA-06512: en "MIGI.PKG_MIGI_FILTRO", línea 72
ORA-06512: en línea 1
18/04/2021 19:46:47: [Método: Int32 ExecuteNonQuery(), Línea: 0] - ORA-02291: restricción de integridad (MIGI.SYS_C0029291) violada - clave principal no encontrada
ORA-06512: en "MIGI.PKG_MIGI_FILTRO", línea 72
ORA-06512: en línea 1
18/04/2021 19:46:47: [Método: Int32 ExecuteCommand(System.Data.IDbConnection, Dapper.CommandDefinition ByRef, System.Action`2[System.Data.IDbCommand,System.Object]), Línea: 0] - ORA-02291: restricción de integridad (MIGI.SYS_C0029291) violada - clave principal no encontrada
ORA-06512: en "MIGI.PKG_MIGI_FILTRO", línea 72
ORA-06512: en línea 1
18/04/2021 19:46:47: [Método: Int32 ExecuteImpl(System.Data.IDbConnection, Dapper.CommandDefinition ByRef), Línea: 0] - ORA-02291: restricción de integridad (MIGI.SYS_C0029291) violada - clave principal no encontrada
ORA-06512: en "MIGI.PKG_MIGI_FILTRO", línea 72
ORA-06512: en línea 1
18/04/2021 19:46:47: [Método: Int32 Execute(System.Data.IDbConnection, System.String, System.Object, System.Data.IDbTransaction, System.Nullable`1[System.Int32], System.Nullable`1[System.Data.CommandType]), Línea: 0] - ORA-02291: restricción de integridad (MIGI.SYS_C0029291) violada - clave principal no encontrada
ORA-06512: en "MIGI.PKG_MIGI_FILTRO", línea 72
ORA-06512: en línea 1
18/04/2021 19:46:47: [Método: Boolean GuardarResultadoPalabraClave(MINEM.MIGI.Entidad.PalabraClaveBE, Int32, Int32, Oracle.DataAccess.Client.OracleConnection), Línea: 0] - ORA-02291: restricción de integridad (MIGI.SYS_C0029291) violada - clave principal no encontrada
ORA-06512: en "MIGI.PKG_MIGI_FILTRO", línea 72
ORA-06512: en línea 1
18/04/2021 21:31:51: [Método: Void HandleErrorHelper(Int32, Oracle.DataAccess.Client.OracleConnection, IntPtr, Oracle.DataAccess.Client.OpoSqlValCtx*, System.Object, System.String, Boolean, Int32, Oracle.DataAccess.Client.OracleLogicalTransaction), Línea: 0] - ORA-06550: línea 1, columna 7:
PLS-00306: número o tipos de argumentos erróneos al llamar a 'USP_SEL_LISTA_RESULTADO'
ORA-06550: línea 1, columna 7:
PL/SQL: Statement ignored
18/04/2021 21:31:51: [Método: Void HandleError(Int32, Oracle.DataAccess.Client.OracleConnection, System.String, IntPtr, Oracle.DataAccess.Client.OpoSqlValCtx*, System.Object, Boolean, Oracle.DataAccess.Client.OracleLogicalTransaction), Línea: 0] - ORA-06550: línea 1, columna 7:
PLS-00306: número o tipos de argumentos erróneos al llamar a 'USP_SEL_LISTA_RESULTADO'
ORA-06550: línea 1, columna 7:
PL/SQL: Statement ignored
18/04/2021 21:31:51: [Método: Oracle.DataAccess.Client.OracleDataReader ExecuteReader(Boolean, Boolean, System.Data.CommandBehavior), Línea: 0] - ORA-06550: línea 1, columna 7:
PLS-00306: número o tipos de argumentos erróneos al llamar a 'USP_SEL_LISTA_RESULTADO'
ORA-06550: línea 1, columna 7:
PL/SQL: Statement ignored
18/04/2021 21:31:51: [Método: System.Data.Common.DbDataReader ExecuteDbDataReader(System.Data.CommandBehavior), Línea: 0] - ORA-06550: línea 1, columna 7:
PLS-00306: número o tipos de argumentos erróneos al llamar a 'USP_SEL_LISTA_RESULTADO'
ORA-06550: línea 1, columna 7:
PL/SQL: Statement ignored
18/04/2021 21:31:51: [Método: System.Data.IDataReader System.Data.IDbCommand.ExecuteReader(System.Data.CommandBehavior), Línea: 0] - ORA-06550: línea 1, columna 7:
PLS-00306: número o tipos de argumentos erróneos al llamar a 'USP_SEL_LISTA_RESULTADO'
ORA-06550: línea 1, columna 7:
PL/SQL: Statement ignored
18/04/2021 21:31:51: [Método: System.Data.IDataReader ExecuteReaderWithFlagsFallback(System.Data.IDbCommand, Boolean, System.Data.CommandBehavior), Línea: 0] - ORA-06550: línea 1, columna 7:
PLS-00306: número o tipos de argumentos erróneos al llamar a 'USP_SEL_LISTA_RESULTADO'
ORA-06550: línea 1, columna 7:
PL/SQL: Statement ignored
18/04/2021 21:31:51: [Método: Boolean MoveNext(), Línea: 0] - ORA-06550: línea 1, columna 7:
PLS-00306: número o tipos de argumentos erróneos al llamar a 'USP_SEL_LISTA_RESULTADO'
ORA-06550: línea 1, columna 7:
PL/SQL: Statement ignored
18/04/2021 21:31:51: [Método: Void .ctor(System.Collections.Generic.IEnumerable`1[T]), Línea: 0] - ORA-06550: línea 1, columna 7:
PLS-00306: número o tipos de argumentos erróneos al llamar a 'USP_SEL_LISTA_RESULTADO'
ORA-06550: línea 1, columna 7:
PL/SQL: Statement ignored
18/04/2021 21:31:51: [Método: System.Collections.Generic.List`1[TSource] ToList[TSource](System.Collections.Generic.IEnumerable`1[TSource]), Línea: 0] - ORA-06550: línea 1, columna 7:
PLS-00306: número o tipos de argumentos erróneos al llamar a 'USP_SEL_LISTA_RESULTADO'
ORA-06550: línea 1, columna 7:
PL/SQL: Statement ignored
18/04/2021 21:31:51: [Método: System.Collections.Generic.IEnumerable`1[T] Query[T](System.Data.IDbConnection, System.String, System.Object, System.Data.IDbTransaction, Boolean, System.Nullable`1[System.Int32], System.Nullable`1[System.Data.CommandType]), Línea: 0] - ORA-06550: línea 1, columna 7:
PLS-00306: número o tipos de argumentos erróneos al llamar a 'USP_SEL_LISTA_RESULTADO'
ORA-06550: línea 1, columna 7:
PL/SQL: Statement ignored
18/04/2021 21:31:51: [Método: System.Collections.Generic.List`1[MINEM.MIGI.Entidad.ResultadoBE] ListaResultado(Oracle.DataAccess.Client.OracleConnection), Línea: 0] - ORA-06550: línea 1, columna 7:
PLS-00306: número o tipos de argumentos erróneos al llamar a 'USP_SEL_LISTA_RESULTADO'
ORA-06550: línea 1, columna 7:
PL/SQL: Statement ignored
