4/04/2021 03:54:07: [Método: Void HandleErrorHelper(Int32, Oracle.DataAccess.Client.OracleConnection, IntPtr, Oracle.DataAccess.Client.OpoSqlValCtx*, System.Object, System.String, Boolean, Int32, Oracle.DataAccess.Client.OracleLogicalTransaction), Línea: 0] - ORA-06550: línea 1, columna 7:
PLS-00306: número o tipos de argumentos erróneos al llamar a 'USP_PRC_GUARDAR_USUARIO'
ORA-06550: línea 1, columna 7:
PL/SQL: Statement ignored
4/04/2021 03:54:07: [Método: Void HandleError(Int32, Oracle.DataAccess.Client.OracleConnection, System.String, IntPtr, Oracle.DataAccess.Client.OpoSqlValCtx*, System.Object, Boolean, Oracle.DataAccess.Client.OracleLogicalTransaction), Línea: 0] - ORA-06550: línea 1, columna 7:
PLS-00306: número o tipos de argumentos erróneos al llamar a 'USP_PRC_GUARDAR_USUARIO'
ORA-06550: línea 1, columna 7:
PL/SQL: Statement ignored
4/04/2021 03:54:07: [Método: Int32 ExecuteNonQuery(), Línea: 0] - ORA-06550: línea 1, columna 7:
PLS-00306: número o tipos de argumentos erróneos al llamar a 'USP_PRC_GUARDAR_USUARIO'
ORA-06550: línea 1, columna 7:
PL/SQL: Statement ignored
4/04/2021 03:54:07: [Método: Int32 ExecuteCommand(System.Data.IDbConnection, Dapper.CommandDefinition ByRef, System.Action`2[System.Data.IDbCommand,System.Object]), Línea: 0] - ORA-06550: línea 1, columna 7:
PLS-00306: número o tipos de argumentos erróneos al llamar a 'USP_PRC_GUARDAR_USUARIO'
ORA-06550: línea 1, columna 7:
PL/SQL: Statement ignored
4/04/2021 03:54:07: [Método: Int32 ExecuteImpl(System.Data.IDbConnection, Dapper.CommandDefinition ByRef), Línea: 0] - ORA-06550: línea 1, columna 7:
PLS-00306: número o tipos de argumentos erróneos al llamar a 'USP_PRC_GUARDAR_USUARIO'
ORA-06550: línea 1, columna 7:
PL/SQL: Statement ignored
4/04/2021 03:54:07: [Método: Int32 Execute(System.Data.IDbConnection, System.String, System.Object, System.Data.IDbTransaction, System.Nullable`1[System.Int32], System.Nullable`1[System.Data.CommandType]), Línea: 0] - ORA-06550: línea 1, columna 7:
PLS-00306: número o tipos de argumentos erróneos al llamar a 'USP_PRC_GUARDAR_USUARIO'
ORA-06550: línea 1, columna 7:
PL/SQL: Statement ignored
4/04/2021 03:54:07: [Método: Boolean GuardarUsuario(MINEM.MIGI.Entidad.UsuarioBE, Oracle.DataAccess.Client.OracleConnection), Línea: 0] - ORA-06550: línea 1, columna 7:
PLS-00306: número o tipos de argumentos erróneos al llamar a 'USP_PRC_GUARDAR_USUARIO'
ORA-06550: línea 1, columna 7:
PL/SQL: Statement ignored
