9/04/2021 01:08:23: [Método: Void HandleErrorHelper(Int32, Oracle.DataAccess.Client.OracleConnection, IntPtr, Oracle.DataAccess.Client.OpoSqlValCtx*, System.Object, System.String, Boolean, Int32, Oracle.DataAccess.Client.OracleLogicalTransaction), Línea: 0] - ORA-00933: comando SQL no terminado correctamente
ORA-06512: en "MIGI.PKG_MIGI_MANTENIMIENTO", línea 97
ORA-06512: en línea 1
9/04/2021 01:08:23: [Método: Void HandleError(Int32, Oracle.DataAccess.Client.OracleConnection, System.String, IntPtr, Oracle.DataAccess.Client.OpoSqlValCtx*, System.Object, Boolean, Oracle.DataAccess.Client.OracleLogicalTransaction), Línea: 0] - ORA-00933: comando SQL no terminado correctamente
ORA-06512: en "MIGI.PKG_MIGI_MANTENIMIENTO", línea 97
ORA-06512: en línea 1
9/04/2021 01:08:23: [Método: Oracle.DataAccess.Client.OracleDataReader ExecuteReader(Boolean, Boolean, System.Data.CommandBehavior), Línea: 0] - ORA-00933: comando SQL no terminado correctamente
ORA-06512: en "MIGI.PKG_MIGI_MANTENIMIENTO", línea 97
ORA-06512: en línea 1
9/04/2021 01:08:23: [Método: System.Data.Common.DbDataReader ExecuteDbDataReader(System.Data.CommandBehavior), Línea: 0] - ORA-00933: comando SQL no terminado correctamente
ORA-06512: en "MIGI.PKG_MIGI_MANTENIMIENTO", línea 97
ORA-06512: en línea 1
9/04/2021 01:08:23: [Método: System.Data.IDataReader System.Data.IDbCommand.ExecuteReader(System.Data.CommandBehavior), Línea: 0] - ORA-00933: comando SQL no terminado correctamente
ORA-06512: en "MIGI.PKG_MIGI_MANTENIMIENTO", línea 97
ORA-06512: en línea 1
9/04/2021 01:08:23: [Método: System.Data.IDataReader ExecuteReaderWithFlagsFallback(System.Data.IDbCommand, Boolean, System.Data.CommandBehavior), Línea: 0] - ORA-00933: comando SQL no terminado correctamente
ORA-06512: en "MIGI.PKG_MIGI_MANTENIMIENTO", línea 97
ORA-06512: en línea 1
9/04/2021 01:08:23: [Método: Boolean MoveNext(), Línea: 0] - ORA-00933: comando SQL no terminado correctamente
ORA-06512: en "MIGI.PKG_MIGI_MANTENIMIENTO", línea 97
ORA-06512: en línea 1
9/04/2021 01:08:23: [Método: Void .ctor(System.Collections.Generic.IEnumerable`1[T]), Línea: 0] - ORA-00933: comando SQL no terminado correctamente
ORA-06512: en "MIGI.PKG_MIGI_MANTENIMIENTO", línea 97
ORA-06512: en línea 1
9/04/2021 01:08:23: [Método: System.Collections.Generic.List`1[TSource] ToList[TSource](System.Collections.Generic.IEnumerable`1[TSource]), Línea: 0] - ORA-00933: comando SQL no terminado correctamente
ORA-06512: en "MIGI.PKG_MIGI_MANTENIMIENTO", línea 97
ORA-06512: en línea 1
9/04/2021 01:08:23: [Método: System.Collections.Generic.IEnumerable`1[T] Query[T](System.Data.IDbConnection, System.String, System.Object, System.Data.IDbTransaction, Boolean, System.Nullable`1[System.Int32], System.Nullable`1[System.Data.CommandType]), Línea: 0] - ORA-00933: comando SQL no terminado correctamente
ORA-06512: en "MIGI.PKG_MIGI_MANTENIMIENTO", línea 97
ORA-06512: en línea 1
9/04/2021 01:08:23: [Método: System.Collections.Generic.List`1[MINEM.MIGI.Entidad.AnioBE] BuscarAnios(System.String, Int32, Int32, System.String, System.String, Oracle.DataAccess.Client.OracleConnection), Línea: 0] - ORA-00933: comando SQL no terminado correctamente
ORA-06512: en "MIGI.PKG_MIGI_MANTENIMIENTO", línea 97
ORA-06512: en línea 1
9/04/2021 01:10:48: [Método: Void HandleErrorHelper(Int32, Oracle.DataAccess.Client.OracleConnection, IntPtr, Oracle.DataAccess.Client.OpoSqlValCtx*, System.Object, System.String, Boolean, Int32, Oracle.DataAccess.Client.OracleLogicalTransaction), Línea: 0] - ORA-00933: comando SQL no terminado correctamente
ORA-06512: en "MIGI.PKG_MIGI_MANTENIMIENTO", línea 97
ORA-06512: en línea 1
9/04/2021 01:10:48: [Método: Void HandleError(Int32, Oracle.DataAccess.Client.OracleConnection, System.String, IntPtr, Oracle.DataAccess.Client.OpoSqlValCtx*, System.Object, Boolean, Oracle.DataAccess.Client.OracleLogicalTransaction), Línea: 0] - ORA-00933: comando SQL no terminado correctamente
ORA-06512: en "MIGI.PKG_MIGI_MANTENIMIENTO", línea 97
ORA-06512: en línea 1
9/04/2021 01:10:48: [Método: Oracle.DataAccess.Client.OracleDataReader ExecuteReader(Boolean, Boolean, System.Data.CommandBehavior), Línea: 0] - ORA-00933: comando SQL no terminado correctamente
ORA-06512: en "MIGI.PKG_MIGI_MANTENIMIENTO", línea 97
ORA-06512: en línea 1
9/04/2021 01:10:48: [Método: System.Data.Common.DbDataReader ExecuteDbDataReader(System.Data.CommandBehavior), Línea: 0] - ORA-00933: comando SQL no terminado correctamente
ORA-06512: en "MIGI.PKG_MIGI_MANTENIMIENTO", línea 97
ORA-06512: en línea 1
9/04/2021 01:10:48: [Método: System.Data.IDataReader System.Data.IDbCommand.ExecuteReader(System.Data.CommandBehavior), Línea: 0] - ORA-00933: comando SQL no terminado correctamente
ORA-06512: en "MIGI.PKG_MIGI_MANTENIMIENTO", línea 97
ORA-06512: en línea 1
9/04/2021 01:10:48: [Método: System.Data.IDataReader ExecuteReaderWithFlagsFallback(System.Data.IDbCommand, Boolean, System.Data.CommandBehavior), Línea: 0] - ORA-00933: comando SQL no terminado correctamente
ORA-06512: en "MIGI.PKG_MIGI_MANTENIMIENTO", línea 97
ORA-06512: en línea 1
9/04/2021 01:10:48: [Método: Boolean MoveNext(), Línea: 0] - ORA-00933: comando SQL no terminado correctamente
ORA-06512: en "MIGI.PKG_MIGI_MANTENIMIENTO", línea 97
ORA-06512: en línea 1
9/04/2021 01:10:48: [Método: Void .ctor(System.Collections.Generic.IEnumerable`1[T]), Línea: 0] - ORA-00933: comando SQL no terminado correctamente
ORA-06512: en "MIGI.PKG_MIGI_MANTENIMIENTO", línea 97
ORA-06512: en línea 1
9/04/2021 01:10:48: [Método: System.Collections.Generic.List`1[TSource] ToList[TSource](System.Collections.Generic.IEnumerable`1[TSource]), Línea: 0] - ORA-00933: comando SQL no terminado correctamente
ORA-06512: en "MIGI.PKG_MIGI_MANTENIMIENTO", línea 97
ORA-06512: en línea 1
9/04/2021 01:10:48: [Método: System.Collections.Generic.IEnumerable`1[T] Query[T](System.Data.IDbConnection, System.String, System.Object, System.Data.IDbTransaction, Boolean, System.Nullable`1[System.Int32], System.Nullable`1[System.Data.CommandType]), Línea: 0] - ORA-00933: comando SQL no terminado correctamente
ORA-06512: en "MIGI.PKG_MIGI_MANTENIMIENTO", línea 97
ORA-06512: en línea 1
9/04/2021 01:10:48: [Método: System.Collections.Generic.List`1[MINEM.MIGI.Entidad.AnioBE] BuscarAnios(System.String, Int32, Int32, System.String, System.String, Oracle.DataAccess.Client.OracleConnection), Línea: 0] - ORA-00933: comando SQL no terminado correctamente
ORA-06512: en "MIGI.PKG_MIGI_MANTENIMIENTO", línea 97
ORA-06512: en línea 1
9/04/2021 01:17:47: [Método: Void HandleErrorHelper(Int32, Oracle.DataAccess.Client.OracleConnection, IntPtr, Oracle.DataAccess.Client.OpoSqlValCtx*, System.Object, System.String, Boolean, Int32, Oracle.DataAccess.Client.OracleLogicalTransaction), Línea: 0] - ORA-06550: línea 1, columna 7:
PLS-00306: número o tipos de argumentos erróneos al llamar a 'USP_SEL_ANIO'
ORA-06550: línea 1, columna 7:
PL/SQL: Statement ignored
9/04/2021 01:17:47: [Método: Void HandleError(Int32, Oracle.DataAccess.Client.OracleConnection, System.String, IntPtr, Oracle.DataAccess.Client.OpoSqlValCtx*, System.Object, Boolean, Oracle.DataAccess.Client.OracleLogicalTransaction), Línea: 0] - ORA-06550: línea 1, columna 7:
PLS-00306: número o tipos de argumentos erróneos al llamar a 'USP_SEL_ANIO'
ORA-06550: línea 1, columna 7:
PL/SQL: Statement ignored
9/04/2021 01:17:47: [Método: Oracle.DataAccess.Client.OracleDataReader ExecuteReader(Boolean, Boolean, System.Data.CommandBehavior), Línea: 0] - ORA-06550: línea 1, columna 7:
PLS-00306: número o tipos de argumentos erróneos al llamar a 'USP_SEL_ANIO'
ORA-06550: línea 1, columna 7:
PL/SQL: Statement ignored
9/04/2021 01:17:47: [Método: System.Data.Common.DbDataReader ExecuteDbDataReader(System.Data.CommandBehavior), Línea: 0] - ORA-06550: línea 1, columna 7:
PLS-00306: número o tipos de argumentos erróneos al llamar a 'USP_SEL_ANIO'
ORA-06550: línea 1, columna 7:
PL/SQL: Statement ignored
9/04/2021 01:17:47: [Método: System.Data.IDataReader System.Data.IDbCommand.ExecuteReader(System.Data.CommandBehavior), Línea: 0] - ORA-06550: línea 1, columna 7:
PLS-00306: número o tipos de argumentos erróneos al llamar a 'USP_SEL_ANIO'
ORA-06550: línea 1, columna 7:
PL/SQL: Statement ignored
9/04/2021 01:17:47: [Método: System.Data.IDataReader ExecuteReaderWithFlagsFallback(System.Data.IDbCommand, Boolean, System.Data.CommandBehavior), Línea: 0] - ORA-06550: línea 1, columna 7:
PLS-00306: número o tipos de argumentos erróneos al llamar a 'USP_SEL_ANIO'
ORA-06550: línea 1, columna 7:
PL/SQL: Statement ignored
9/04/2021 01:17:47: [Método: Boolean MoveNext(), Línea: 0] - ORA-06550: línea 1, columna 7:
PLS-00306: número o tipos de argumentos erróneos al llamar a 'USP_SEL_ANIO'
ORA-06550: línea 1, columna 7:
PL/SQL: Statement ignored
9/04/2021 01:17:47: [Método: Void .ctor(System.Collections.Generic.IEnumerable`1[T]), Línea: 0] - ORA-06550: línea 1, columna 7:
PLS-00306: número o tipos de argumentos erróneos al llamar a 'USP_SEL_ANIO'
ORA-06550: línea 1, columna 7:
PL/SQL: Statement ignored
9/04/2021 01:17:47: [Método: System.Collections.Generic.List`1[TSource] ToList[TSource](System.Collections.Generic.IEnumerable`1[TSource]), Línea: 0] - ORA-06550: línea 1, columna 7:
PLS-00306: número o tipos de argumentos erróneos al llamar a 'USP_SEL_ANIO'
ORA-06550: línea 1, columna 7:
PL/SQL: Statement ignored
9/04/2021 01:17:47: [Método: System.Collections.Generic.IEnumerable`1[T] Query[T](System.Data.IDbConnection, System.String, System.Object, System.Data.IDbTransaction, Boolean, System.Nullable`1[System.Int32], System.Nullable`1[System.Data.CommandType]), Línea: 0] - ORA-06550: línea 1, columna 7:
PLS-00306: número o tipos de argumentos erróneos al llamar a 'USP_SEL_ANIO'
ORA-06550: línea 1, columna 7:
PL/SQL: Statement ignored
9/04/2021 01:17:47: [Método: MINEM.MIGI.Entidad.AnioBE ObtenerAnio(Int32, Oracle.DataAccess.Client.OracleConnection), Línea: 0] - ORA-06550: línea 1, columna 7:
PLS-00306: número o tipos de argumentos erróneos al llamar a 'USP_SEL_ANIO'
ORA-06550: línea 1, columna 7:
PL/SQL: Statement ignored
9/04/2021 01:18:11: [Método: Void HandleErrorHelper(Int32, Oracle.DataAccess.Client.OracleConnection, IntPtr, Oracle.DataAccess.Client.OpoSqlValCtx*, System.Object, System.String, Boolean, Int32, Oracle.DataAccess.Client.OracleLogicalTransaction), Línea: 0] - ORA-06550: línea 1, columna 7:
PLS-00306: número o tipos de argumentos erróneos al llamar a 'USP_SEL_ANIO'
ORA-06550: línea 1, columna 7:
PL/SQL: Statement ignored
9/04/2021 01:18:11: [Método: Void HandleError(Int32, Oracle.DataAccess.Client.OracleConnection, System.String, IntPtr, Oracle.DataAccess.Client.OpoSqlValCtx*, System.Object, Boolean, Oracle.DataAccess.Client.OracleLogicalTransaction), Línea: 0] - ORA-06550: línea 1, columna 7:
PLS-00306: número o tipos de argumentos erróneos al llamar a 'USP_SEL_ANIO'
ORA-06550: línea 1, columna 7:
PL/SQL: Statement ignored
9/04/2021 01:18:11: [Método: Oracle.DataAccess.Client.OracleDataReader ExecuteReader(Boolean, Boolean, System.Data.CommandBehavior), Línea: 0] - ORA-06550: línea 1, columna 7:
PLS-00306: número o tipos de argumentos erróneos al llamar a 'USP_SEL_ANIO'
ORA-06550: línea 1, columna 7:
PL/SQL: Statement ignored
9/04/2021 01:18:11: [Método: System.Data.Common.DbDataReader ExecuteDbDataReader(System.Data.CommandBehavior), Línea: 0] - ORA-06550: línea 1, columna 7:
PLS-00306: número o tipos de argumentos erróneos al llamar a 'USP_SEL_ANIO'
ORA-06550: línea 1, columna 7:
PL/SQL: Statement ignored
9/04/2021 01:18:11: [Método: System.Data.IDataReader System.Data.IDbCommand.ExecuteReader(System.Data.CommandBehavior), Línea: 0] - ORA-06550: línea 1, columna 7:
PLS-00306: número o tipos de argumentos erróneos al llamar a 'USP_SEL_ANIO'
ORA-06550: línea 1, columna 7:
PL/SQL: Statement ignored
9/04/2021 01:18:11: [Método: System.Data.IDataReader ExecuteReaderWithFlagsFallback(System.Data.IDbCommand, Boolean, System.Data.CommandBehavior), Línea: 0] - ORA-06550: línea 1, columna 7:
PLS-00306: número o tipos de argumentos erróneos al llamar a 'USP_SEL_ANIO'
ORA-06550: línea 1, columna 7:
PL/SQL: Statement ignored
9/04/2021 01:18:11: [Método: Boolean MoveNext(), Línea: 0] - ORA-06550: línea 1, columna 7:
PLS-00306: número o tipos de argumentos erróneos al llamar a 'USP_SEL_ANIO'
ORA-06550: línea 1, columna 7:
PL/SQL: Statement ignored
9/04/2021 01:18:11: [Método: Void .ctor(System.Collections.Generic.IEnumerable`1[T]), Línea: 0] - ORA-06550: línea 1, columna 7:
PLS-00306: número o tipos de argumentos erróneos al llamar a 'USP_SEL_ANIO'
ORA-06550: línea 1, columna 7:
PL/SQL: Statement ignored
9/04/2021 01:18:11: [Método: System.Collections.Generic.List`1[TSource] ToList[TSource](System.Collections.Generic.IEnumerable`1[TSource]), Línea: 0] - ORA-06550: línea 1, columna 7:
PLS-00306: número o tipos de argumentos erróneos al llamar a 'USP_SEL_ANIO'
ORA-06550: línea 1, columna 7:
PL/SQL: Statement ignored
9/04/2021 01:18:11: [Método: System.Collections.Generic.IEnumerable`1[T] Query[T](System.Data.IDbConnection, System.String, System.Object, System.Data.IDbTransaction, Boolean, System.Nullable`1[System.Int32], System.Nullable`1[System.Data.CommandType]), Línea: 0] - ORA-06550: línea 1, columna 7:
PLS-00306: número o tipos de argumentos erróneos al llamar a 'USP_SEL_ANIO'
ORA-06550: línea 1, columna 7:
PL/SQL: Statement ignored
9/04/2021 01:18:11: [Método: MINEM.MIGI.Entidad.AnioBE ObtenerAnio(Int32, Oracle.DataAccess.Client.OracleConnection), Línea: 0] - ORA-06550: línea 1, columna 7:
PLS-00306: número o tipos de argumentos erróneos al llamar a 'USP_SEL_ANIO'
ORA-06550: línea 1, columna 7:
PL/SQL: Statement ignored
9/04/2021 01:21:43: [Método: Void HandleErrorHelper(Int32, Oracle.DataAccess.Client.OracleConnection, IntPtr, Oracle.DataAccess.Client.OpoSqlValCtx*, System.Object, System.String, Boolean, Int32, Oracle.DataAccess.Client.OracleLogicalTransaction), Línea: 0] - ORA-06550: línea 1, columna 7:
PLS-00306: número o tipos de argumentos erróneos al llamar a 'USP_PRC_GUARDAR_ANIO'
ORA-06550: línea 1, columna 7:
PL/SQL: Statement ignored
9/04/2021 01:21:43: [Método: Void HandleError(Int32, Oracle.DataAccess.Client.OracleConnection, System.String, IntPtr, Oracle.DataAccess.Client.OpoSqlValCtx*, System.Object, Boolean, Oracle.DataAccess.Client.OracleLogicalTransaction), Línea: 0] - ORA-06550: línea 1, columna 7:
PLS-00306: número o tipos de argumentos erróneos al llamar a 'USP_PRC_GUARDAR_ANIO'
ORA-06550: línea 1, columna 7:
PL/SQL: Statement ignored
9/04/2021 01:21:43: [Método: Int32 ExecuteNonQuery(), Línea: 0] - ORA-06550: línea 1, columna 7:
PLS-00306: número o tipos de argumentos erróneos al llamar a 'USP_PRC_GUARDAR_ANIO'
ORA-06550: línea 1, columna 7:
PL/SQL: Statement ignored
9/04/2021 01:21:43: [Método: Int32 ExecuteCommand(System.Data.IDbConnection, Dapper.CommandDefinition ByRef, System.Action`2[System.Data.IDbCommand,System.Object]), Línea: 0] - ORA-06550: línea 1, columna 7:
PLS-00306: número o tipos de argumentos erróneos al llamar a 'USP_PRC_GUARDAR_ANIO'
ORA-06550: línea 1, columna 7:
PL/SQL: Statement ignored
9/04/2021 01:21:43: [Método: Int32 ExecuteImpl(System.Data.IDbConnection, Dapper.CommandDefinition ByRef), Línea: 0] - ORA-06550: línea 1, columna 7:
PLS-00306: número o tipos de argumentos erróneos al llamar a 'USP_PRC_GUARDAR_ANIO'
ORA-06550: línea 1, columna 7:
PL/SQL: Statement ignored
9/04/2021 01:21:43: [Método: Int32 Execute(System.Data.IDbConnection, System.String, System.Object, System.Data.IDbTransaction, System.Nullable`1[System.Int32], System.Nullable`1[System.Data.CommandType]), Línea: 0] - ORA-06550: línea 1, columna 7:
PLS-00306: número o tipos de argumentos erróneos al llamar a 'USP_PRC_GUARDAR_ANIO'
ORA-06550: línea 1, columna 7:
PL/SQL: Statement ignored
9/04/2021 01:21:43: [Método: Boolean GuardarAnio(MINEM.MIGI.Entidad.AnioBE, Oracle.DataAccess.Client.OracleConnection), Línea: 27] - ORA-06550: línea 1, columna 7:
PLS-00306: número o tipos de argumentos erróneos al llamar a 'USP_PRC_GUARDAR_ANIO'
ORA-06550: línea 1, columna 7:
PL/SQL: Statement ignored
9/04/2021 08:56:42: [Método: Void HandleErrorHelper(Int32, Oracle.DataAccess.Client.OracleConnection, IntPtr, Oracle.DataAccess.Client.OpoSqlValCtx*, System.Object, System.String, Boolean, Int32, Oracle.DataAccess.Client.OracleLogicalTransaction), Línea: 0] - ORA-00904: "ID_PALABRA": identificador no válido
ORA-06512: en "MIGI.PKG_MIGI_MANTENIMIENTO", línea 233
ORA-06512: en línea 1
9/04/2021 08:56:42: [Método: Void HandleError(Int32, Oracle.DataAccess.Client.OracleConnection, System.String, IntPtr, Oracle.DataAccess.Client.OpoSqlValCtx*, System.Object, Boolean, Oracle.DataAccess.Client.OracleLogicalTransaction), Línea: 0] - ORA-00904: "ID_PALABRA": identificador no válido
ORA-06512: en "MIGI.PKG_MIGI_MANTENIMIENTO", línea 233
ORA-06512: en línea 1
9/04/2021 08:56:42: [Método: Oracle.DataAccess.Client.OracleDataReader ExecuteReader(Boolean, Boolean, System.Data.CommandBehavior), Línea: 0] - ORA-00904: "ID_PALABRA": identificador no válido
ORA-06512: en "MIGI.PKG_MIGI_MANTENIMIENTO", línea 233
ORA-06512: en línea 1
9/04/2021 08:56:42: [Método: System.Data.Common.DbDataReader ExecuteDbDataReader(System.Data.CommandBehavior), Línea: 0] - ORA-00904: "ID_PALABRA": identificador no válido
ORA-06512: en "MIGI.PKG_MIGI_MANTENIMIENTO", línea 233
ORA-06512: en línea 1
9/04/2021 08:56:42: [Método: System.Data.IDataReader System.Data.IDbCommand.ExecuteReader(System.Data.CommandBehavior), Línea: 0] - ORA-00904: "ID_PALABRA": identificador no válido
ORA-06512: en "MIGI.PKG_MIGI_MANTENIMIENTO", línea 233
ORA-06512: en línea 1
9/04/2021 08:56:42: [Método: System.Data.IDataReader ExecuteReaderWithFlagsFallback(System.Data.IDbCommand, Boolean, System.Data.CommandBehavior), Línea: 0] - ORA-00904: "ID_PALABRA": identificador no válido
ORA-06512: en "MIGI.PKG_MIGI_MANTENIMIENTO", línea 233
ORA-06512: en línea 1
9/04/2021 08:56:42: [Método: Boolean MoveNext(), Línea: 0] - ORA-00904: "ID_PALABRA": identificador no válido
ORA-06512: en "MIGI.PKG_MIGI_MANTENIMIENTO", línea 233
ORA-06512: en línea 1
9/04/2021 08:56:42: [Método: Void .ctor(System.Collections.Generic.IEnumerable`1[T]), Línea: 0] - ORA-00904: "ID_PALABRA": identificador no válido
ORA-06512: en "MIGI.PKG_MIGI_MANTENIMIENTO", línea 233
ORA-06512: en línea 1
9/04/2021 08:56:42: [Método: System.Collections.Generic.List`1[TSource] ToList[TSource](System.Collections.Generic.IEnumerable`1[TSource]), Línea: 0] - ORA-00904: "ID_PALABRA": identificador no válido
ORA-06512: en "MIGI.PKG_MIGI_MANTENIMIENTO", línea 233
ORA-06512: en línea 1
9/04/2021 08:56:42: [Método: System.Collections.Generic.IEnumerable`1[T] Query[T](System.Data.IDbConnection, System.String, System.Object, System.Data.IDbTransaction, Boolean, System.Nullable`1[System.Int32], System.Nullable`1[System.Data.CommandType]), Línea: 0] - ORA-00904: "ID_PALABRA": identificador no válido
ORA-06512: en "MIGI.PKG_MIGI_MANTENIMIENTO", línea 233
ORA-06512: en línea 1
9/04/2021 08:56:42: [Método: System.Collections.Generic.List`1[MINEM.MIGI.Entidad.EquipoBE] BuscarEquipos(System.String, Int32, Int32, System.String, System.String, Oracle.DataAccess.Client.OracleConnection), Línea: 95] - ORA-00904: "ID_PALABRA": identificador no válido
ORA-06512: en "MIGI.PKG_MIGI_MANTENIMIENTO", línea 233
ORA-06512: en línea 1
9/04/2021 08:57:31: [Método: Void HandleErrorHelper(Int32, Oracle.DataAccess.Client.OracleConnection, IntPtr, Oracle.DataAccess.Client.OpoSqlValCtx*, System.Object, System.String, Boolean, Int32, Oracle.DataAccess.Client.OracleLogicalTransaction), Línea: 0] - ORA-00904: "ID_PALABRA": identificador no válido
ORA-06512: en "MIGI.PKG_MIGI_MANTENIMIENTO", línea 233
ORA-06512: en línea 1
9/04/2021 08:57:31: [Método: Void HandleError(Int32, Oracle.DataAccess.Client.OracleConnection, System.String, IntPtr, Oracle.DataAccess.Client.OpoSqlValCtx*, System.Object, Boolean, Oracle.DataAccess.Client.OracleLogicalTransaction), Línea: 0] - ORA-00904: "ID_PALABRA": identificador no válido
ORA-06512: en "MIGI.PKG_MIGI_MANTENIMIENTO", línea 233
ORA-06512: en línea 1
9/04/2021 08:57:31: [Método: Oracle.DataAccess.Client.OracleDataReader ExecuteReader(Boolean, Boolean, System.Data.CommandBehavior), Línea: 0] - ORA-00904: "ID_PALABRA": identificador no válido
ORA-06512: en "MIGI.PKG_MIGI_MANTENIMIENTO", línea 233
ORA-06512: en línea 1
9/04/2021 08:57:31: [Método: System.Data.Common.DbDataReader ExecuteDbDataReader(System.Data.CommandBehavior), Línea: 0] - ORA-00904: "ID_PALABRA": identificador no válido
ORA-06512: en "MIGI.PKG_MIGI_MANTENIMIENTO", línea 233
ORA-06512: en línea 1
9/04/2021 08:57:31: [Método: System.Data.IDataReader System.Data.IDbCommand.ExecuteReader(System.Data.CommandBehavior), Línea: 0] - ORA-00904: "ID_PALABRA": identificador no válido
ORA-06512: en "MIGI.PKG_MIGI_MANTENIMIENTO", línea 233
ORA-06512: en línea 1
9/04/2021 08:57:31: [Método: System.Data.IDataReader ExecuteReaderWithFlagsFallback(System.Data.IDbCommand, Boolean, System.Data.CommandBehavior), Línea: 0] - ORA-00904: "ID_PALABRA": identificador no válido
ORA-06512: en "MIGI.PKG_MIGI_MANTENIMIENTO", línea 233
ORA-06512: en línea 1
9/04/2021 08:57:31: [Método: Boolean MoveNext(), Línea: 0] - ORA-00904: "ID_PALABRA": identificador no válido
ORA-06512: en "MIGI.PKG_MIGI_MANTENIMIENTO", línea 233
ORA-06512: en línea 1
9/04/2021 08:57:31: [Método: Void .ctor(System.Collections.Generic.IEnumerable`1[T]), Línea: 0] - ORA-00904: "ID_PALABRA": identificador no válido
ORA-06512: en "MIGI.PKG_MIGI_MANTENIMIENTO", línea 233
ORA-06512: en línea 1
9/04/2021 08:57:31: [Método: System.Collections.Generic.List`1[TSource] ToList[TSource](System.Collections.Generic.IEnumerable`1[TSource]), Línea: 0] - ORA-00904: "ID_PALABRA": identificador no válido
ORA-06512: en "MIGI.PKG_MIGI_MANTENIMIENTO", línea 233
ORA-06512: en línea 1
9/04/2021 08:57:31: [Método: System.Collections.Generic.IEnumerable`1[T] Query[T](System.Data.IDbConnection, System.String, System.Object, System.Data.IDbTransaction, Boolean, System.Nullable`1[System.Int32], System.Nullable`1[System.Data.CommandType]), Línea: 0] - ORA-00904: "ID_PALABRA": identificador no válido
ORA-06512: en "MIGI.PKG_MIGI_MANTENIMIENTO", línea 233
ORA-06512: en línea 1
9/04/2021 08:57:31: [Método: System.Collections.Generic.List`1[MINEM.MIGI.Entidad.EquipoBE] BuscarEquipos(System.String, Int32, Int32, System.String, System.String, Oracle.DataAccess.Client.OracleConnection), Línea: 95] - ORA-00904: "ID_PALABRA": identificador no válido
ORA-06512: en "MIGI.PKG_MIGI_MANTENIMIENTO", línea 233
ORA-06512: en línea 1
9/04/2021 08:57:49: [Método: Void HandleErrorHelper(Int32, Oracle.DataAccess.Client.OracleConnection, IntPtr, Oracle.DataAccess.Client.OpoSqlValCtx*, System.Object, System.String, Boolean, Int32, Oracle.DataAccess.Client.OracleLogicalTransaction), Línea: 0] - ORA-00904: "ID_PALABRA": identificador no válido
ORA-06512: en "MIGI.PKG_MIGI_MANTENIMIENTO", línea 233
ORA-06512: en línea 1
9/04/2021 08:57:49: [Método: Void HandleError(Int32, Oracle.DataAccess.Client.OracleConnection, System.String, IntPtr, Oracle.DataAccess.Client.OpoSqlValCtx*, System.Object, Boolean, Oracle.DataAccess.Client.OracleLogicalTransaction), Línea: 0] - ORA-00904: "ID_PALABRA": identificador no válido
ORA-06512: en "MIGI.PKG_MIGI_MANTENIMIENTO", línea 233
ORA-06512: en línea 1
9/04/2021 08:57:49: [Método: Oracle.DataAccess.Client.OracleDataReader ExecuteReader(Boolean, Boolean, System.Data.CommandBehavior), Línea: 0] - ORA-00904: "ID_PALABRA": identificador no válido
ORA-06512: en "MIGI.PKG_MIGI_MANTENIMIENTO", línea 233
ORA-06512: en línea 1
9/04/2021 08:57:49: [Método: System.Data.Common.DbDataReader ExecuteDbDataReader(System.Data.CommandBehavior), Línea: 0] - ORA-00904: "ID_PALABRA": identificador no válido
ORA-06512: en "MIGI.PKG_MIGI_MANTENIMIENTO", línea 233
ORA-06512: en línea 1
9/04/2021 08:57:49: [Método: System.Data.IDataReader System.Data.IDbCommand.ExecuteReader(System.Data.CommandBehavior), Línea: 0] - ORA-00904: "ID_PALABRA": identificador no válido
ORA-06512: en "MIGI.PKG_MIGI_MANTENIMIENTO", línea 233
ORA-06512: en línea 1
9/04/2021 08:57:49: [Método: System.Data.IDataReader ExecuteReaderWithFlagsFallback(System.Data.IDbCommand, Boolean, System.Data.CommandBehavior), Línea: 0] - ORA-00904: "ID_PALABRA": identificador no válido
ORA-06512: en "MIGI.PKG_MIGI_MANTENIMIENTO", línea 233
ORA-06512: en línea 1
9/04/2021 08:57:49: [Método: Boolean MoveNext(), Línea: 0] - ORA-00904: "ID_PALABRA": identificador no válido
ORA-06512: en "MIGI.PKG_MIGI_MANTENIMIENTO", línea 233
ORA-06512: en línea 1
9/04/2021 08:57:49: [Método: Void .ctor(System.Collections.Generic.IEnumerable`1[T]), Línea: 0] - ORA-00904: "ID_PALABRA": identificador no válido
ORA-06512: en "MIGI.PKG_MIGI_MANTENIMIENTO", línea 233
ORA-06512: en línea 1
9/04/2021 08:57:49: [Método: System.Collections.Generic.List`1[TSource] ToList[TSource](System.Collections.Generic.IEnumerable`1[TSource]), Línea: 0] - ORA-00904: "ID_PALABRA": identificador no válido
ORA-06512: en "MIGI.PKG_MIGI_MANTENIMIENTO", línea 233
ORA-06512: en línea 1
9/04/2021 08:57:49: [Método: System.Collections.Generic.IEnumerable`1[T] Query[T](System.Data.IDbConnection, System.String, System.Object, System.Data.IDbTransaction, Boolean, System.Nullable`1[System.Int32], System.Nullable`1[System.Data.CommandType]), Línea: 0] - ORA-00904: "ID_PALABRA": identificador no válido
ORA-06512: en "MIGI.PKG_MIGI_MANTENIMIENTO", línea 233
ORA-06512: en línea 1
9/04/2021 08:57:49: [Método: System.Collections.Generic.List`1[MINEM.MIGI.Entidad.EquipoBE] BuscarEquipos(System.String, Int32, Int32, System.String, System.String, Oracle.DataAccess.Client.OracleConnection), Línea: 95] - ORA-00904: "ID_PALABRA": identificador no válido
ORA-06512: en "MIGI.PKG_MIGI_MANTENIMIENTO", línea 233
ORA-06512: en línea 1
9/04/2021 09:00:17: [Método: Void HandleErrorHelper(Int32, Oracle.DataAccess.Client.OracleConnection, IntPtr, Oracle.DataAccess.Client.OpoSqlValCtx*, System.Object, System.String, Boolean, Int32, Oracle.DataAccess.Client.OracleLogicalTransaction), Línea: 0] - ORA-00905: falta una palabra clave
ORA-06512: en "MIGI.PKG_MIGI_MANTENIMIENTO", línea 313
ORA-06512: en línea 1
9/04/2021 09:00:17: [Método: Void HandleError(Int32, Oracle.DataAccess.Client.OracleConnection, System.String, IntPtr, Oracle.DataAccess.Client.OpoSqlValCtx*, System.Object, Boolean, Oracle.DataAccess.Client.OracleLogicalTransaction), Línea: 0] - ORA-00905: falta una palabra clave
ORA-06512: en "MIGI.PKG_MIGI_MANTENIMIENTO", línea 313
ORA-06512: en línea 1
9/04/2021 09:00:17: [Método: Oracle.DataAccess.Client.OracleDataReader ExecuteReader(Boolean, Boolean, System.Data.CommandBehavior), Línea: 0] - ORA-00905: falta una palabra clave
ORA-06512: en "MIGI.PKG_MIGI_MANTENIMIENTO", línea 313
ORA-06512: en línea 1
9/04/2021 09:00:17: [Método: System.Data.Common.DbDataReader ExecuteDbDataReader(System.Data.CommandBehavior), Línea: 0] - ORA-00905: falta una palabra clave
ORA-06512: en "MIGI.PKG_MIGI_MANTENIMIENTO", línea 313
ORA-06512: en línea 1
9/04/2021 09:00:17: [Método: System.Data.IDataReader System.Data.IDbCommand.ExecuteReader(System.Data.CommandBehavior), Línea: 0] - ORA-00905: falta una palabra clave
ORA-06512: en "MIGI.PKG_MIGI_MANTENIMIENTO", línea 313
ORA-06512: en línea 1
9/04/2021 09:00:17: [Método: System.Data.IDataReader ExecuteReaderWithFlagsFallback(System.Data.IDbCommand, Boolean, System.Data.CommandBehavior), Línea: 0] - ORA-00905: falta una palabra clave
ORA-06512: en "MIGI.PKG_MIGI_MANTENIMIENTO", línea 313
ORA-06512: en línea 1
9/04/2021 09:00:17: [Método: Boolean MoveNext(), Línea: 0] - ORA-00905: falta una palabra clave
ORA-06512: en "MIGI.PKG_MIGI_MANTENIMIENTO", línea 313
ORA-06512: en línea 1
9/04/2021 09:00:17: [Método: Void .ctor(System.Collections.Generic.IEnumerable`1[T]), Línea: 0] - ORA-00905: falta una palabra clave
ORA-06512: en "MIGI.PKG_MIGI_MANTENIMIENTO", línea 313
ORA-06512: en línea 1
9/04/2021 09:00:17: [Método: System.Collections.Generic.List`1[TSource] ToList[TSource](System.Collections.Generic.IEnumerable`1[TSource]), Línea: 0] - ORA-00905: falta una palabra clave
ORA-06512: en "MIGI.PKG_MIGI_MANTENIMIENTO", línea 313
ORA-06512: en línea 1
9/04/2021 09:00:17: [Método: System.Collections.Generic.IEnumerable`1[T] Query[T](System.Data.IDbConnection, System.String, System.Object, System.Data.IDbTransaction, Boolean, System.Nullable`1[System.Int32], System.Nullable`1[System.Data.CommandType]), Línea: 0] - ORA-00905: falta una palabra clave
ORA-06512: en "MIGI.PKG_MIGI_MANTENIMIENTO", línea 313
ORA-06512: en línea 1
9/04/2021 09:00:17: [Método: System.Collections.Generic.List`1[MINEM.MIGI.Entidad.PalabraClaveBE] BuscarPalabrasClaves(System.String, Int32, Int32, System.String, System.String, Oracle.DataAccess.Client.OracleConnection), Línea: 96] - ORA-00905: falta una palabra clave
ORA-06512: en "MIGI.PKG_MIGI_MANTENIMIENTO", línea 313
ORA-06512: en línea 1
9/04/2021 09:03:52: [Método: Void HandleErrorHelper(Int32, Oracle.DataAccess.Client.OracleConnection, IntPtr, Oracle.DataAccess.Client.OpoSqlValCtx*, System.Object, System.String, Boolean, Int32, Oracle.DataAccess.Client.OracleLogicalTransaction), Línea: 0] - ORA-00905: falta una palabra clave
ORA-06512: en "MIGI.PKG_MIGI_MANTENIMIENTO", línea 313
ORA-06512: en línea 1
9/04/2021 09:03:52: [Método: Void HandleError(Int32, Oracle.DataAccess.Client.OracleConnection, System.String, IntPtr, Oracle.DataAccess.Client.OpoSqlValCtx*, System.Object, Boolean, Oracle.DataAccess.Client.OracleLogicalTransaction), Línea: 0] - ORA-00905: falta una palabra clave
ORA-06512: en "MIGI.PKG_MIGI_MANTENIMIENTO", línea 313
ORA-06512: en línea 1
9/04/2021 09:03:52: [Método: Oracle.DataAccess.Client.OracleDataReader ExecuteReader(Boolean, Boolean, System.Data.CommandBehavior), Línea: 0] - ORA-00905: falta una palabra clave
ORA-06512: en "MIGI.PKG_MIGI_MANTENIMIENTO", línea 313
ORA-06512: en línea 1
9/04/2021 09:03:52: [Método: System.Data.Common.DbDataReader ExecuteDbDataReader(System.Data.CommandBehavior), Línea: 0] - ORA-00905: falta una palabra clave
ORA-06512: en "MIGI.PKG_MIGI_MANTENIMIENTO", línea 313
ORA-06512: en línea 1
9/04/2021 09:03:52: [Método: System.Data.IDataReader System.Data.IDbCommand.ExecuteReader(System.Data.CommandBehavior), Línea: 0] - ORA-00905: falta una palabra clave
ORA-06512: en "MIGI.PKG_MIGI_MANTENIMIENTO", línea 313
ORA-06512: en línea 1
9/04/2021 09:03:52: [Método: System.Data.IDataReader ExecuteReaderWithFlagsFallback(System.Data.IDbCommand, Boolean, System.Data.CommandBehavior), Línea: 0] - ORA-00905: falta una palabra clave
ORA-06512: en "MIGI.PKG_MIGI_MANTENIMIENTO", línea 313
ORA-06512: en línea 1
9/04/2021 09:03:52: [Método: Boolean MoveNext(), Línea: 0] - ORA-00905: falta una palabra clave
ORA-06512: en "MIGI.PKG_MIGI_MANTENIMIENTO", línea 313
ORA-06512: en línea 1
9/04/2021 09:03:52: [Método: Void .ctor(System.Collections.Generic.IEnumerable`1[T]), Línea: 0] - ORA-00905: falta una palabra clave
ORA-06512: en "MIGI.PKG_MIGI_MANTENIMIENTO", línea 313
ORA-06512: en línea 1
9/04/2021 09:03:52: [Método: System.Collections.Generic.List`1[TSource] ToList[TSource](System.Collections.Generic.IEnumerable`1[TSource]), Línea: 0] - ORA-00905: falta una palabra clave
ORA-06512: en "MIGI.PKG_MIGI_MANTENIMIENTO", línea 313
ORA-06512: en línea 1
9/04/2021 09:03:52: [Método: System.Collections.Generic.IEnumerable`1[T] Query[T](System.Data.IDbConnection, System.String, System.Object, System.Data.IDbTransaction, Boolean, System.Nullable`1[System.Int32], System.Nullable`1[System.Data.CommandType]), Línea: 0] - ORA-00905: falta una palabra clave
ORA-06512: en "MIGI.PKG_MIGI_MANTENIMIENTO", línea 313
ORA-06512: en línea 1
9/04/2021 09:03:52: [Método: System.Collections.Generic.List`1[MINEM.MIGI.Entidad.PalabraClaveBE] BuscarPalabrasClaves(System.String, Int32, Int32, System.String, System.String, Oracle.DataAccess.Client.OracleConnection), Línea: 96] - ORA-00905: falta una palabra clave
ORA-06512: en "MIGI.PKG_MIGI_MANTENIMIENTO", línea 313
ORA-06512: en línea 1
9/04/2021 09:04:33: [Método: Void HandleErrorHelper(Int32, Oracle.DataAccess.Client.OracleConnection, IntPtr, Oracle.DataAccess.Client.OpoSqlValCtx*, System.Object, System.String, Boolean, Int32, Oracle.DataAccess.Client.OracleLogicalTransaction), Línea: 0] - ORA-00904: "E"."QUIPO": identificador no válido
ORA-06512: en "MIGI.PKG_MIGI_MANTENIMIENTO", línea 313
ORA-06512: en línea 1
9/04/2021 09:04:33: [Método: Void HandleError(Int32, Oracle.DataAccess.Client.OracleConnection, System.String, IntPtr, Oracle.DataAccess.Client.OpoSqlValCtx*, System.Object, Boolean, Oracle.DataAccess.Client.OracleLogicalTransaction), Línea: 0] - ORA-00904: "E"."QUIPO": identificador no válido
ORA-06512: en "MIGI.PKG_MIGI_MANTENIMIENTO", línea 313
ORA-06512: en línea 1
9/04/2021 09:04:33: [Método: Oracle.DataAccess.Client.OracleDataReader ExecuteReader(Boolean, Boolean, System.Data.CommandBehavior), Línea: 0] - ORA-00904: "E"."QUIPO": identificador no válido
ORA-06512: en "MIGI.PKG_MIGI_MANTENIMIENTO", línea 313
ORA-06512: en línea 1
9/04/2021 09:04:33: [Método: System.Data.Common.DbDataReader ExecuteDbDataReader(System.Data.CommandBehavior), Línea: 0] - ORA-00904: "E"."QUIPO": identificador no válido
ORA-06512: en "MIGI.PKG_MIGI_MANTENIMIENTO", línea 313
ORA-06512: en línea 1
9/04/2021 09:04:33: [Método: System.Data.IDataReader System.Data.IDbCommand.ExecuteReader(System.Data.CommandBehavior), Línea: 0] - ORA-00904: "E"."QUIPO": identificador no válido
ORA-06512: en "MIGI.PKG_MIGI_MANTENIMIENTO", línea 313
ORA-06512: en línea 1
9/04/2021 09:04:33: [Método: System.Data.IDataReader ExecuteReaderWithFlagsFallback(System.Data.IDbCommand, Boolean, System.Data.CommandBehavior), Línea: 0] - ORA-00904: "E"."QUIPO": identificador no válido
ORA-06512: en "MIGI.PKG_MIGI_MANTENIMIENTO", línea 313
ORA-06512: en línea 1
9/04/2021 09:04:33: [Método: Boolean MoveNext(), Línea: 0] - ORA-00904: "E"."QUIPO": identificador no válido
ORA-06512: en "MIGI.PKG_MIGI_MANTENIMIENTO", línea 313
ORA-06512: en línea 1
9/04/2021 09:04:33: [Método: Void .ctor(System.Collections.Generic.IEnumerable`1[T]), Línea: 0] - ORA-00904: "E"."QUIPO": identificador no válido
ORA-06512: en "MIGI.PKG_MIGI_MANTENIMIENTO", línea 313
ORA-06512: en línea 1
9/04/2021 09:04:33: [Método: System.Collections.Generic.List`1[TSource] ToList[TSource](System.Collections.Generic.IEnumerable`1[TSource]), Línea: 0] - ORA-00904: "E"."QUIPO": identificador no válido
ORA-06512: en "MIGI.PKG_MIGI_MANTENIMIENTO", línea 313
ORA-06512: en línea 1
9/04/2021 09:04:33: [Método: System.Collections.Generic.IEnumerable`1[T] Query[T](System.Data.IDbConnection, System.String, System.Object, System.Data.IDbTransaction, Boolean, System.Nullable`1[System.Int32], System.Nullable`1[System.Data.CommandType]), Línea: 0] - ORA-00904: "E"."QUIPO": identificador no válido
ORA-06512: en "MIGI.PKG_MIGI_MANTENIMIENTO", línea 313
ORA-06512: en línea 1
9/04/2021 09:04:33: [Método: System.Collections.Generic.List`1[MINEM.MIGI.Entidad.PalabraClaveBE] BuscarPalabrasClaves(System.String, Int32, Int32, System.String, System.String, Oracle.DataAccess.Client.OracleConnection), Línea: 96] - ORA-00904: "E"."QUIPO": identificador no válido
ORA-06512: en "MIGI.PKG_MIGI_MANTENIMIENTO", línea 313
ORA-06512: en línea 1
9/04/2021 11:55:15: [Método: Void HandleErrorHelper(Int32, Oracle.DataAccess.Client.OracleConnection, IntPtr, Oracle.DataAccess.Client.OpoSqlValCtx*, System.Object, System.String, Boolean, Int32, Oracle.DataAccess.Client.OracleLogicalTransaction), Línea: 0] - ORA-06550: línea 1, columna 7:
PLS-00306: número o tipos de argumentos erróneos al llamar a 'USP_PRC_GUARDAR_EXCEL'
ORA-06550: línea 1, columna 7:
PL/SQL: Statement ignored
9/04/2021 11:55:15: [Método: Void HandleError(Int32, Oracle.DataAccess.Client.OracleConnection, System.String, IntPtr, Oracle.DataAccess.Client.OpoSqlValCtx*, System.Object, Boolean, Oracle.DataAccess.Client.OracleLogicalTransaction), Línea: 0] - ORA-06550: línea 1, columna 7:
PLS-00306: número o tipos de argumentos erróneos al llamar a 'USP_PRC_GUARDAR_EXCEL'
ORA-06550: línea 1, columna 7:
PL/SQL: Statement ignored
9/04/2021 11:55:15: [Método: Int32 ExecuteNonQuery(), Línea: 0] - ORA-06550: línea 1, columna 7:
PLS-00306: número o tipos de argumentos erróneos al llamar a 'USP_PRC_GUARDAR_EXCEL'
ORA-06550: línea 1, columna 7:
PL/SQL: Statement ignored
9/04/2021 11:55:15: [Método: Int32 ExecuteCommand(System.Data.IDbConnection, Dapper.CommandDefinition ByRef, System.Action`2[System.Data.IDbCommand,System.Object]), Línea: 0] - ORA-06550: línea 1, columna 7:
PLS-00306: número o tipos de argumentos erróneos al llamar a 'USP_PRC_GUARDAR_EXCEL'
ORA-06550: línea 1, columna 7:
PL/SQL: Statement ignored
9/04/2021 11:55:15: [Método: Int32 ExecuteImpl(System.Data.IDbConnection, Dapper.CommandDefinition ByRef), Línea: 0] - ORA-06550: línea 1, columna 7:
PLS-00306: número o tipos de argumentos erróneos al llamar a 'USP_PRC_GUARDAR_EXCEL'
ORA-06550: línea 1, columna 7:
PL/SQL: Statement ignored
9/04/2021 11:55:15: [Método: Int32 Execute(System.Data.IDbConnection, System.String, System.Object, System.Data.IDbTransaction, System.Nullable`1[System.Int32], System.Nullable`1[System.Data.CommandType]), Línea: 0] - ORA-06550: línea 1, columna 7:
PLS-00306: número o tipos de argumentos erróneos al llamar a 'USP_PRC_GUARDAR_EXCEL'
ORA-06550: línea 1, columna 7:
PL/SQL: Statement ignored
9/04/2021 11:55:15: [Método: Boolean GuardarDatosArchivo(MINEM.MIGI.Entidad.ExcelBE, Oracle.DataAccess.Client.OracleConnection), Línea: 76] - ORA-06550: línea 1, columna 7:
PLS-00306: número o tipos de argumentos erróneos al llamar a 'USP_PRC_GUARDAR_EXCEL'
ORA-06550: línea 1, columna 7:
PL/SQL: Statement ignored
9/04/2021 11:57:00: [Método: Void HandleErrorHelper(Int32, Oracle.DataAccess.Client.OracleConnection, IntPtr, Oracle.DataAccess.Client.OpoSqlValCtx*, System.Object, System.String, Boolean, Int32, Oracle.DataAccess.Client.OracleLogicalTransaction), Línea: 0] - ORA-06550: línea 1, columna 7:
PLS-00306: número o tipos de argumentos erróneos al llamar a 'USP_PRC_GUARDAR_EXCEL'
ORA-06550: línea 1, columna 7:
PL/SQL: Statement ignored
9/04/2021 11:57:00: [Método: Void HandleError(Int32, Oracle.DataAccess.Client.OracleConnection, System.String, IntPtr, Oracle.DataAccess.Client.OpoSqlValCtx*, System.Object, Boolean, Oracle.DataAccess.Client.OracleLogicalTransaction), Línea: 0] - ORA-06550: línea 1, columna 7:
PLS-00306: número o tipos de argumentos erróneos al llamar a 'USP_PRC_GUARDAR_EXCEL'
ORA-06550: línea 1, columna 7:
PL/SQL: Statement ignored
9/04/2021 11:57:00: [Método: Int32 ExecuteNonQuery(), Línea: 0] - ORA-06550: línea 1, columna 7:
PLS-00306: número o tipos de argumentos erróneos al llamar a 'USP_PRC_GUARDAR_EXCEL'
ORA-06550: línea 1, columna 7:
PL/SQL: Statement ignored
9/04/2021 11:57:00: [Método: Int32 ExecuteCommand(System.Data.IDbConnection, Dapper.CommandDefinition ByRef, System.Action`2[System.Data.IDbCommand,System.Object]), Línea: 0] - ORA-06550: línea 1, columna 7:
PLS-00306: número o tipos de argumentos erróneos al llamar a 'USP_PRC_GUARDAR_EXCEL'
ORA-06550: línea 1, columna 7:
PL/SQL: Statement ignored
9/04/2021 11:57:00: [Método: Int32 ExecuteImpl(System.Data.IDbConnection, Dapper.CommandDefinition ByRef), Línea: 0] - ORA-06550: línea 1, columna 7:
PLS-00306: número o tipos de argumentos erróneos al llamar a 'USP_PRC_GUARDAR_EXCEL'
ORA-06550: línea 1, columna 7:
PL/SQL: Statement ignored
9/04/2021 11:57:00: [Método: Int32 Execute(System.Data.IDbConnection, System.String, System.Object, System.Data.IDbTransaction, System.Nullable`1[System.Int32], System.Nullable`1[System.Data.CommandType]), Línea: 0] - ORA-06550: línea 1, columna 7:
PLS-00306: número o tipos de argumentos erróneos al llamar a 'USP_PRC_GUARDAR_EXCEL'
ORA-06550: línea 1, columna 7:
PL/SQL: Statement ignored
9/04/2021 11:57:00: [Método: Boolean GuardarDatosArchivo(MINEM.MIGI.Entidad.ExcelBE, Oracle.DataAccess.Client.OracleConnection), Línea: 0] - ORA-06550: línea 1, columna 7:
PLS-00306: número o tipos de argumentos erróneos al llamar a 'USP_PRC_GUARDAR_EXCEL'
ORA-06550: línea 1, columna 7:
PL/SQL: Statement ignored
9/04/2021 12:53:10: [Método: Void HandleErrorHelper(Int32, Oracle.DataAccess.Client.OracleConnection, IntPtr, Oracle.DataAccess.Client.OpoSqlValCtx*, System.Object, System.String, Boolean, Int32, Oracle.DataAccess.Client.OracleLogicalTransaction), Línea: 0] - ORA-06550: línea 1, columna 35:
PLS-00302: el componente 'USP_SEL_LISTA_EXCEL' se debe declarar
ORA-06550: línea 1, columna 7:
PL/SQL: Statement ignored
9/04/2021 12:53:10: [Método: Void HandleError(Int32, Oracle.DataAccess.Client.OracleConnection, System.String, IntPtr, Oracle.DataAccess.Client.OpoSqlValCtx*, System.Object, Boolean, Oracle.DataAccess.Client.OracleLogicalTransaction), Línea: 0] - ORA-06550: línea 1, columna 35:
PLS-00302: el componente 'USP_SEL_LISTA_EXCEL' se debe declarar
ORA-06550: línea 1, columna 7:
PL/SQL: Statement ignored
9/04/2021 12:53:10: [Método: Oracle.DataAccess.Client.OracleDataReader ExecuteReader(Boolean, Boolean, System.Data.CommandBehavior), Línea: 0] - ORA-06550: línea 1, columna 35:
PLS-00302: el componente 'USP_SEL_LISTA_EXCEL' se debe declarar
ORA-06550: línea 1, columna 7:
PL/SQL: Statement ignored
9/04/2021 12:53:10: [Método: System.Data.Common.DbDataReader ExecuteDbDataReader(System.Data.CommandBehavior), Línea: 0] - ORA-06550: línea 1, columna 35:
PLS-00302: el componente 'USP_SEL_LISTA_EXCEL' se debe declarar
ORA-06550: línea 1, columna 7:
PL/SQL: Statement ignored
9/04/2021 12:53:10: [Método: System.Data.IDataReader System.Data.IDbCommand.ExecuteReader(System.Data.CommandBehavior), Línea: 0] - ORA-06550: línea 1, columna 35:
PLS-00302: el componente 'USP_SEL_LISTA_EXCEL' se debe declarar
ORA-06550: línea 1, columna 7:
PL/SQL: Statement ignored
9/04/2021 12:53:10: [Método: System.Data.IDataReader ExecuteReaderWithFlagsFallback(System.Data.IDbCommand, Boolean, System.Data.CommandBehavior), Línea: 0] - ORA-06550: línea 1, columna 35:
PLS-00302: el componente 'USP_SEL_LISTA_EXCEL' se debe declarar
ORA-06550: línea 1, columna 7:
PL/SQL: Statement ignored
9/04/2021 12:53:10: [Método: Boolean MoveNext(), Línea: 0] - ORA-06550: línea 1, columna 35:
PLS-00302: el componente 'USP_SEL_LISTA_EXCEL' se debe declarar
ORA-06550: línea 1, columna 7:
PL/SQL: Statement ignored
9/04/2021 12:53:10: [Método: Void .ctor(System.Collections.Generic.IEnumerable`1[T]), Línea: 0] - ORA-06550: línea 1, columna 35:
PLS-00302: el componente 'USP_SEL_LISTA_EXCEL' se debe declarar
ORA-06550: línea 1, columna 7:
PL/SQL: Statement ignored
9/04/2021 12:53:10: [Método: System.Collections.Generic.List`1[TSource] ToList[TSource](System.Collections.Generic.IEnumerable`1[TSource]), Línea: 0] - ORA-06550: línea 1, columna 35:
PLS-00302: el componente 'USP_SEL_LISTA_EXCEL' se debe declarar
ORA-06550: línea 1, columna 7:
PL/SQL: Statement ignored
9/04/2021 12:53:10: [Método: System.Collections.Generic.IEnumerable`1[T] Query[T](System.Data.IDbConnection, System.String, System.Object, System.Data.IDbTransaction, Boolean, System.Nullable`1[System.Int32], System.Nullable`1[System.Data.CommandType]), Línea: 0] - ORA-06550: línea 1, columna 35:
PLS-00302: el componente 'USP_SEL_LISTA_EXCEL' se debe declarar
ORA-06550: línea 1, columna 7:
PL/SQL: Statement ignored
9/04/2021 12:53:10: [Método: System.Collections.Generic.List`1[MINEM.MIGI.Entidad.ExcelBE] ListarExcels(Oracle.DataAccess.Client.OracleConnection), Línea: 94] - ORA-06550: línea 1, columna 35:
PLS-00302: el componente 'USP_SEL_LISTA_EXCEL' se debe declarar
ORA-06550: línea 1, columna 7:
PL/SQL: Statement ignored
9/04/2021 12:53:40: [Método: Void HandleErrorHelper(Int32, Oracle.DataAccess.Client.OracleConnection, IntPtr, Oracle.DataAccess.Client.OpoSqlValCtx*, System.Object, System.String, Boolean, Int32, Oracle.DataAccess.Client.OracleLogicalTransaction), Línea: 0] - ORA-06550: línea 1, columna 35:
PLS-00302: el componente 'USP_SEL_LISTA_EXCEL' se debe declarar
ORA-06550: línea 1, columna 7:
PL/SQL: Statement ignored
9/04/2021 12:53:40: [Método: Void HandleError(Int32, Oracle.DataAccess.Client.OracleConnection, System.String, IntPtr, Oracle.DataAccess.Client.OpoSqlValCtx*, System.Object, Boolean, Oracle.DataAccess.Client.OracleLogicalTransaction), Línea: 0] - ORA-06550: línea 1, columna 35:
PLS-00302: el componente 'USP_SEL_LISTA_EXCEL' se debe declarar
ORA-06550: línea 1, columna 7:
PL/SQL: Statement ignored
9/04/2021 12:53:40: [Método: Oracle.DataAccess.Client.OracleDataReader ExecuteReader(Boolean, Boolean, System.Data.CommandBehavior), Línea: 0] - ORA-06550: línea 1, columna 35:
PLS-00302: el componente 'USP_SEL_LISTA_EXCEL' se debe declarar
ORA-06550: línea 1, columna 7:
PL/SQL: Statement ignored
9/04/2021 12:53:40: [Método: System.Data.Common.DbDataReader ExecuteDbDataReader(System.Data.CommandBehavior), Línea: 0] - ORA-06550: línea 1, columna 35:
PLS-00302: el componente 'USP_SEL_LISTA_EXCEL' se debe declarar
ORA-06550: línea 1, columna 7:
PL/SQL: Statement ignored
9/04/2021 12:53:40: [Método: System.Data.IDataReader System.Data.IDbCommand.ExecuteReader(System.Data.CommandBehavior), Línea: 0] - ORA-06550: línea 1, columna 35:
PLS-00302: el componente 'USP_SEL_LISTA_EXCEL' se debe declarar
ORA-06550: línea 1, columna 7:
PL/SQL: Statement ignored
9/04/2021 12:53:40: [Método: System.Data.IDataReader ExecuteReaderWithFlagsFallback(System.Data.IDbCommand, Boolean, System.Data.CommandBehavior), Línea: 0] - ORA-06550: línea 1, columna 35:
PLS-00302: el componente 'USP_SEL_LISTA_EXCEL' se debe declarar
ORA-06550: línea 1, columna 7:
PL/SQL: Statement ignored
9/04/2021 12:53:40: [Método: Boolean MoveNext(), Línea: 0] - ORA-06550: línea 1, columna 35:
PLS-00302: el componente 'USP_SEL_LISTA_EXCEL' se debe declarar
ORA-06550: línea 1, columna 7:
PL/SQL: Statement ignored
9/04/2021 12:53:40: [Método: Void .ctor(System.Collections.Generic.IEnumerable`1[T]), Línea: 0] - ORA-06550: línea 1, columna 35:
PLS-00302: el componente 'USP_SEL_LISTA_EXCEL' se debe declarar
ORA-06550: línea 1, columna 7:
PL/SQL: Statement ignored
9/04/2021 12:53:40: [Método: System.Collections.Generic.List`1[TSource] ToList[TSource](System.Collections.Generic.IEnumerable`1[TSource]), Línea: 0] - ORA-06550: línea 1, columna 35:
PLS-00302: el componente 'USP_SEL_LISTA_EXCEL' se debe declarar
ORA-06550: línea 1, columna 7:
PL/SQL: Statement ignored
9/04/2021 12:53:40: [Método: System.Collections.Generic.IEnumerable`1[T] Query[T](System.Data.IDbConnection, System.String, System.Object, System.Data.IDbTransaction, Boolean, System.Nullable`1[System.Int32], System.Nullable`1[System.Data.CommandType]), Línea: 0] - ORA-06550: línea 1, columna 35:
PLS-00302: el componente 'USP_SEL_LISTA_EXCEL' se debe declarar
ORA-06550: línea 1, columna 7:
PL/SQL: Statement ignored
9/04/2021 12:53:40: [Método: System.Collections.Generic.List`1[MINEM.MIGI.Entidad.ExcelBE] ListarExcels(Oracle.DataAccess.Client.OracleConnection), Línea: 94] - ORA-06550: línea 1, columna 35:
PLS-00302: el componente 'USP_SEL_LISTA_EXCEL' se debe declarar
ORA-06550: línea 1, columna 7:
PL/SQL: Statement ignored
9/04/2021 15:54:49: [Método: Void HandleErrorHelper(Int32, Oracle.DataAccess.Client.OracleConnection, IntPtr, Oracle.DataAccess.Client.OpoSqlValCtx*, System.Object, System.String, Boolean, Int32, Oracle.DataAccess.Client.OracleLogicalTransaction), Línea: 0] - ORA-00937: la función de grupo no es de grupo único
ORA-06512: en "MIGI.PKG_MIGI_FILTRO", línea 21
ORA-06512: en línea 1
9/04/2021 15:54:49: [Método: Void HandleError(Int32, Oracle.DataAccess.Client.OracleConnection, System.String, IntPtr, Oracle.DataAccess.Client.OpoSqlValCtx*, System.Object, Boolean, Oracle.DataAccess.Client.OracleLogicalTransaction), Línea: 0] - ORA-00937: la función de grupo no es de grupo único
ORA-06512: en "MIGI.PKG_MIGI_FILTRO", línea 21
ORA-06512: en línea 1
9/04/2021 15:54:49: [Método: Oracle.DataAccess.Client.OracleDataReader ExecuteReader(Boolean, Boolean, System.Data.CommandBehavior), Línea: 0] - ORA-00937: la función de grupo no es de grupo único
ORA-06512: en "MIGI.PKG_MIGI_FILTRO", línea 21
ORA-06512: en línea 1
9/04/2021 15:54:49: [Método: System.Data.Common.DbDataReader ExecuteDbDataReader(System.Data.CommandBehavior), Línea: 0] - ORA-00937: la función de grupo no es de grupo único
ORA-06512: en "MIGI.PKG_MIGI_FILTRO", línea 21
ORA-06512: en línea 1
9/04/2021 15:54:49: [Método: System.Data.IDataReader System.Data.IDbCommand.ExecuteReader(System.Data.CommandBehavior), Línea: 0] - ORA-00937: la función de grupo no es de grupo único
ORA-06512: en "MIGI.PKG_MIGI_FILTRO", línea 21
ORA-06512: en línea 1
9/04/2021 15:54:49: [Método: System.Data.IDataReader ExecuteReaderWithFlagsFallback(System.Data.IDbCommand, Boolean, System.Data.CommandBehavior), Línea: 0] - ORA-00937: la función de grupo no es de grupo único
ORA-06512: en "MIGI.PKG_MIGI_FILTRO", línea 21
ORA-06512: en línea 1
9/04/2021 15:54:49: [Método: Boolean MoveNext(), Línea: 0] - ORA-00937: la función de grupo no es de grupo único
ORA-06512: en "MIGI.PKG_MIGI_FILTRO", línea 21
ORA-06512: en línea 1
9/04/2021 15:54:49: [Método: Void .ctor(System.Collections.Generic.IEnumerable`1[T]), Línea: 0] - ORA-00937: la función de grupo no es de grupo único
ORA-06512: en "MIGI.PKG_MIGI_FILTRO", línea 21
ORA-06512: en línea 1
9/04/2021 15:54:49: [Método: System.Collections.Generic.List`1[TSource] ToList[TSource](System.Collections.Generic.IEnumerable`1[TSource]), Línea: 0] - ORA-00937: la función de grupo no es de grupo único
ORA-06512: en "MIGI.PKG_MIGI_FILTRO", línea 21
ORA-06512: en línea 1
9/04/2021 15:54:49: [Método: System.Collections.Generic.IEnumerable`1[T] Query[T](System.Data.IDbConnection, System.String, System.Object, System.Data.IDbTransaction, Boolean, System.Nullable`1[System.Int32], System.Nullable`1[System.Data.CommandType]), Línea: 0] - ORA-00937: la función de grupo no es de grupo único
ORA-06512: en "MIGI.PKG_MIGI_FILTRO", línea 21
ORA-06512: en línea 1
9/04/2021 15:54:49: [Método: MINEM.MIGI.Entidad.GraficoBE FiltrarGraficoN1(System.String, Oracle.DataAccess.Client.OracleConnection), Línea: 47] - ORA-00937: la función de grupo no es de grupo único
ORA-06512: en "MIGI.PKG_MIGI_FILTRO", línea 21
ORA-06512: en línea 1
